I tensorflow/stream_executor/dso_loader.cc:108] successfully opened CUDA library libcublas.so locally
I tensorflow/stream_executor/dso_loader.cc:108] successfully opened CUDA library libcudnn.so locally
I tensorflow/stream_executor/dso_loader.cc:108] successfully opened CUDA library libcufft.so locally
I tensorflow/stream_executor/dso_loader.cc:108] successfully opened CUDA library libcuda.so locally
I tensorflow/stream_executor/dso_loader.cc:108] successfully opened CUDA library libcurand.so locally
I tensorflow/stream_executor/cuda/cuda_gpu_executor.cc:924] successful NUMA node read from SysFS had negative value (-1), but there must be at least one NUMA node, so returning NUMA node zero
I tensorflow/core/common_runtime/gpu/gpu_init.cc:102] Found device 0 with properties: 
name: GeForce GTX 660
major: 3 minor: 0 memoryClockRate (GHz) 1.0975
pciBusID 0000:01:00.0
Total memory: 2.00GiB
Free memory: 1.63GiB
I tensorflow/core/common_runtime/gpu/gpu_init.cc:126] DMA: 0 
I tensorflow/core/common_runtime/gpu/gpu_init.cc:136] 0:   Y 
I tensorflow/core/common_runtime/gpu/gpu_device.cc:806] Creating TensorFlow device (/gpu:0) -> (device: 0, name: GeForce GTX 660, pci bus id: 0000:01:00.0)
400
247.071933046
185.135991812
171.574620605
169.67552489
169.395832717
169.338845909
169.320015073
169.309970051
169.302583307
169.296233118
169.290422767
169.284971386
169.279816866
169.27491498
169.270230323
169.265739053
169.261403471
169.257192582
169.253095597
169.24906829
169.245088995
169.241135627
169.237185121
169.233212292
169.229197443
169.2251167
169.22095263
169.216682643
169.212287247
169.207747936
169.203043729
169.198152989
169.193059444
169.187741041
169.182170451
169.176337183
169.170217395
169.163783789
169.157023728
169.149913371
169.142426819
169.13455373
169.126268446
169.117551208
169.108384132
169.098745078
169.088626832
169.077999651
169.066859543
169.055184573
169.042967796
169.030197591
169.016863048
169.0029549
168.988461256
168.973386824
168.957721323
168.941459
168.924605936
168.907155216
168.889109403
168.870467424
168.851240277
168.831420988
168.81102097
168.790044814
168.768496603
168.746386349
168.723718435
168.700504303
168.676754951
168.652476937
168.627677441
168.602377951
168.576580882
168.550305843
168.523560941
168.49636063
168.468722075
168.44065398
168.412171781
168.383293927
168.354032218
168.324395716
168.294401348
168.26405865
168.233374625
168.202353626
168.171003878
168.13932234
168.107302874
168.074936926
168.042208672
168.009097308
167.975565225
167.941581935
167.907102615
167.872062445
167.836401522
167.800042599
167.762887329
167.724842697
167.685780406
167.645566761
167.604051232
167.561055422
167.516385317
167.469810009
167.421073467
167.369885266
167.315902263
167.258743078
167.197964758
167.13304612
167.063393205
166.98830384
166.906962544
166.818413526
166.721519798
166.614943475
166.49708873
166.366081387
166.219671398
166.055217206
165.86959061
165.659123003
165.419592083
165.14620018
164.833664209
164.4764314
164.069044113
163.606754631
163.086350828
162.50715363
161.871970594
161.187731177
160.465521306
159.719758481
158.966704011
158.222612321
157.502049774
156.816660419
156.17466931
155.58096315
155.037521765
154.544086814
154.09877003
153.698680885
153.340354547
153.020066023
152.734093189
152.478865236
152.251034386
152.047516286
151.865524635
151.702564441
151.556413651
151.425102077
151.30689352
151.200256325
151.103848889
151.016498409
150.937165901
150.864946295
150.799052987
150.738790698
150.683546688
150.632785462
150.586032338
150.542881299
150.502960417
150.465949144
150.431561518
150.399545547
150.369677655
150.341759101
150.315608524
150.291069239
150.268004242
150.246281657
150.225785907
150.206419408
150.188087467
150.170709178
150.154208694
150.13851732
150.123577278
150.109328698
150.095722444
150.082712594
150.070258923
150.058324888
150.04686797
150.035862852
150.025279354
150.015090186
150.005271297
149.995797772
149.98665088
149.977813546
149.969266448
149.960989948
149.952974714
149.945206612
149.937667076
149.930348903
149.923241161
149.916327626
149.909608521
149.903064679
149.896692887
149.890485268
149.884433778
149.878529387
149.872769227
149.867143886
149.861648353
149.856279405
149.851029865
149.845895948
149.840873279
149.835953888
149.831139971
149.826424057
149.821804347
149.817271324
149.812828338
149.808473326
149.804197559
149.800001185
149.795881227
149.791837806
149.787863189
149.783959189
149.780121762
149.77635036
149.772636771
149.768990288
149.765401112
149.761869606
149.758392764
149.754966684
149.751597589
149.748279126
149.745009022
149.741787648
149.738614934
149.735487111
149.732403129
149.729363682
149.726362113
149.723405248
149.720488425
149.717609327
149.714770822
149.711971153
149.709202629
149.706471479
149.703774871
149.701108895
149.698479131
149.69588165
149.693315664
149.690781269
149.688278642
149.685800159
149.683355533
149.680934085
149.678542323
149.676176686
149.673838861
149.6715282
149.669240288
149.666979192
149.664741833
149.662530938
149.660337631
149.65817342
149.656026447
149.653906595
149.651804762
149.649727391
149.647668162
149.64563038
149.643612441
149.641610416
149.639632488
149.637673428
149.635733547
149.63380955
149.631906662
149.630019402
149.628150245
149.626296956
149.624461869
149.622645786
149.62084117
149.619056251
149.617284244
149.615530618
149.613792142
149.612066098
149.610357102
149.608662164
149.606982606
149.60531548
149.603662819
149.602022558
149.600398518
149.598785065
149.597185461
149.595600747
149.594028881
149.592472397
149.590925479
149.589386774
149.587863477
149.586350955
149.584850403
149.583363909
149.5818896
149.580421437
149.578964494
149.577522848
149.57608971
149.574668577
149.573258203
149.571856974
149.570468763
149.569092335
149.567720013
149.566357477
149.565004535
149.563664092
149.562333068
149.561012266
149.559704293
149.558399277
149.557102725
149.555813793
149.554540426
149.553275174
149.552018568
149.550768401
149.549527619
149.548292965
149.547068944
149.545852419
149.544641752
149.543444479
149.542251281
149.541064257
149.539889164
149.538717391
149.537556952
149.536403252
149.535254505
149.534118591
149.532986881
149.531862218
149.53074366
149.52963632
149.528531261
149.527434373
149.526344048
149.525260506
149.524186987
149.523115639
149.522053165
149.520995665
149.519948803
149.518905636
149.517867032
149.516833626
149.515809072
149.514790963
149.5137777
149.512774603
149.51177474
149.510780311
149.5097909
149.508808826
149.507831273
149.506859321
149.505892008
149.504930505
149.503976842
149.503030046
149.502083597
149.501145618
149.50021292
149.499286626
149.498366367
149.497448253
149.496534803
149.495629832
149.494727728
149.493830793
149.492939048
149.492050468
I tensorflow/stream_executor/dso_loader.cc:108] successfully opened CUDA library libcublas.so locally
I tensorflow/stream_executor/dso_loader.cc:108] successfully opened CUDA library libcudnn.so locally
I tensorflow/stream_executor/dso_loader.cc:108] successfully opened CUDA library libcufft.so locally
I tensorflow/stream_executor/dso_loader.cc:108] successfully opened CUDA library libcuda.so locally
I tensorflow/stream_executor/dso_loader.cc:108] successfully opened CUDA library libcurand.so locally
I tensorflow/stream_executor/dso_loader.cc:108] successfully opened CUDA library libcublas.so locally
I tensorflow/stream_executor/dso_loader.cc:108] successfully opened CUDA library libcudnn.so locally
I tensorflow/stream_executor/dso_loader.cc:108] successfully opened CUDA library libcufft.so locally
I tensorflow/stream_executor/dso_loader.cc:108] successfully opened CUDA library libcuda.so locally
I tensorflow/stream_executor/dso_loader.cc:108] successfully opened CUDA library libcurand.so locally
I tensorflow/stream_executor/cuda/cuda_gpu_executor.cc:924] successful NUMA node read from SysFS had negative value (-1), but there must be at least one NUMA node, so returning NUMA node zero
I tensorflow/core/common_runtime/gpu/gpu_init.cc:102] Found device 0 with properties: 
name: GeForce GTX 660
major: 3 minor: 0 memoryClockRate (GHz) 1.0975
pciBusID 0000:01:00.0
Total memory: 2.00GiB
Free memory: 1.63GiB
I tensorflow/core/common_runtime/gpu/gpu_init.cc:126] DMA: 0 
I tensorflow/core/common_runtime/gpu/gpu_init.cc:136] 0:   Y 
I tensorflow/core/common_runtime/gpu/gpu_device.cc:806] Creating TensorFlow device (/gpu:0) -> (device: 0, name: GeForce GTX 660, pci bus id: 0000:01:00.0)
400
195.232278019
173.683257759
171.452843934
170.950112909
170.691934168
170.500389397
170.342638463
170.208213001
170.091766059
169.989857435
169.899928808
169.819822043
169.747610182
169.681690127
169.620718658
169.563523591
169.509005755
169.456198335
169.40453434
169.353916973
169.304561317
169.256759733
169.210782439
169.166807622
169.124919713
169.085118145
169.047338396
169.011468649
168.977361619
168.944869369
168.913819551
168.884042174
168.855378479
168.827667534
168.800769538
168.774546742
168.748885423
168.723680973
168.698836058
168.674283564
168.649957538
168.62581408
168.601815015
168.577950746
168.554208785
168.530588359
168.507114768
168.483819634
168.460734248
168.437914312
168.415409356
168.39328137
168.371593624
168.350406229
168.329790533
168.309784174
168.290443301
168.271785289
168.253832132
168.236584604
168.220023453
168.204134375
168.188875198
168.174216211
168.160102665
168.146490544
168.133324862
168.120547324
168.108107328
168.095938772
168.083988369
168.072194159
168.06050545
168.048859984
168.037208766
168.025499463
168.013685405
168.001724541
167.989572287
167.977189422
167.964549512
167.951619178
167.938377947
167.924796522
167.910863519
167.896561146
167.881877482
167.866808623
167.851344466
167.835482895
167.819228709
167.802573025
167.785524517
167.76808691
167.750261128
167.732051313
167.713471681
167.694518775
167.675201088
167.655525088
167.635496438
167.615115106
167.59438622
167.573302418
167.551864892
167.530058503
167.507873118
167.485277534
167.462246329
167.43873024
167.414668322
167.389983296
167.36457628
167.338310033
167.311017007
167.282474339
167.25241679
167.22047171
167.186197937
167.14899826
167.108110994
167.062547565
167.011010706
166.951777577
166.882601023
166.800471872
166.701420575
166.58022213
166.430108517
166.242592931
166.007505447
165.713472068
165.34886691
164.903174847
164.368416369
163.740111709
163.017616242
162.204738647
161.31077221
160.350699097
159.343397915
158.308558136
157.263412327
156.220003918
155.182443559
154.144454911
153.098999619
152.07650283
151.139167219
150.306626707
149.565442607
148.897754207
148.279275507
147.685620636
147.090317473
146.439706326
145.623252615
144.582511544
143.537594467
142.639496312
141.860761255
141.158156022
140.506256953
139.892507471
139.310496114
138.756658942
138.228821069
137.725411601
137.245131008
136.786686741
136.348587729
135.928996675
135.525430955
135.134247132
134.749798208
134.362861309
133.958453607
133.515871778
133.02069803
132.486683145
131.940285139
131.392225292
130.837854158
130.256583489
129.60712659
128.818978079
127.855321599
126.844006997
125.848149132
124.887902891
123.993355032
123.16708554
122.400673011
121.685390137
121.014492104
120.382884851
119.786649933
119.22262189
118.688173564
118.181068919
117.699306582
117.241084135
116.804739399
116.388768331
115.991772899
115.612454262
115.249646652
114.90228909
114.569385557
114.250046195
113.943485463
113.648962846
113.365814386
113.093429839
112.831262642
112.578797888
112.335586367
112.101170999
111.875165879
111.657197296
111.44690706
111.24397234
111.04808498
110.858931746
110.676252628
110.499781916
110.32927086
110.164487652
110.005195662
109.851176316
109.702228003
109.558139424
109.418724868
109.283800112
109.153192129
109.026721958
108.904235174
108.785574764
108.670594869
108.559154888
108.451091793
108.346297858
108.244644872
108.145996393
108.050251728
107.957302518
107.867028727
107.779332314
107.694118823
107.61130017
107.53077533
107.452463545
107.376294332
107.302183679
107.23005667
107.159830657
107.091453119
107.024853716
106.959965667
106.896731144
106.835098623
106.775004873
106.716401991
106.659242182
106.603473871
106.549047963
106.495929404
106.444071983
106.393433896
106.343974751
106.295655663
106.248446913
106.202308971
106.157202907
106.113109124
106.069990045
106.027816268
105.986555728
105.94618826
105.906682925
105.86801409
105.830154757
105.79308351
105.756779398
105.721221062
105.686378693
105.652243114
105.618789232
105.585993867
105.553842178
105.522318362
105.49140167
105.461073195
105.431326628
105.402144202
105.373502454
105.345405029
105.317820878
105.290756485
105.264185354
105.238104447
105.212498257
105.187353789
105.162662007
105.13841246
105.114591562
105.091193125
105.068204983
105.045612785
105.023407554
105.001580135
104.980124537
104.959030332
104.938295272
104.91789655
104.897832515
104.878102373
104.858687087
104.839585633
104.820791366
104.802292861
104.78408049
104.766158769
104.748519116
104.731146109
104.714044575
104.697203009
104.680614247
104.664276725
104.648185457
104.632329942
104.616708391
104.601321018
104.586158496
104.571215115
104.556490834
104.541975311
104.527665516
104.513556709
104.499649365
104.485941546
104.47242241
104.459089492
104.445941568
104.432978074
104.42018491
104.407571958
104.395128702
104.382848126
104.370734085
104.358781601
104.346984999
104.335351256
104.323862367
104.312526524
104.301336623
104.290297691
104.279399947
104.268637699
104.25801891
104.247528586
104.237172057
104.226947579
104.216846416
104.206875842
104.197024886
104.18729697
104.177692014
104.168201916
104.158829598
104.149566289
104.140417227
104.131378844
104.122450786
104.113618287
104.104896344
104.096278316
104.087760695
104.079337645
104.071019662
104.062791018
104.054656904
104.046614548
104.038669584
104.030812074
104.023046311
104.015366621
104.007775688
104.000262942
103.992835527
103.985489876
103.978223816
103.971035852
103.963926507
103.956898201
103.94994085
103.943057441
103.936253621
103.929519297
103.922855373
I tensorflow/stream_executor/dso_loader.cc:108] successfully opened CUDA library libcublas.so locally
I tensorflow/stream_executor/dso_loader.cc:108] successfully opened CUDA library libcudnn.so locally
I tensorflow/stream_executor/dso_loader.cc:108] successfully opened CUDA library libcufft.so locally
I tensorflow/stream_executor/dso_loader.cc:108] successfully opened CUDA library libcuda.so locally
I tensorflow/stream_executor/dso_loader.cc:108] successfully opened CUDA library libcurand.so locally
I tensorflow/stream_executor/dso_loader.cc:108] successfully opened CUDA library libcublas.so locally
I tensorflow/stream_executor/dso_loader.cc:108] successfully opened CUDA library libcudnn.so locally
I tensorflow/stream_executor/dso_loader.cc:108] successfully opened CUDA library libcufft.so locally
I tensorflow/stream_executor/dso_loader.cc:108] successfully opened CUDA library libcuda.so locally
I tensorflow/stream_executor/dso_loader.cc:108] successfully opened CUDA library libcurand.so locally
I tensorflow/stream_executor/cuda/cuda_gpu_executor.cc:924] successful NUMA node read from SysFS had negative value (-1), but there must be at least one NUMA node, so returning NUMA node zero
I tensorflow/core/common_runtime/gpu/gpu_init.cc:102] Found device 0 with properties: 
name: GeForce GTX 660
major: 3 minor: 0 memoryClockRate (GHz) 1.0975
pciBusID 0000:01:00.0
Total memory: 2.00GiB
Free memory: 1.63GiB
I tensorflow/core/common_runtime/gpu/gpu_init.cc:126] DMA: 0 
I tensorflow/core/common_runtime/gpu/gpu_init.cc:136] 0:   Y 
I tensorflow/core/common_runtime/gpu/gpu_device.cc:806] Creating TensorFlow device (/gpu:0) -> (device: 0, name: GeForce GTX 660, pci bus id: 0000:01:00.0)
400
170.517085016
169.988067687
169.828056931
169.754455924
169.706697941
169.665252328
169.620206237
169.562815785
169.483136833
169.373162866
169.236879468
169.09396264
168.963513106
168.851997584
168.758527845
168.681162626
168.617777288
168.565390855
168.520283878
168.478782564
168.437825561
168.395060003
168.348653048
168.296966761
168.238254637
168.170319676
168.090111226
167.993160307
167.872793496
167.719109982
167.517853886
167.249520689
166.889407188
166.409748316
165.785343826
165.001718044
164.058273852
162.958938122
161.70007509
160.26933375
158.655716524
156.862377554
154.906383455
152.804250941
150.56515117
148.188703045
145.659962818
142.952858493
140.047202662
136.95516181
133.740606904
130.509095073
127.3662799
124.37623933
121.551750168
118.865870021
116.2639369
113.687322833
111.111677043
108.566152595
106.106236488
103.769408256
101.563151062
99.4871250167
97.5465586446
95.7476326637
94.0910220221
92.5713908784
91.1800953001
89.9070074707
88.7411049809
87.6706890985
86.6836534161
85.7678973973
84.9115421548
84.1031598914
83.3319265321
82.5877758479
81.8615654632
81.1453457251
80.4325211234
79.717852178
78.9973565601
78.2683055056
77.5291182385
76.779226935
76.0186680136
75.2480781255
74.4698066562
73.6904019085
72.9175693216
72.1533030281
71.3985788259
70.656072686
69.9279083398
69.2165742184
68.5243858921
67.8528362876
67.2017256534
66.5656119068
65.9153379013
65.1944070293
64.4960381195
63.1093293915
61.9800399828
60.6577707115
59.1784920041
56.8172107611
56.3658182395
51.7698848497
49.0178855518
47.6386638903
46.4374047567
45.4820340937
44.6401366466
43.9074417267
43.2516248405
42.6585577093
42.1195507052
41.6284285989
41.1800037692
40.7696167144
40.3929593726
40.0457505314
39.723927198
39.4240613906
39.1435498889
38.8803686474
38.6328217962
38.3995246943
38.1793642808
37.9714593517
37.7750960444
37.5894638703
37.4137174762
37.2470495265
37.0887957657
36.9383548937
36.7952444954
36.6589981314
36.5292335198
36.4055636978
36.2876702989
36.1752277872
36.067933608
35.9655224051
35.867734486
35.7743292425
35.6850570459
35.5997216762
35.5180930658
35.4400217172
35.3653238018
35.2938244542
35.2253668434
35.1597876099
35.0969630579
35.0367611595
34.9791412159
34.9240607968
34.8713029588
34.8205715701
34.7718346154
34.724926182
34.6800239825
34.6367693391
34.5954946291
34.5554945685
34.5177230511
34.4818391524
34.4487251488
38.4807434574
34.4640489412
34.3930264361
34.3610956465
34.3345507851
34.3103375379
34.2919512067
34.3407215183
38.5508883224
34.247343792
34.2232075849
34.2409313081
34.1839100199
34.1823433462
34.1425239977
37.1180194029
34.1379785306
34.1123084691
34.0897543522
34.0695834459
34.0511113858
34.0341618455
34.0186712928
34.0039525879
33.9887277121
33.9731869083
33.9578641109
33.9428095766
33.927997403
33.9134039731
33.8990034172
33.8847801691
33.8707195379
33.8568097937
33.8430492563
33.8294128719
33.8158924992
33.8024938183
33.7891831797
33.7759649195
33.7628446533
33.7497929142
33.73681665
33.723928857
33.7111208822
33.6984069306
33.6857664902
33.6732283221
33.6607945495
33.6484599146
33.6362541979
33.624137083
33.6121607179
33.60033002
33.5886560958
33.5772631183
33.5661700485
33.5547441754
33.5437698402
33.5325010075
33.5218585822
33.5105908176
33.5005745599
33.4890816379
33.4794026525
33.4681804455
33.4585354361
33.4479199643
33.4379957704
33.4281942542
33.419583199
33.4094458038
33.399819136
33.3903598794
33.3811155382
33.3720117994
33.3630681532
33.3542590551
33.3455766575
33.3370683504
33.3287057481
33.3204983404
33.3124441504
33.3045317507
33.2967651882
33.2891583077
33.2816854119
33.2743658598
33.2671795614
33.2601550782
33.2532375003
33.2465070428
33.2398154512
33.2336423621
33.2296897227
33.2213188986
33.2155356652
33.21080902
36.1800402187
38.3196850983
33.2015942697
33.1975679647
33.1934488261
33.189277985
33.1850791956
33.1808670266
33.1766564796
33.1724464559
33.1682621726
33.1640869001
33.1599351438
33.1558149321
33.1517187026
33.1476753989
33.143651904
33.1396740522
33.1357239213
33.1318062573
33.1279264778
33.1240818042
33.1202722725
33.1165028576
33.1127642419
33.1090594536
33.1053871199
33.1017473567
33.0981354713
33.0945679683
33.0910273231
33.0875127585
33.0840151871
33.0805368488
33.0770728058
33.0736335815
33.070194984
33.0667800832
33.0633837813
33.0599974869
33.0566292565
33.0532737567
33.0499362115
33.0466176036
33.0433055744
33.0400088393
33.0367259214
33.0334529611
33.0301977054
33.0269481113
33.023697528
33.0204704061
33.0172465416
33.0140384158
33.0108490639
33.0076635341
33.0044867538
33.001340455
32.9981966507
32.995080737
32.9919706432
32.9888769451
32.9858070952
32.9827498878
32.9797215933
32.9766951966
32.9736851194
32.9706927211
32.967713749
32.964748876
32.9617953725
32.9588649612
32.95593348
32.9530301014
32.9501489175
32.9472895595
32.9444405355
32.9415940202
32.9387768307
32.9359853401
32.9331985868
32.9304467695
32.927717112
32.9250096533
32.9223247614
32.9196702649
32.9170269383
32.9144449415
32.9118629648
32.9093020302
34.1365640285
32.9068538198
32.904132568
32.9016532195
32.8993388752
32.8971403818
32.8950050003
32.8929289437
32.8908940344
32.8888880474
32.8869046738
32.8849468869
32.8829908527
32.8810577919
32.8791383961
32.8772335254
32.8753443734
32.8734657643
32.8715979811
32.8697346725
32.8678746383
32.8660359601
32.864214562
32.8623895098
32.8605812482
32.8587874327
32.8569956025
32.8552162718
32.8534486751
32.851696734
32.8499580906
32.8482258491
32.846510567
32.8448125864
32.8431339915
32.8414684722
32.8398101999
32.8381747006
32.8365498842
32.8349276097
32.833318442
I tensorflow/stream_executor/dso_loader.cc:108] successfully opened CUDA library libcublas.so locally
I tensorflow/stream_executor/dso_loader.cc:108] successfully opened CUDA library libcudnn.so locally
I tensorflow/stream_executor/dso_loader.cc:108] successfully opened CUDA library libcufft.so locally
I tensorflow/stream_executor/dso_loader.cc:108] successfully opened CUDA library libcuda.so locally
I tensorflow/stream_executor/dso_loader.cc:108] successfully opened CUDA library libcurand.so locally
I tensorflow/stream_executor/dso_loader.cc:108] successfully opened CUDA library libcublas.so locally
I tensorflow/stream_executor/dso_loader.cc:108] successfully opened CUDA library libcudnn.so locally
I tensorflow/stream_executor/dso_loader.cc:108] successfully opened CUDA library libcufft.so locally
I tensorflow/stream_executor/dso_loader.cc:108] successfully opened CUDA library libcuda.so locally
I tensorflow/stream_executor/dso_loader.cc:108] successfully opened CUDA library libcurand.so locally
I tensorflow/stream_executor/cuda/cuda_gpu_executor.cc:924] successful NUMA node read from SysFS had negative value (-1), but there must be at least one NUMA node, so returning NUMA node zero
I tensorflow/core/common_runtime/gpu/gpu_init.cc:102] Found device 0 with properties: 
name: GeForce GTX 660
major: 3 minor: 0 memoryClockRate (GHz) 1.0975
pciBusID 0000:01:00.0
Total memory: 2.00GiB
Free memory: 1.63GiB
I tensorflow/core/common_runtime/gpu/gpu_init.cc:126] DMA: 0 
I tensorflow/core/common_runtime/gpu/gpu_init.cc:136] 0:   Y 
I tensorflow/core/common_runtime/gpu/gpu_device.cc:806] Creating TensorFlow device (/gpu:0) -> (device: 0, name: GeForce GTX 660, pci bus id: 0000:01:00.0)
400
186.293932021
170.37881428
169.752172232
169.656899422
169.601372063
169.55584991
169.515323311
169.477986038
169.442811459
169.409067839
169.376213849
169.343804955
169.311473012
169.278876692
169.245696813
169.211619765
169.176346332
169.139580697
169.101051807
169.060490727
169.017682105
168.972464144
168.924758285
168.87456587
168.821957439
168.767038554
168.709987402
168.651060164
168.59061271
168.529089063
168.46695289
168.404635489
168.34243539
168.280486107
168.218755573
168.157101482
168.095351189
168.033404857
167.971266299
167.909088671
167.847120523
167.785666317
167.725053012
167.665565133
167.607413411
167.550730437
167.495550126
167.441793084
167.389288872
167.337745637
167.286764443
167.23583445
167.184324563
167.131509542
167.076593429
167.018741846
166.957084864
166.890781134
166.818983704
166.740890443
166.655749738
166.562931329
166.461939514
166.352407366
166.233977258
166.106181562
165.968232453
165.818752259
165.655220121
165.473062217
165.263972223
165.013158143
164.694797248
164.266383082
163.665874004
162.812241554
161.607304931
159.941578448
157.711194009
154.855329543
151.407953173
147.515457422
143.374485135
139.140671045
134.902855322
130.721895099
126.657586008
122.759659737
119.061778992
115.58772105
112.350726679
109.348103233
106.565105163
103.981844291
101.575812705
99.3226844445
97.1903059557
95.1313492581
93.0945793539
91.0520322174
89.0010784231
86.9441538975
84.8834793121
82.8187235184
80.7414881513
78.6410142705
76.5191006958
74.3940360695
72.2913261987
70.238914853
68.2722878512
66.4330612719
64.7449614201
63.2008055132
61.7793586049
60.4598780908
59.2255346756
58.0627006507
56.9593920857
55.9030279582
54.8767875023
53.8533539856
52.7949025128
51.6974288421
50.6508748131
49.7228357745
48.8724375125
48.0753385061
47.3276723721
46.6291807597
45.9743752559
45.3535374952
44.7565606106
44.1769914064
43.6261261818
43.1149518194
42.6356974784
42.1720205392
41.0033740338
39.0124732666
38.0993755602
37.6418845379
37.2284439323
36.8455391719
36.4880717827
36.1531757894
35.8388592
35.5435887545
35.2660511876
35.005104015
34.7596885721
34.528818834
34.3115738082
34.1070944361
33.9145647099
33.7332483524
33.5624365018
33.4014792752
33.2497772644
33.1067571526
32.9718949829
32.8446982822
32.7247097683
32.6114963107
32.5046611163
32.4038191939
32.3086310055
32.218767327
32.1339263963
32.0538239552
31.9782083235
31.9068440983
31.8394976837
31.7759616654
31.7160117722
31.6594508539
31.6060538957
31.5556221205
31.507950096
31.4628586251
31.4201617789
31.3797034577
31.3413325109
31.3048987826
31.270283712
31.2373636868
31.2060344432
31.1761843431
31.1477288699
31.120574954
31.0946484719
31.0698671261
31.0461758464
31.02350308
31.0017878333
30.9809828957
30.96103876
30.9419016942
30.923532814
30.9058893617
30.8889347645
30.8726345768
30.8569537158
30.8418541485
30.8273187497
30.8133005224
30.7997927857
30.7867580479
30.7741742646
30.7620267902
30.7502794784
30.7389304846
30.7279502573
30.7173191574
30.7070347978
30.6970604825
30.68739326
30.6780184669
30.6689244276
30.6600907566
30.651514308
30.643181407
30.6350776298
30.6271890927
30.6195209443
30.6120421361
30.6047615517
30.5976686428
30.5907489221
30.5839999173
30.577408868
30.570979746
30.5646974016
30.5585585365
30.5525478578
30.5466648984
30.5409049263
30.5352468982
30.5296727317
30.5240888971
30.5183350513
35.7298404149
54.6527152829
30.5367239919
30.5282318917
30.5228041177
30.5184504909
30.514397197
30.5103518309
30.5062407918
30.5020550808
30.4978162347
30.493545024
30.4892618435
30.4849792347
30.4807190709
30.4764821837
30.4722850908
30.4681331108
30.4640180647
30.4599568853
30.4559452536
30.4519932748
30.4480867911
30.4442452847
30.4404575132
30.4367300288
30.4330713456
30.4295233461
30.4268789576
37.8438792104
30.5626564265
30.4213496512
30.4179906589
30.4148342723
30.4117957866
30.4087362253
30.4056631092
30.4025950017
30.3995256717
30.3964766034
30.3934414359
30.3904284251
30.3874392368
30.384477589
30.381533517
30.3786107136
30.3757164263
30.3728378437
30.3699931726
30.3671596259
30.3643503646
30.3615563997
30.3587919222
30.3560774107
30.3537853035
30.3508983512
30.371747336
30.3705901834
30.3482494384
30.3455197555
30.3428136275
30.3401312404
30.3374515026
30.3347453251
30.3319502097
30.3290046579
30.326325899
30.3239394999
30.3215828513
30.3192470549
30.3169314632
30.3146355426
30.3123634095
30.3101136872
30.3078798377
30.3056606722
30.3034590911
30.3012523239
43.6655214851
30.3065737244
30.3032921611
30.3014544054
30.2999313281
30.2984397426
30.2968923207
30.295268247
30.2935821363
30.2918370496
30.2900534845
30.2882239915
30.286374111
30.284488423
30.2825726801
30.280612216
30.2785864311
30.2764850558
37.8958273558
37.8927938204
30.2776038518
30.2765597513
30.2756218489
30.274616855
30.2735061356
30.2722912685
30.2709874639
30.2696153796
30.2681968848
30.266740041
30.2652595484
30.2637630353
30.2622600879
30.2607498827
30.2592443942
30.2577399697
30.256237853
30.2547441278
30.2532546755
30.2517722394
30.2502969221
30.2488279652
30.2473695288
30.2459136824
30.2444693543
30.243024722
30.2415888666
30.2401553537
30.23872628
30.2372965916
30.2358717736
30.2344393805
30.2330035226
30.2315479412
30.2300486669
30.2284174981
30.2264254515
30.2244804297
30.2228941486
30.2214369311
30.2199916289
30.218558005
30.2171326234
30.2157105408
30.2141446031
37.9374368624
30.2164544042
30.2132343155
30.212016062
30.2107779455
30.2094929986
30.2081777247
30.2068740067
30.2055778638
30.2042971813
30.203025971
30.2016560266
37.4408847661
30.2113260034
30.2030898283
30.2021345894
I tensorflow/stream_executor/dso_loader.cc:108] successfully opened CUDA library libcublas.so locally
I tensorflow/stream_executor/dso_loader.cc:108] successfully opened CUDA library libcudnn.so locally
I tensorflow/stream_executor/dso_loader.cc:108] successfully opened CUDA library libcufft.so locally
I tensorflow/stream_executor/dso_loader.cc:108] successfully opened CUDA library libcuda.so locally
I tensorflow/stream_executor/dso_loader.cc:108] successfully opened CUDA library libcurand.so locally
I tensorflow/stream_executor/dso_loader.cc:108] successfully opened CUDA library libcublas.so locally
I tensorflow/stream_executor/dso_loader.cc:108] successfully opened CUDA library libcudnn.so locally
I tensorflow/stream_executor/dso_loader.cc:108] successfully opened CUDA library libcufft.so locally
I tensorflow/stream_executor/dso_loader.cc:108] successfully opened CUDA library libcuda.so locally
I tensorflow/stream_executor/dso_loader.cc:108] successfully opened CUDA library libcurand.so locally
I tensorflow/stream_executor/cuda/cuda_gpu_executor.cc:924] successful NUMA node read from SysFS had negative value (-1), but there must be at least one NUMA node, so returning NUMA node zero
I tensorflow/core/common_runtime/gpu/gpu_init.cc:102] Found device 0 with properties: 
name: GeForce GTX 660
major: 3 minor: 0 memoryClockRate (GHz) 1.0975
pciBusID 0000:01:00.0
Total memory: 2.00GiB
Free memory: 1.63GiB
I tensorflow/core/common_runtime/gpu/gpu_init.cc:126] DMA: 0 
I tensorflow/core/common_runtime/gpu/gpu_init.cc:136] 0:   Y 
I tensorflow/core/common_runtime/gpu/gpu_device.cc:806] Creating TensorFlow device (/gpu:0) -> (device: 0, name: GeForce GTX 660, pci bus id: 0000:01:00.0)
600
153.501735747
141.520748466
138.344831884
137.312476456
136.784879625
136.456267059
136.264738768
136.161297143
136.104600072
136.070809543
136.048141301
136.030955017
136.016476482
136.00323692
135.99040544
135.977465004
135.964090735
135.95006761
135.93525672
135.919571847
135.902964562
135.8854177
135.86694774
135.847594917
135.827417552
135.80648306
135.784857988
135.762607783
135.739793271
135.716461569
135.692660511
135.668426603
135.643801719
135.618814975
135.593495756
135.567871064
135.541965812
135.515807241
135.489401788
135.462770194
135.435927898
135.408884525
135.381635249
135.354192138
135.326545835
135.298701495
135.270646244
135.242369831
135.213867188
135.1851255
135.156137437
135.126884192
135.097355694
135.067543328
135.037432432
135.007022023
134.976298362
134.945247799
134.913881928
134.882183462
134.850150794
134.817786247
134.785084575
134.752048641
134.718678176
134.684970409
134.650927514
134.616558254
134.581863165
134.546843171
134.511516273
134.475883573
134.439968199
134.403776288
134.367335588
134.330658793
134.293778688
134.256713718
134.219484508
134.18210867
134.144608408
134.106979191
134.069227129
134.031322479
133.99324885
133.95494774
133.91636613
133.877411842
133.837985247
133.797962517
133.75720036
133.715527922
133.672758162
133.628681749
133.583066553
133.535660446
133.486189544
133.434370339
133.379901081
133.322480023
133.261804581
133.197579801
133.129531771
133.057412475
132.981026113
132.90019697
132.814794689
132.724740118
132.629957408
132.530418903
132.426079899
132.316915393
132.202873021
132.083915144
131.959990144
131.831065267
131.697144091
131.558270246
131.414568335
131.266277164
131.113771498
130.957610965
130.798526049
130.637443721
130.475381792
130.313440889
130.152647197
129.993900925
129.837923944
129.685216248
129.536079451
129.390651464
129.248927012
129.110802159
128.97610414
128.84460178
128.716032639
128.590084955
128.466442659
128.344764024
128.224707544
128.105895355
127.987954795
127.87051034
127.753165826
127.635520905
127.517139852
127.397562757
127.276279539
127.152693957
127.026153758
126.895885631
126.761108071
126.620983273
126.474756822
126.321746424
126.161344528
125.993027002
125.816271201
125.630592376
125.435598016
125.23124668
125.018098593
124.797691077
124.5726192
124.345971599
124.120031506
123.895150512
123.669747248
123.4411567
123.206432566
122.962741703
122.707651094
122.439444184
122.157568514
121.86292702
121.557836264
121.245694801
120.930354595
120.615578324
120.304521412
119.999407977
119.701888755
119.414703354
119.14232482
118.886933446
118.640267894
118.33616516
117.794052482
117.400695547
116.928457797
116.153956234
115.417674199
114.553013995
113.835289389
113.146085098
112.465034425
111.784015715
111.102049157
110.419749975
109.739569575
109.066482335
108.405786976
107.760791928
107.132205755
106.518662572
105.917908803
105.328081191
104.748594463
104.180472702
103.626247764
103.089973316
102.577572972
102.097295791
101.65516828
101.237826422
100.8150599
100.389468774
99.970558852
99.5585256815
99.1557027251
98.7609329373
98.3750048876
97.9955235273
97.6242315322
97.2571590841
96.8989993185
96.5429207981
96.1978686601
95.8523786813
95.5208087713
95.1865827516
94.8680428267
94.5464139134
94.2392495945
93.9310586974
93.6332638338
93.3372155651
93.0473821536
92.7605705634
92.4773425162
92.1967450604
91.918292962
91.6415048391
91.3660150841
91.0917519927
90.8193313032
90.5517414287
90.3047931045
90.2690920904
89.0687248856
91.1478782222
90.684567742
91.6255276576
88.5307185277
88.0181050822
90.383960098
87.1171784773
89.4729028195
86.8457016423
86.590617232
87.5480139703
88.0556317791
85.596397195
85.4417734817
86.1017061658
87.2484738752
85.4313396811
85.0687577575
85.9415438697
86.2559688762
83.3923956752
87.9586373344
84.4011897594
81.6627484709
81.4285688549
81.258216206
81.1658795439
81.3553914875
82.9042844623
84.3934070468
80.5960855521
82.1160424296
83.5193117671
79.9533823747
81.3326196894
81.3445437122
83.3656058479
83.1261855643
80.848098591
79.7795911226
78.4066973217
79.4603532255
79.305311745
78.0912514701
80.2766490951
79.6435193326
79.8445147164
86.1637790296
78.1659901971
79.8442539936
79.0140012512
84.9799065376
80.4439799301
79.0168646574
78.8822535798
76.9651090857
78.0892979614
77.9557321379
77.8638760261
77.8020687122
77.7511901241
77.7740701865
79.9104321823
84.0046487488
76.9475960853
76.4932885338
77.7143693687
77.6816632897
77.5078269523
77.3899417138
77.5190466186
77.1242658244
76.9792289566
76.8357902123
76.7866141256
77.2978618201
79.2473109495
77.7438165392
75.7894457849
76.8838472245
76.7954249503
76.7478976697
76.6785166413
76.5546985604
76.4091647118
76.2534183338
76.0978764221
75.947072166
75.8128252877
75.7364891237
75.9877936672
75.7680883845
76.045468132
75.2731046672
75.2534167604
79.4088399578
75.7312065852
75.6498155794
76.0475952285
76.715634645
77.6272530416
75.6208993718
75.1254525213
75.0039833351
74.9113748083
74.8193533053
74.7224675594
74.6212804159
74.5172441402
74.4114194815
74.3043838846
74.1965223285
74.0880704899
73.9790776479
73.8694707542
73.7590278341
73.6475225156
73.5347992363
73.4206942809
73.3052145601
73.1883402877
73.0701954477
72.9509830149
72.8311180919
72.7115943208
72.5944410572
72.4829021115
72.3701047916
72.2690777015
77.8386774678
72.8791128108
75.988206842
75.6921110288
76.1390835708
73.2749036481
72.7922995612
71.9041360263
71.7955685928
71.6078985175
71.4268893879
71.2839230718
71.1631482905
71.0517142573
70.9442603141
70.8387617115
70.7344228337
70.6308191651
70.527534795
70.4242010908
70.320435157
70.2159576453
70.11068046
70.0047630598
69.899302437
69.7982385177
69.7197233969
69.6690147994
69.8756583873
68.5180276111
69.4382484225
69.2881356105
69.3691218747
71.4675628841
71.0317663737
70.1842025369
68.6719613094
67.4604232479
68.5084334733
68.5905629033
71.6168337693
70.391549252
70.444013075
70.6766895805
68.8275708961
69.2241496467
69.8138529873
66.1062044962
66.9458379014
66.7034088317
66.4155855933
70.1857148106
64.901766187
65.6143177841
68.0473126033
64.9691574373
65.5447805803
65.1105804718
64.7592697903
69.809072224
65.9555019648
66.8974551619
63.6028101798
63.2014405979
63.1910336073
62.8354895907
62.5031146109
62.2063357714
65.8588179853
62.4257942829
61.6199409449
61.26326086
60.9498249833
60.6463176301
60.3381925877
59.6049209405
59.7251866851
59.3730879533
63.9669022001
59.9553165459
59.5374371833
59.4534547608
60.5724638756
56.3303281302
60.0337396017
57.9032377629
58.0149173657
55.4691330795
58.6411704328
56.9924418679
56.47841322
53.8341331081
54.4766267808
54.1128343828
53.8011667482
53.5276647368
53.2793136155
53.0460726861
52.8225930785
52.605692571
52.3936122218
52.1853862242
51.980466024
51.778512734
51.579306074
51.3827332235
51.188623602
50.9968015072
50.8069441696
50.6183996946
50.4299408011
50.238614196
50.0365012493
49.7954909122
49.3822711832
48.4993596678
49.2041493342
61.659438848
55.5829906506
57.932608847
58.223512602
63.6644050591
55.014196624
50.6645050417
52.5780313443
50.6205595238
52.6192072341
53.8527141134
48.6968872934
48.5365509265
48.4115498764
48.3058382464
48.2089646733
48.1156797134
48.0237915441
47.9322208986
47.8403847865
47.747938667
47.6547158235
47.5606364636
47.4656626945
47.3697929708
47.2730436493
47.1754498859
47.0770382732
46.9776942646
46.8771151146
46.7745392225
46.6681376458
46.5534638804
46.4180795406
46.2084263293
47.4714193242
46.4920896455
46.3028268311
46.1950663896
46.1119904853
46.0379580585
45.9678029637
45.8989400421
45.8306196327
45.762016668
45.6923050233
45.6209839107
45.5478568799
45.4729256644
45.3962193723
45.312406518
47.6336237453
45.4168822654
45.2755432194
45.1996002095
45.128254283
45.0602933685
44.995923989
44.9357977877
44.880025042
44.8270576634
44.7748911306
44.7224784698
44.6693093907
44.6151076208
44.5599021686
44.5039573251
44.4475416716
44.3909075148
44.3342466569
44.2777915008
44.221826999
44.1669061766
44.1140650057
44.0654002454
44.0231368437
43.9797651405
43.9238252982
43.8594777351
43.8050995865
43.7569720808
43.7280309515
43.2986874296
43.7047519388
43.6797741868
43.5759751543
43.5173795524
43.471001738
43.431792666
43.3966247386
43.3628081037
43.328985868
43.2946432978
43.2597463848
43.2243788091
43.1886624931
43.1527489985
43.1167130594
43.0806717561
43.0446641913
43.0087304814
42.9729672901
42.937356662
I tensorflow/stream_executor/dso_loader.cc:108] successfully opened CUDA library libcublas.so locally
I tensorflow/stream_executor/dso_loader.cc:108] successfully opened CUDA library libcudnn.so locally
I tensorflow/stream_executor/dso_loader.cc:108] successfully opened CUDA library libcufft.so locally
I tensorflow/stream_executor/dso_loader.cc:108] successfully opened CUDA library libcuda.so locally
I tensorflow/stream_executor/dso_loader.cc:108] successfully opened CUDA library libcurand.so locally
I tensorflow/stream_executor/dso_loader.cc:108] successfully opened CUDA library libcublas.so locally
I tensorflow/stream_executor/dso_loader.cc:108] successfully opened CUDA library libcudnn.so locally
I tensorflow/stream_executor/dso_loader.cc:108] successfully opened CUDA library libcufft.so locally
I tensorflow/stream_executor/dso_loader.cc:108] successfully opened CUDA library libcuda.so locally
I tensorflow/stream_executor/dso_loader.cc:108] successfully opened CUDA library libcurand.so locally
I tensorflow/stream_executor/cuda/cuda_gpu_executor.cc:924] successful NUMA node read from SysFS had negative value (-1), but there must be at least one NUMA node, so returning NUMA node zero
I tensorflow/core/common_runtime/gpu/gpu_init.cc:102] Found device 0 with properties: 
name: GeForce GTX 660
major: 3 minor: 0 memoryClockRate (GHz) 1.0975
pciBusID 0000:01:00.0
Total memory: 2.00GiB
Free memory: 1.63GiB
I tensorflow/core/common_runtime/gpu/gpu_init.cc:126] DMA: 0 
I tensorflow/core/common_runtime/gpu/gpu_init.cc:136] 0:   Y 
I tensorflow/core/common_runtime/gpu/gpu_device.cc:806] Creating TensorFlow device (/gpu:0) -> (device: 0, name: GeForce GTX 660, pci bus id: 0000:01:00.0)
600
290.98903504
277.600815892
276.821501076
276.635429502
276.514030397
276.404905021
276.302669168
276.207784772
276.120876253
276.041987777
275.970649064
275.905952454
275.846701622
275.791442573
275.73841691
275.685604155
275.630696416
275.571067572
275.503685057
275.425013065
275.330678523
275.214979053
275.070085824
274.88497892
274.644748151
274.331955463
273.933337301
273.45180136
272.91570428
272.373346508
271.856048018
271.346832752
270.841002882
270.320870608
269.752249748
269.136642784
268.478359222
267.771264672
267.006563112
266.170674637
265.205426112
264.021576554
262.58266592
260.879218921
258.904743627
256.694242507
254.288296416
251.676904842
248.832262248
245.731223911
242.378729761
238.873757958
235.480408564
232.160135791
228.907546625
225.769878626
222.788037315
219.990179107
217.384809993
214.960029811
212.683481194
210.507640712
208.399921201
206.236964136
203.906036496
201.537625395
199.130914718
196.584993154
193.85549812
190.909404673
187.724175014
184.289313674
180.550139476
176.32928687
171.221986234
165.470471207
159.672658782
153.953266611
148.344909301
142.922909308
137.755919565
132.880410007
128.304629941
124.020911099
120.014804442
116.270354452
112.772470291
109.508198762
106.468928119
103.652679225
101.062782363
98.699791518
96.5542610297
94.6080642091
92.8410987956
91.2350248571
89.7736095423
88.4424991331
87.2288005854
86.1208351124
85.1081498782
84.1813615335
83.3319287499
82.5523071055
81.8356867631
81.1759790964
80.5677511503
80.006118059
79.4866756368
79.0055553684
78.5591967139
78.144578743
77.7588071751
77.399353043
77.0640414799
76.7507643724
76.4577418126
76.1832199763
75.9257195702
75.6838789051
75.4564258025
75.2422264627
75.0402707549
74.8496255104
74.6694228177
74.4989845444
74.3375550403
74.1845356096
74.0392848253
73.9012621173
73.7699318036
73.6447730855
73.5254324169
73.4113756815
73.3023079318
73.1978816071
73.097740996
73.0016791263
72.9093524005
72.8205538832
72.7350775549
72.6527078966
72.5732493264
72.4965789361
72.4224872649
72.3508973088
72.2816309057
72.2145879414
72.1496150643
72.0866403549
72.0255671637
71.9662901227
71.9087849645
71.8528987775
71.7985751497
71.7457425938
71.6943363606
71.6443185519
71.5956365862
71.5481802387
71.50193001
71.4568305999
71.4128706724
71.3699252742
71.3280100889
71.2870925657
71.2470983741
71.2080397075
71.169845098
71.1324577983
71.0958674581
71.060104788
71.0250309714
70.990691266
70.9570344566
70.9240420023
70.8917271362
70.8599861939
70.8288201433
70.7982337746
70.7681767731
70.738632984
70.7095698977
70.6810140386
70.652885559
70.625219037
70.5979686644
70.5711036963
70.5446208623
70.5185008899
70.4927539508
70.4673064587
70.4421865808
70.4173595474
70.3928011171
70.3684632135
70.3443778194
70.3205253856
70.2968472652
70.2733019716
70.2498749845
70.2265917312
70.2033652877
70.1800637572
70.1565945184
70.1326452217
70.1081249081
70.0830333307
70.0575739965
70.0316710775
70.0053707889
69.9785840311
69.9512970543
69.9234646724
69.8950634417
69.8661653626
69.8367413117
69.8069147513
69.7767180049
69.7463065972
69.7157120548
69.6850778073
69.6545352494
69.6242107646
69.5941214715
69.5643714386
69.5350226242
69.5061443229
69.4777325128
69.4498281218
69.422463603
69.3955920523
69.3692775662
69.3434173942
69.3181107199
69.2932936233
69.2689545836
69.2450978662
69.2216927614
69.1986883667
69.1761444632
69.1540097913
69.1322816962
69.1109314656
69.0899551089
69.0693552493
69.0491439067
69.0292745327
69.0097496575
68.9905388415
68.9716831446
68.953124107
68.9349159654
68.9170039045
68.8993730487
68.8820584783
68.8650544713
68.8483539243
68.8318547469
68.8156804584
68.7997694859
68.7841510687
68.7687410273
68.7536066948
68.7387093342
68.7240507604
68.7096352444
68.69541596
68.6814692869
68.6677007625
68.654126706
68.6407654943
68.6276056509
68.6146573732
68.6018772137
68.5892503158
68.5768059202
68.5645628781
68.5524522725
68.5405071995
68.5287304284
68.5170225374
68.5055283352
68.4941614885
68.4829003816
68.4718152177
68.4608161513
68.44992392
68.4391677465
68.4284829242
68.4180085027
68.4075356289
68.3972328555
68.386972603
68.3768323617
68.3667730437
68.3568231399
68.3469470242
68.3371475605
68.3274461974
68.3177954214
68.3082326917
68.2987282149
68.2893020867
68.2799415649
68.270638522
68.2614036831
68.252211621
68.2430886712
68.2339844145
68.2249291277
68.215911475
68.2069555334
68.198006953
68.1890759837
68.1801965232
68.1713974092
68.1626907725
68.1540821368
68.1456100137
68.1373108157
68.129370159
68.121978014
68.1148706893
68.1072392812
68.098931838
68.0905216862
68.0821169005
68.0737003461
68.0653723095
68.0570544129
68.0488069056
68.0406235523
68.0325081105
68.0244390229
68.0164310272
68.0084702284
68.000546157
67.992632635
67.9848157579
67.97701162
67.9692372421
67.9615256411
67.9537866784
67.9461294614
67.9384856081
67.9308657626
67.9232651596
67.9157224678
67.9081827556
67.9006779363
67.8932036865
67.8857599578
67.8783506765
67.8709183717
67.8635563099
67.8561726703
67.8488520065
67.841525777
67.8342695397
67.8270094639
67.8197766258
67.812560646
67.805351059
67.7981770493
67.791041072
67.7838720652
67.7767820045
67.7697242663
67.7626614041
67.7555963766
67.7485780327
67.7415728277
67.7346078559
67.7276241883
67.7207253896
67.7137907192
67.7068929932
67.7000104271
67.6931688382
67.6863287175
67.67951476
67.6726990523
67.665940961
67.6591609393
67.6524257205
67.6456939527
67.6389896917
67.6323364107
67.62565108
67.6189902612
67.612362741
67.6056932706
67.5990836453
67.5925313129
67.5859457154
67.5793860503
67.5728698676
67.5663234233
67.5598436143
67.5533640959
67.5468349194
67.5403825794
67.5339256672
67.5274755619
67.5210778349
67.5146457127
67.50824791
67.5018453609
67.4954801545
67.4891218561
67.4828094671
67.476441946
67.470106657
67.4638168519
67.4575336096
67.4512335876
67.4449275889
67.4386978394
67.4324085429
67.4261635136
67.4199420629
67.413708548
67.4074688231
67.4012828424
67.3950628278
67.3888689274
67.3826892837
67.3764886513
67.370291916
67.3641486886
67.3580213473
67.3518313557
67.3456929037
67.3395748208
67.3334184829
67.3272910463
67.3211759732
67.3150523243
67.3089291768
67.3028368748
67.2967197062
67.2906537013
67.2845552669
67.2784461155
67.2723450073
67.2662900273
67.2601964763
67.2541338477
67.2480582946
67.2419725244
67.2358723083
67.2298248877
67.2237396665
67.2176449204
67.2115916651
67.2055406814
67.1994568282
67.1933614331
67.1873053508
67.181252922
67.175146039
67.169099082
67.1629972627
67.156902693
67.1508125906
67.1446830082
67.1385991227
67.1324930794
67.1263449682
67.1202132766
67.1140995188
67.1078905882
67.1017800669
67.0955981069
67.0893830933
67.0831958663
67.0770086454
67.0707726489
67.0645021247
67.0582434939
67.0519856341
67.0456298769
67.0393141634
67.0329557418
67.0265834845
67.0201838186
67.0137439286
67.0072196023
67.0007416739
66.9942134052
66.9876062732
66.9809987223
66.9743346057
66.9675815323
66.9607814566
66.9539693414
66.9470617093
66.9400699828
66.933001256
66.9258831182
66.9186289135
66.9112918642
66.903801245
66.8962456908
66.888505803
66.8805842528
66.8724806941
66.8641532063
66.8556124585
66.8467826663
66.8375454507
66.8279271123
66.8177749006
66.8069976644
66.7953907873
66.7826747538
66.7684432797
66.751958455
66.7317743515
66.7048643579
66.6621308379
66.5557388674
65.7504362861
58.7056282104
57.3525081645
56.7461347004
56.2633375968
55.9920198331
55.7973619134
55.6429993461
55.5160124667
55.4096471126
55.3197776014
55.2434177378
55.1782165532
55.1223169066
55.0739919529
55.0317836174
54.9943848276
54.9607239675
54.9299426526
54.9008231459
54.8934589327
54.8611635432
54.8364030207
54.8135018428
54.7921591384
54.7719789558
54.7526455618
54.8014318687
54.6840852977
54.7012174701
54.6963417903
54.6891094507
54.6806574135
54.6713264396
54.6613254113
54.6509572102
54.6401459455
54.6289461259
54.617175975
54.6046785734
54.5912158409
54.5767115046
54.5613838447
54.5456756445
54.5300485021
54.5148588804
54.5003529853
54.4864700294
54.4733353084
54.4607227566
54.4479794343
54.438812801
54.4317551528
54.4209740259
54.4110217066
54.4015000364
54.3923828738
54.3834508614
54.3743028184
54.3663445071
54.3591145813
54.3525184056
54.3735575152
54.3420387297
54.3365200405
54.3314586164
54.3266498912
54.3217623604
54.3167865559
54.3116060303
54.306286445
54.3008734033
54.2954226105
54.2899833226
54.2845708017
54.2791694598
54.273840332
I tensorflow/stream_executor/dso_loader.cc:108] successfully opened CUDA library libcublas.so locally
I tensorflow/stream_executor/dso_loader.cc:108] successfully opened CUDA library libcudnn.so locally
I tensorflow/stream_executor/dso_loader.cc:108] successfully opened CUDA library libcufft.so locally
I tensorflow/stream_executor/dso_loader.cc:108] successfully opened CUDA library libcuda.so locally
I tensorflow/stream_executor/dso_loader.cc:108] successfully opened CUDA library libcurand.so locally
I tensorflow/stream_executor/dso_loader.cc:108] successfully opened CUDA library libcublas.so locally
I tensorflow/stream_executor/dso_loader.cc:108] successfully opened CUDA library libcudnn.so locally
I tensorflow/stream_executor/dso_loader.cc:108] successfully opened CUDA library libcufft.so locally
I tensorflow/stream_executor/dso_loader.cc:108] successfully opened CUDA library libcuda.so locally
I tensorflow/stream_executor/dso_loader.cc:108] successfully opened CUDA library libcurand.so locally
I tensorflow/stream_executor/cuda/cuda_gpu_executor.cc:924] successful NUMA node read from SysFS had negative value (-1), but there must be at least one NUMA node, so returning NUMA node zero
I tensorflow/core/common_runtime/gpu/gpu_init.cc:102] Found device 0 with properties: 
name: GeForce GTX 660
major: 3 minor: 0 memoryClockRate (GHz) 1.0975
pciBusID 0000:01:00.0
Total memory: 2.00GiB
Free memory: 1.63GiB
I tensorflow/core/common_runtime/gpu/gpu_init.cc:126] DMA: 0 
I tensorflow/core/common_runtime/gpu/gpu_init.cc:136] 0:   Y 
I tensorflow/core/common_runtime/gpu/gpu_device.cc:806] Creating TensorFlow device (/gpu:0) -> (device: 0, name: GeForce GTX 660, pci bus id: 0000:01:00.0)
600
575.549085751
555.406745553
554.968065917
554.75397259
554.630620658
554.550393879
554.488707721
554.434951007
554.384596765
554.335435212
554.28640151
554.237165332
554.188099325
554.140110314
554.094354093
554.051656842
554.012068748
553.974970102
553.939674318
553.905587316
553.872152925
553.838754356
553.804768264
553.769738376
553.733305395
553.695184708
553.655074716
553.612572014
553.567202687
553.518383265
553.465429187
553.407526374
553.343720853
553.272903979
553.193690896
553.104266524
553.002004266
552.882832766
552.740002751
552.56154567
552.324900925
551.984439313
551.440446317
550.45768559
548.480959713
544.387801945
536.676806569
526.3833583
515.603511244
504.989063919
494.337807775
483.190034181
471.068853796
457.775954887
443.012106419
426.939730898
410.324535355
393.924328372
377.671412125
362.374427982
347.660097793
333.013527878
318.32661625
303.466100618
288.767803006
274.818929248
261.176102448
248.860830992
238.623457458
229.169244625
220.36005149
212.286730077
205.187122995
199.186093073
194.19180618
190.072147252
186.720782892
183.998691652
181.735975266
179.778835712
178.00498121
176.314642601
174.609625055
172.684465639
170.493503506
168.581358109
167.179732995
165.464247676
164.509676633
162.500432903
167.02352392
160.227000216
160.914422004
159.005499374
166.001641045
157.708700802
157.065610624
168.56961266
157.492668506
155.590636753
155.733824976
165.401682681
155.429974054
164.325496689
154.425587832
153.962448654
157.257349823
153.481242707
166.518978436
154.232358749
152.644001599
152.704777326
155.656576696
152.316323091
160.243498927
151.954302279
154.566755719
151.476728431
160.124500992
151.266272015
150.723684115
153.742037953
150.773354597
177.844603714
151.62369575
150.327787668
150.099351906
166.789698382
149.935419693
149.672369532
149.711490806
152.429100308
172.539212728
149.946116428
149.36400394
149.231585981
163.034866621
149.213492836
148.942151762
148.964913496
158.338730528
150.663710766
148.782604174
156.054160779
148.796338124
148.306131699
148.454152481
156.605584902
148.501867966
148.099859497
152.83222552
147.958530703
147.944734247
160.217069031
149.282732485
147.698967947
151.53563743
147.579408901
161.978247752
147.768347533
147.359393517
154.12144006
148.841369783
147.213897089
160.803725441
147.187711826
146.903817058
146.936499004
160.983140884
146.997282248
146.72678371
147.020443906
157.135977093
147.64407663
146.777942461
146.734974101
173.790555332
149.893540375
146.646349076
146.544739687
167.688903931
146.477641966
146.312431434
146.39139722
149.346165787
146.349039394
161.670953751
146.323571817
146.149751889
152.545366929
146.287972362
146.129589447
306.405938894
337.442134551
327.478736183
323.984346063
321.895264568
312.929198598
302.842724428
302.360951978
302.166966653
301.973737686
301.772463278
301.586616642
301.420006064
301.27038687
301.135838933
301.015203669
300.907795747
300.812856651
300.728525325
300.652183692
300.581712096
300.516240426
300.455321771
300.397599631
300.343298155
300.293172357
300.245854544
300.201139096
300.158696596
300.11830065
300.079847063
300.042815909
300.006504622
299.9725304
299.939944301
299.908773919
299.878529765
299.849820168
299.821645201
299.795233327
299.768571889
299.744893895
299.718114403
299.700403659
299.664605351
299.67648299
299.573651497
299.77390547
299.417473477
299.65249107
299.477055611
299.756814519
299.333672494
299.648272543
299.315747067
299.562443178
299.341947986
299.526811641
299.325468331
299.607890539
299.214068221
299.609357817
299.175757391
299.445139001
299.170569913
299.354401794
299.523602078
299.101817759
299.344968555
299.108483668
299.224453036
299.209591102
299.198471884
299.187453854
299.148804408
299.296013679
299.072140059
299.635552391
298.916133917
298.854159157
299.13618925
298.898061825
298.968340281
298.899439238
298.866230119
298.638543297
298.525272799
302.4532324
297.555750006
296.948099148
295.345041932
289.271713301
279.186419569
287.029103941
268.714723746
265.489068204
262.873362326
260.621827935
292.403587136
258.877885307
257.311129164
256.123990949
254.995180986
253.950781343
253.003389786
252.523765485
284.225613628
251.059335177
250.515202057
250.192406943
249.967589236
256.145335467
270.792719431
248.619433767
248.495753096
248.423280093
248.370035418
248.336209742
267.33561112
357.684517869
319.338701712
317.399642101
316.143659748
314.531286374
313.772710625
321.133610733
311.17499778
267.230013907
258.414525327
252.854492848
252.701461509
252.464182103
252.410386382
252.384262873
252.383936788
252.255378561
277.274521135
292.116133529
291.545800851
291.149188128
292.167849801
290.903448826
287.32136746
286.042175279
285.534114007
285.135947602
284.837811281
284.653405426
284.60847356
290.760545803
286.549894447
286.040655447
288.837666586
283.367456447
286.108768071
289.747909371
284.716297286
283.217494181
286.146599793
287.208214392
289.535890936
297.347691359
288.821679222
294.051562689
289.534663337
290.7719419
285.298463732
289.543951956
284.650234845
285.4101029
285.511659388
285.293054963
287.561541127
286.247687032
283.81853066
284.507492991
283.465589797
282.511550743
307.347778335
289.102778192
283.516025838
284.725431659
283.398368889
284.774383451
287.695068322
298.623631663
309.602446088
309.361326426
327.055690765
308.931189464
308.450910381
308.299848975
308.218575244
308.296238825
307.955199989
308.176891003
308.229537185
308.220534992
321.578908714
307.545564034
307.311947874
307.229106669
307.001468361
312.332581727
306.816072803
307.414392615
307.088977228
307.505246795
307.335271799
376.609437456
307.606854335
307.077847618
306.972848315
306.990703727
307.006812308
306.987616429
306.865317282
312.633025055
306.579532764
306.574133327
306.500766777
316.427562054
334.921215735
305.868717515
305.952070134
341.418943409
382.525010623
309.807100362
306.66612321
306.533199611
306.470288204
306.497616296
306.204267317
306.657059255
306.586600564
306.85686429
306.607415184
306.884281201
310.787919239
306.475720191
306.81065563
306.313922977
306.705690372
306.310329535
306.575755268
416.615127355
305.383954805
305.686039686
305.645321668
305.711288657
305.59899019
305.666314732
305.918981908
305.900600045
306.050396409
305.810283231
308.681264917
305.054177294
305.251891467
305.447172178
305.389068574
305.249937305
305.483149665
307.212280835
305.513869347
305.296529543
304.844990379
305.039365275
304.990041198
306.557669138
305.193958633
305.534493428
305.326843301
305.494881071
305.63798503
305.640352056
305.650683247
305.628615295
323.743628034
306.231243545
305.562162086
305.641125873
305.814639765
305.630026768
305.400528371
305.604473042
305.572717137
305.600105929
305.531718124
305.524955917
305.440205187
305.426867712
305.557161057
305.105133899
305.37819528
305.10116929
305.162127882
305.24669373
307.516095059
303.608809811
303.975255046
304.125243695
304.070737214
304.028555117
304.193396592
304.335382904
304.483208945
304.577345268
304.63591458
304.669001252
304.682661591
304.680168859
320.125526595
314.881557084
314.902668976
317.654439272
312.25502601
305.40147214
304.537936862
304.635790259
304.683774942
304.257577495
304.510581499
304.465685089
304.622536518
304.592028829
304.663097367
304.622071316
307.505517664
305.955608802
302.17090577
302.562674821
303.142178767
303.488760043
303.439818463
303.302378334
303.400258246
303.354863475
303.461990518
303.357925211
303.375116096
303.290776072
303.30871093
318.478566502
304.0422547
306.973755419
303.419317613
303.462334274
303.744619109
319.942738197
302.405658899
302.852497649
303.161735748
302.790577405
318.658491326
312.836695929
308.674790248
308.190375371
307.890555922
307.666923895
307.488255278
307.339981539
307.211665675
307.097007739
306.979316109
306.83420113
311.916628557
306.802223461
310.327466909
306.734132435
306.688624432
306.653502344
306.621023735
306.587821545
306.553620361
306.52067904
306.486381488
306.448886014
306.407170326
306.358672315
306.294672694
306.217765527
306.082739362
305.984529849
306.01763415
305.883248054
305.942751336
305.867032431
305.826429344
305.78292878
305.744425676
305.715623762
305.690426165
305.664203528
305.637233803
305.611182287
305.587196725
305.565803834
305.546769432
305.530258628
305.515361732
305.504297122
305.491108429
310.766615246
305.472868028
305.45513318
307.116116582
307.509394483
I tensorflow/stream_executor/dso_loader.cc:108] successfully opened CUDA library libcublas.so locally
I tensorflow/stream_executor/dso_loader.cc:108] successfully opened CUDA library libcudnn.so locally
I tensorflow/stream_executor/dso_loader.cc:108] successfully opened CUDA library libcufft.so locally
I tensorflow/stream_executor/dso_loader.cc:108] successfully opened CUDA library libcuda.so locally
I tensorflow/stream_executor/dso_loader.cc:108] successfully opened CUDA library libcurand.so locally
I tensorflow/stream_executor/dso_loader.cc:108] successfully opened CUDA library libcublas.so locally
I tensorflow/stream_executor/dso_loader.cc:108] successfully opened CUDA library libcudnn.so locally
I tensorflow/stream_executor/dso_loader.cc:108] successfully opened CUDA library libcufft.so locally
I tensorflow/stream_executor/dso_loader.cc:108] successfully opened CUDA library libcuda.so locally
I tensorflow/stream_executor/dso_loader.cc:108] successfully opened CUDA library libcurand.so locally
I tensorflow/stream_executor/cuda/cuda_gpu_executor.cc:924] successful NUMA node read from SysFS had negative value (-1), but there must be at least one NUMA node, so returning NUMA node zero
I tensorflow/core/common_runtime/gpu/gpu_init.cc:102] Found device 0 with properties: 
name: GeForce GTX 660
major: 3 minor: 0 memoryClockRate (GHz) 1.0975
pciBusID 0000:01:00.0
Total memory: 2.00GiB
Free memory: 1.63GiB
I tensorflow/core/common_runtime/gpu/gpu_init.cc:126] DMA: 0 
I tensorflow/core/common_runtime/gpu/gpu_init.cc:136] 0:   Y 
I tensorflow/core/common_runtime/gpu/gpu_device.cc:806] Creating TensorFlow device (/gpu:0) -> (device: 0, name: GeForce GTX 660, pci bus id: 0000:01:00.0)
600
1112.35843918
1111.51621926
1111.17088491
1110.9420687
1110.75802547
1110.59589273
1110.45627475
1110.33430231
1110.22409594
1110.12040913
1110.01974052
1109.92143679
1109.82662404
1109.73563898
1109.64723003
1109.56022245
1109.4736349
1109.38696599
1109.30050784
1109.21501285
1109.13095409
1109.04809397
1108.96544605
1108.88170546
1108.79548621
1108.70602143
1108.61407036
1108.52194732
1108.43126303
1108.34319365
1108.25890201
1108.17916244
1108.10539469
1108.03998128
1107.98621845
1107.94822329
1107.92933381
1107.92829925
1107.93741506
1107.94601455
1107.94565463
1107.93252543
1107.9069722
1107.87182087
1107.83013868
1107.78409299
1107.73474357
1107.68245554
1107.62710658
1107.56802201
1107.50374442
1107.43142912
1107.34604529
1107.23943847
1107.10032204
1106.91383269
1106.65000394
1106.26602197
1105.79201943
1105.22655967
1104.61154085
1103.97620896
1103.5202814
1103.02975082
1102.17089117
1100.88176194
1097.85053933
1086.7579262
1042.70497422
949.153912455
872.876845278
828.901826911
797.924865041
758.580857798
710.340443436
678.165381739
654.770449859
641.485931588
629.664718537
614.984243785
592.903962083
570.224194406
557.271176721
534.33856573
513.816668762
481.603910441
442.916872553
416.293259341
385.818595534
353.486926526
322.036519077
297.537525092
280.098424066
268.267041823
260.032808904
253.699212908
249.650093133
246.19890132
244.279308113
242.239120181
241.256337774
240.341945856
239.717169143
239.13984155
238.53665785
241.781211994
238.001021491
237.606056709
237.308529522
237.041961805
236.784110564
236.516674573
236.229966208
235.925844478
235.63553498
236.817166638
251.877073312
235.36939504
235.177679525
235.025675948
234.912383504
234.81747303
234.728161414
234.64031986
234.549001558
234.446905773
234.335403434
234.227842243
241.094908632
234.094460093
234.030423995
233.962393678
233.890485636
233.815390004
233.740234516
298.440255828
233.733477556
233.716155262
233.674549468
233.629681608
233.585139667
233.541590016
233.499283436
233.457960524
233.417089851
233.376202425
240.467247541
240.421461759
233.292537541
233.241954902
233.203747942
233.169861626
233.137299149
233.104760363
233.071547967
233.035350223
233.000820336
232.971500318
232.969323734
232.975702939
232.898306674
232.864975257
232.837684118
232.812697365
232.788885695
232.765954699
232.742536642
232.718329004
232.694387844
232.669958252
232.645834005
259.240451743
232.623175863
232.615725312
232.596274096
232.576883044
232.558760675
232.537087354
232.517799059
232.498512052
239.937652501
232.45654158
232.450304082
232.434274299
232.417656779
232.400880291
232.384184373
238.436371883
232.341439222
232.3440363
343.388296445
234.69287842
232.449281346
232.4197466
232.395068288
232.374884626
232.35719514
232.340909674
232.325412301
232.310295042
232.2955144
232.281121762
232.267149568
232.253609527
232.240298942
232.227193149
232.214253547
232.201401328
232.188654244
304.395373659
294.107278924
232.316704628
232.307829883
232.272923104
232.248538348
232.23025447
232.215136389
232.201659854
232.189032199
232.176724528
232.164588994
232.152626954
232.14084949
232.129268996
245.542231594
232.115386797
232.110050833
232.099451375
232.088689635
232.078067978
232.067584204
232.057265361
232.047029871
232.036911685
232.026895228
232.017028868
324.535761265
232.07254898
232.082424092
232.072497562
232.059608356
232.046763673
232.034825799
232.02387412
232.013609953
232.003794812
231.994257293
231.984890664
231.975648668
231.966545793
231.957527709
231.948633608
231.939844122
269.785973459
232.006778483
231.945043025
231.938821202
231.931032172
231.92271663
231.914358062
231.906051631
231.897848774
231.889769973
231.881788545
231.873878802
815.840114446
890.705450358
795.90351789
739.878443501
752.648810428
795.659059625
787.298406984
779.160629971
767.56857855
757.768941159
749.67024213
741.247195751
736.4044299
790.197332027
765.696769183
710.36783192
702.798187886
699.324609328
691.979232145
688.714378645
683.531610507
678.866937128
675.545096481
671.938344375
668.46302704
664.611637545
661.68861397
658.857273024
657.55660135
654.39107652
678.804291417
651.512324044
651.373314988
652.064402087
651.168277431
651.343424467
650.911303483
650.775400322
649.965764968
649.878860522
649.873417363
649.244800532
649.158051761
648.99457572
648.955536552
648.892073978
648.611337602
648.267514074
648.19955801
648.177425725
647.913501738
647.995760375
647.780463709
647.53925642
647.473295508
649.267584007
678.150159486
648.24444024
647.264597499
647.585825867
647.079753112
649.118526896
646.800633582
646.857597523
647.190759549
649.920995835
647.054583827
651.933958703
697.546177136
646.767976585
646.276701675
649.070491654
646.053476161
647.707941497
645.604978946
649.20260777
646.399058477
646.297217456
674.328402374
632.273865512
630.36145003
632.53351061
631.279078321
642.627727108
634.488420135
635.044284916
635.087365807
629.318728381
641.771431289
624.942512809
629.079467383
624.721886894
666.523985528
629.574063776
624.087393717
633.084442718
629.031237541
625.457669366
639.836782651
641.21512823
624.516196704
623.203087483
624.440502419
627.283985551
620.300269536
615.626517267
609.838694599
594.998915171
591.798156213
591.611569501
584.092045102
577.351293818
567.950264089
546.322093765
532.071490832
549.937550279
518.568221354
521.220613842
524.34145148
532.292372786
522.712179495
534.398144231
523.005600185
529.75560146
525.356479361
529.845706002
525.334553797
523.707707195
527.077423827
536.637187014
522.591097997
525.109008783
522.356732151
528.830248781
523.69514426
528.931345648
543.198212356
517.929036022
502.71210299
480.493022734
480.402998616
475.020325019
473.221972175
469.271058646
471.096617126
468.798595361
469.382767923
478.650887117
468.052783019
468.476201142
474.87217399
467.608230456
468.326449668
468.924023183
469.519262678
466.797247943
467.743066689
478.654119466
466.859463958
467.231044799
489.270862643
490.996784306
447.175621662
468.792954076
449.745808324
437.646926516
432.456486528
429.192815841
452.196764691
468.112697391
450.275995625
433.239718178
426.555804055
428.87487659
420.867436535
426.128461263
419.382579329
428.050507772
420.713134865
420.064798983
419.369312505
419.214391763
418.969689067
424.011511997
417.356419971
420.88355921
416.579971734
425.618992289
416.69586652
416.275865823
425.560619668
416.207459131
417.153448082
421.080281247
418.975206215
421.005798763
415.816226025
418.949314712
415.526488779
422.127870681
414.397155912
416.990594502
414.591500458
420.078890682
414.964124741
422.881194826
413.818513452
415.311164181
422.390226024
416.459220951
418.727319828
414.355226805
413.684868402
415.411332719
420.772703954
413.301096507
414.79971808
417.678959161
413.183896775
416.562667107
418.685950991
419.761327573
414.141184694
419.899878523
413.890357216
415.206549039
414.449312537
413.272647217
415.547673669
419.431454607
406.889252591
420.94361376
417.850187761
426.362892424
414.031759797
414.792054789
415.647188406
413.697062653
416.123161867
420.215075269
414.324210375
415.618015198
412.870798011
412.470069286
412.967890738
413.906007697
412.747485759
412.403910014
400.872679289
428.732623485
416.116661345
413.062059736
411.778517796
412.184005773
411.47379552
411.209918792
411.137267927
412.416706739
418.359542793
413.891358929
415.290146068
415.622548337
418.537205402
417.604197006
413.640627625
414.111689035
415.354665802
412.465004805
415.940694651
419.222747134
417.41435222
413.747240438
413.680058029
414.969555689
414.249751802
415.519969492
417.195982176
420.26389719
443.079249008
438.770650282
418.019160188
420.176326119
422.854710892
415.842918747
412.769840815
414.491835958
414.197319685
420.37187711
414.281016268
424.393127645
418.110317238
412.630680917
412.171607091
420.679722857
412.51260336
413.38213283
412.895488956
414.993948716
415.804578311
415.282937573
409.858031979
418.943176702
417.0080397
414.586432909
410.162592336
419.719122803
414.408884171
413.169188012
415.449335959
418.514959736
414.127522756
413.54855205
413.358036425
415.194427997
414.970431698
412.456868263
413.119434086
413.437561696
442.468548074
471.413378438
665.755427023
732.350976906
679.185846883
672.607714373
607.896269303
552.468254879
531.157086769
425.645387447
420.631357962
421.104238378
417.094107486
419.125547285
425.16695747
420.184508111
416.231084075
I tensorflow/stream_executor/dso_loader.cc:108] successfully opened CUDA library libcublas.so locally
I tensorflow/stream_executor/dso_loader.cc:108] successfully opened CUDA library libcudnn.so locally
I tensorflow/stream_executor/dso_loader.cc:108] successfully opened CUDA library libcufft.so locally
I tensorflow/stream_executor/dso_loader.cc:108] successfully opened CUDA library libcuda.so locally
I tensorflow/stream_executor/dso_loader.cc:108] successfully opened CUDA library libcurand.so locally
