I tensorflow/stream_executor/dso_loader.cc:108] successfully opened CUDA library libcublas.so locally
I tensorflow/stream_executor/dso_loader.cc:108] successfully opened CUDA library libcudnn.so locally
I tensorflow/stream_executor/dso_loader.cc:108] successfully opened CUDA library libcufft.so locally
I tensorflow/stream_executor/dso_loader.cc:108] successfully opened CUDA library libcuda.so locally
I tensorflow/stream_executor/dso_loader.cc:108] successfully opened CUDA library libcurand.so locally
I tensorflow/stream_executor/cuda/cuda_gpu_executor.cc:924] successful NUMA node read from SysFS had negative value (-1), but there must be at least one NUMA node, so returning NUMA node zero
I tensorflow/core/common_runtime/gpu/gpu_init.cc:102] Found device 0 with properties: 
name: GeForce GTX 660
major: 3 minor: 0 memoryClockRate (GHz) 1.0975
pciBusID 0000:01:00.0
Total memory: 2.00GiB
Free memory: 1.63GiB
I tensorflow/core/common_runtime/gpu/gpu_init.cc:126] DMA: 0 
I tensorflow/core/common_runtime/gpu/gpu_init.cc:136] 0:   Y 
I tensorflow/core/common_runtime/gpu/gpu_device.cc:806] Creating TensorFlow device (/gpu:0) -> (device: 0, name: GeForce GTX 660, pci bus id: 0000:01:00.0)
600
557.724167407
555.415202618
554.955287158
554.644707441
554.416502178
554.240025818
554.101590931
553.993436158
553.909099281
553.842754185
553.789058208
553.74363333
553.703309774
553.665553868
553.627998352
553.588450134
553.544974387
553.496384084
553.442669451
553.384884
553.324557722
553.263137996
553.201698661
553.14080894
553.080585539
553.0208987
552.961457491
552.901982367
552.842117369
552.781552732
552.719879925
552.656607211
552.591072202
552.522376418
552.449431002
552.370922863
552.285399914
552.191368341
552.087408125
551.972387254
551.845621347
551.706970215
551.556755304
551.39537847
551.223001212
551.039245784
550.843360245
550.634440452
550.412179887
550.17748332
549.931840926
549.674548656
549.398539007
549.089522332
548.738059491
548.348729908
547.921492904
547.475569814
547.058479607
546.716225713
546.458290279
546.306587994
546.287842214
546.38060683
546.541645825
546.97239086
547.203987837
547.294852376
547.505296022
547.777430564
547.520056456
547.403798491
547.406990319
547.309768379
547.269825459
547.25270164
547.224643409
547.155176371
547.032747686
546.852727324
546.620298296
546.356583297
546.095872283
545.886950016
545.783301234
545.719276786
545.571612924
545.513598204
545.471898705
545.396134794
545.217210174
544.939720631
544.727974176
544.561038703
544.379134208
544.167820036
543.928948432
543.667854369
543.385320812
543.078247547
542.751060963
542.397630394
541.998496711
541.539967269
541.034238696
540.52760759
540.027514786
539.481316417
538.894494772
538.461791188
537.481040388
536.211830795
534.814114004
533.219491094
531.407169253
528.968822852
525.968824923
523.332402155
520.821610793
518.293445781
515.684130087
512.686842442
508.797362618
504.046577036
499.388736032
494.380108923
487.80802615
480.766014598
473.125370793
464.818575084
455.258405209
445.908948969
436.826223947
426.558009673
417.579080582
407.309757985
397.963797584
387.732419882
379.715342788
372.535660177
365.905755028
359.866288829
353.003967311
347.379677098
342.906700491
339.229141673
336.063098603
333.241709536
330.696236076
328.38717198
326.282499309
324.353096572
322.570189596
320.899580424
319.253965381
316.65365688
313.470815713
310.409655742
308.455260139
307.096112683
305.75733474
304.571411484
303.465565857
302.446387284
301.49855006
300.616100415
299.791527876
299.019160406
298.293553347
297.610167312
296.964888182
296.353926197
295.773961886
295.221723183
294.694066519
294.187505785
293.698220637
293.220421241
292.744822086
292.259530354
284.315206386
291.449947412
291.086736059
289.999492704
288.625296457
284.14781702
281.468207668
280.487461756
279.794933788
280.787142181
278.94959465
278.564368812
280.805684707
279.629238421
278.390994295
280.79913648
278.754563437
277.561572657
277.124121255
277.509040215
276.918777841
279.838954948
277.691227142
276.197756685
275.450999064
279.506067579
276.445372705
274.48353348
277.365676923
275.935422022
272.851399603
274.428375232
273.324985459
270.913508692
269.165223113
266.189370693
262.000778947
254.829832086
253.982675542
250.606723132
242.073174563
254.290639781
252.14238326
246.981908245
247.211220484
238.554971182
243.703774845
238.013969599
238.76068531
236.340128443
235.999672343
234.675934209
236.273735483
232.771852925
233.393244255
233.880959853
235.466790515
230.764980475
229.783250456
230.408452886
229.980784765
228.53632477
228.735634715
229.256023283
226.386013449
225.343150669
220.555220054
214.736430685
209.535471675
194.72502152
184.194319423
175.670621425
179.531975023
166.805399501
165.021565484
167.5127136
165.911831643
164.114482739
165.918720543
160.075918945
152.559308916
143.065383759
146.002032121
141.18592149
140.886468264
141.314201338
140.502745359
140.181920611
132.752930312
130.574801572
129.456491035
132.614560383
128.207889336
128.011969462
129.80874496
128.496713618
115.838937395
98.6671783745
94.735448648
92.470883266
91.4905505935
90.9025223343
90.36898234
87.9347949006
87.3475774838
86.7033891223
87.28827292
86.4924867953
88.1068398522
83.4762962132
78.6814111229
78.4899048801
78.3579769827
79.5311746528
78.0095980248
77.9235882042
79.2088092623
77.9485901619
77.6976286441
77.5104919575
67.5628240456
28.1530349378
13.4385238685
9.76102154625
7.43807662227
5.82628962128
4.6481155604
3.74507197709
3.0172449151
2.41712550329
1.91929080054
1.50889772646
1.17631789975
0.910870691925
0.701164882631
0.538275258049
0.412194383222
0.315816949283
1.63967909622
0.355585838886
0.279102158195
0.265219439152
0.248769254065
0.229171526719
0.206582860704
0.181859616454
0.156242112467
0.131089651181
0.107628793386
0.0867397329416
0.0689151189791
0.0541817542073
0.0422874756801
0.0328398773876
0.0254161001263
0.0196257590624
0.0151327447138
0.0116537792864
0.0089699725542
0.006895702519
0.00529601616233
0.00407029630622
0.0031250799811
0.00239742298569
0.00183999832609
0.00141048604434
0.00108087163646
0.000827909117362
0.000635862697678
0.000484824387755
0.000372529153722
0.000283598968466
0.000217676200293
0.000161886237152
0.000136494652807
13.592881554
0.000138998053686
0.000135898609145
0.0001343488873
0.000133633631222
0.000132918375144
0.000132918375144
0.0001319647006
0.0001319647006
0.0001319647006
0.0001319647006
0.0001319647006
0.00013101102617
0.000130176561044
0.000128865258702
0.000128865258702
0.000128626840095
0.000128626840095
0.000128626840095
0.000128269212169
0.00012612344446
0.00012433530469
0.000123620048797
0.000121831909055
0.000112175955039
0.000101685536109
9.47713964905e-05
8.54730707971e-05
7.34329311172e-05
6.98566520043e-05
6.98566520043e-05
6.92606054855e-05
5.82933495394e-05
2.21729304997e-05
0.0
0.0
0.0
0.0
0.0
0.0
0.0
0.0
0.0
0.0
0.0
0.0
0.0
0.0
0.0
0.0
0.0
0.0
0.0
0.0
0.0
0.0
0.0
0.0
0.0
0.0
0.0
0.0
0.0
0.0
0.0
0.0
0.0
0.0
0.0
0.0
0.0
0.0
0.0
0.0
0.0
0.0
0.0
0.0
0.0
0.0
0.0
0.0
0.0
0.0
0.0
0.0
0.0
0.0
0.0
0.0
0.0
0.0
0.0
0.0
0.0
0.0
0.0
0.0
0.0
0.0
0.0
0.0
0.0
0.0
0.0
0.0
0.0
0.0
0.0
0.0
0.0
0.0
0.0
0.0
0.0
0.0
0.0
0.0
0.0
0.0
0.0
0.0
0.0
0.0
0.0
0.0
0.0
0.0
0.0
0.0
0.0
0.0
0.0
0.0
0.0
0.0
0.0
0.0
0.0
0.0
0.0
0.0
0.0
0.0
0.0
0.0
0.0
0.0
0.0
0.0
0.0
0.0
0.0
0.0
0.0
0.0
0.0
0.0
0.0
0.0
0.0
0.0
0.0
0.0
0.0
0.0
0.0
0.0
0.0
0.0
0.0
0.0
0.0
0.0
0.0
0.0
0.0
0.0
0.0
0.0
0.0
0.0
0.0
0.0
0.0
0.0
0.0
0.0
0.0
0.0
0.0
0.0
0.0
0.0
0.0
0.0
0.0
0.0
0.0
0.0
0.0
0.0
0.0
0.0
0.0
0.0
0.0
0.0
0.0
0.0
0.0
0.0
0.0
0.0
0.0
0.0
0.0
0.0
0.0
0.0
0.0
0.0
0.0
0.0
0.0
0.0
0.0
0.0
0.0
0.0
0.0
0.0
0.0
0.0
0.0
0.0
0.0
0.0
0.0
0.0
0.0
0.0
0.0
0.0
0.0
I tensorflow/stream_executor/dso_loader.cc:108] successfully opened CUDA library libcublas.so locally
I tensorflow/stream_executor/dso_loader.cc:108] successfully opened CUDA library libcudnn.so locally
I tensorflow/stream_executor/dso_loader.cc:108] successfully opened CUDA library libcufft.so locally
I tensorflow/stream_executor/dso_loader.cc:108] successfully opened CUDA library libcuda.so locally
I tensorflow/stream_executor/dso_loader.cc:108] successfully opened CUDA library libcurand.so locally
