I tensorflow/stream_executor/dso_loader.cc:108] successfully opened CUDA library libcublas.so locally
I tensorflow/stream_executor/dso_loader.cc:108] successfully opened CUDA library libcudnn.so locally
I tensorflow/stream_executor/dso_loader.cc:108] successfully opened CUDA library libcufft.so locally
I tensorflow/stream_executor/dso_loader.cc:108] successfully opened CUDA library libcuda.so locally
I tensorflow/stream_executor/dso_loader.cc:108] successfully opened CUDA library libcurand.so locally
I tensorflow/stream_executor/cuda/cuda_gpu_executor.cc:924] successful NUMA node read from SysFS had negative value (-1), but there must be at least one NUMA node, so returning NUMA node zero
I tensorflow/core/common_runtime/gpu/gpu_init.cc:102] Found device 0 with properties: 
name: GeForce GTX 660
major: 3 minor: 0 memoryClockRate (GHz) 1.0975
pciBusID 0000:01:00.0
Total memory: 2.00GiB
Free memory: 1.63GiB
I tensorflow/core/common_runtime/gpu/gpu_init.cc:126] DMA: 0 
I tensorflow/core/common_runtime/gpu/gpu_init.cc:136] 0:   Y 
I tensorflow/core/common_runtime/gpu/gpu_device.cc:806] Creating TensorFlow device (/gpu:0) -> (device: 0, name: GeForce GTX 660, pci bus id: 0000:01:00.0)
600
0.728104342619
printing diff
-1.32263822803
0.694204769012
printing diff
0.0149963216877
0.694010513745
printing diff
0.000380329554609
0.693839392092
printing diff
5.80186688707e-05
0.69370435169
printing diff
1.48840780103e-05
0.693594254302
printing diff
5.12189650259e-06
0.693503296644
printing diff
-1.625893859e-05
0.693427115567
printing diff
-4.00179169503e-05
0.69336140305
printing diff
-4.52808056666e-05
0.693302457637
printing diff
-4.61602539235e-05
0.693247764146
printing diff
-5.16217253235e-05
0.693196151895
printing diff
-5.22714830907e-05
0.693146948074
printing diff
-4.6170548593e-05
0.693099453318
printing diff
-5.10564136863e-05
0.693053348417
printing diff
-7.4848663225e-05
0.693008501479
printing diff
-0.000107537894434
0.692964739435
printing diff
-0.000141400494176
0.692921848709
printing diff
-0.00017413664819
0.692879665629
printing diff
-0.000206552026269
0.692838065914
printing diff
-0.00023730750078
0.692796984214
printing diff
-0.000266626048297
0.692756401881
printing diff
-0.000294383386796
0.692716301756
printing diff
-0.000318505289558
0.692676721213
printing diff
-0.000340203170633
0.692637653464
printing diff
-0.000357825257751
0.692599124246
printing diff
-0.000369924776844
0.692561117818
printing diff
-0.000376584085266
0.692523602177
printing diff
-0.000377497774489
0.692486527417
printing diff
-0.000372056146438
0.692449794544
printing diff
-0.000360516194856
0.692413301357
printing diff
-0.000343097688558
0.692376919622
printing diff
-0.000320314167438
0.692340520953
printing diff
-0.000291529301559
0.692304008371
printing diff
-0.000255701613516
0.692267345696
printing diff
-0.000208599397327
0.692230622148
printing diff
-0.000148375804195
0.692193848245
printing diff
-7.99380345398e-05
0.692156841295
printing diff
-1.09251061727e-05
0.692119184961
printing diff
5.56283659571e-05
0.692080407178
printing diff
0.000116622343529
0.692040052745
printing diff
0.000171181705031
0.691997644301
printing diff
0.000222289666664
0.691952804824
printing diff
0.000272465960702
0.691905158109
printing diff
0.00032467768995
0.691854359211
printing diff
0.000379748353373
0.691800039276
printing diff
0.000438133079806
0.691741795131
printing diff
0.000501071108745
0.691679216147
printing diff
0.000568166468409
0.691611909001
printing diff
0.000642040271186
0.691539574736
printing diff
0.000722079462044
0.691461969377
printing diff
0.000811376246403
0.691378979719
printing diff
0.000912501904484
0.691290523255
printing diff
0.00103032387541
0.6911964719
printing diff
0.00117164052025
0.691096450457
printing diff
0.00134457612366
0.690989601187
printing diff
0.00155924467629
0.690874425282
printing diff
0.00182495643857
0.690748590403
printing diff
0.00215269604672
0.690608878048
printing diff
0.00255021904228
0.690451334057
printing diff
0.00301948066647
0.690271896549
printing diff
0.00355231620194
0.690067623636
printing diff
0.00412149527792
0.689838603195
printing diff
0.00467488427037
0.689589422882
printing diff
0.00513786144639
0.689328407242
printing diff
0.00542750995657
0.689066093541
printing diff
0.00546348505235
0.688813540977
printing diff
0.0051863586649
0.688578996887
printing diff
0.00461270192985
0.688365921359
printing diff
0.00383449637696
0.688173770905
printing diff
0.00297061410804
0.687999784462
printing diff
0.00212333221758
0.687840535808
printing diff
0.00136381007255
0.687692903234
printing diff
0.0007467463855
0.68755474847
printing diff
0.000312962878183
0.687424712396
printing diff
8.96585151758e-05
0.687301366626
printing diff
7.55887604477e-05
0.687182249839
printing diff
0.000238470500044
0.687063254873
printing diff
0.000535841205988
0.686938472698
printing diff
0.000935844694718
0.686799824536
printing diff
0.00142685485274
0.686636657977
printing diff
0.00200887526081
0.686435136464
printing diff
0.00267616902782
0.686176954544
printing diff
0.00340390123324
0.685835752417
printing diff
0.00416262651116
0.685369646184
printing diff
0.00495060148168
0.684704438281
printing diff
0.00582944802259
0.683707467083
printing diff
0.00681551727694
0.682190539877
printing diff
0.00761564376208
0.679973002742
printing diff
0.0079016123009
0.676875477477
printing diff
0.00762139699038
0.672652454266
printing diff
0.00592491429798
0.666909920073
printing diff
0.00339214031926
0.659233430058
printing diff
0.00354031041656
0.650435253549
printing diff
0.00207289161909
0.640918421973
printing diff
0.000359889861192
0.630440487059
printing diff
0.00916509634264
0.619058779412
printing diff
0.0178786481501
0.608063120605
printing diff
0.0220977082494
0.596441055829
printing diff
0.0225158816061
0.58565106518
printing diff
0.0265758476583
0.574278041002
printing diff
0.0361146021993
0.56324116964
printing diff
0.0306211386589
0.553855020119
printing diff
0.0334838128396
0.543837626424
printing diff
0.0175990544735
0.533143747882
printing diff
0.00875544751317
0.521143331285
printing diff
-0.00176757589001
0.511606273434
printing diff
-0.00199683374249
0.502285958413
printing diff
0.000672137949882
0.492642310769
printing diff
0.00497088518847
0.482990206973
printing diff
0.0189125670192
0.470487341492
printing diff
0.0325830980986
0.456088565222
printing diff
0.0285766174054
0.446435930189
printing diff
0.0312864926174
0.433907445758
printing diff
0.0289585257837
0.425365336279
printing diff
0.0168065036809
0.417851430196
printing diff
0.0221331380448
0.405212249903
printing diff
0.0348811333764
0.389948031098
printing diff
0.0466068523455
0.381986720767
printing diff
0.00368088159771
0.375816768108
printing diff
0.00407329065089
0.370456265904
printing diff
-0.00282077573809
0.365917631145
printing diff
-0.00572759080888
0.361680144245
printing diff
0.0382110644761
0.356815559813
printing diff
0.0112504049418
0.352817893345
printing diff
0.0132692740141
0.349232110587
printing diff
0.00299847268212
0.346640795476
printing diff
-0.00139144589619
0.344427632785
printing diff
0.00414954846695
0.342517152408
printing diff
0.0121665862884
0.33903245589
printing diff
-0.00238564705595
0.337334211779
printing diff
0.0217897991798
0.335638880763
printing diff
-0.00651014856854
0.333109243454
printing diff
-0.00415329270774
0.330905211082
printing diff
-0.00298869592582
0.328880814187
printing diff
-0.00220346315828
0.326962478974
printing diff
-0.00126780566756
0.325638282402
printing diff
0.00251843423602
0.324149928292
printing diff
0.000796906381976
0.323533747634
printing diff
0.00966122459028
0.322596349266
printing diff
0.00298059058232
0.321585364025
printing diff
0.00374493399199
0.320657258693
printing diff
0.00365106022575
0.319750306068
printing diff
0.00322285976531
0.319125557928
printing diff
0.00628283700774
0.318292320683
printing diff
0.00255492109297
0.318283371359
printing diff
0.0181012731325
0.317732896642
printing diff
0.00214566079753
0.316980516027
printing diff
0.000209219490314
0.316089704911
printing diff
-0.000683408023064
0.316541664502
printing diff
0.0321123275582
0.316258555058
printing diff
0.00599197583397
0.315908371635
printing diff
0.0089460597799
0.315787740757
printing diff
0.0138530453157
0.316060056218
printing diff
0.0197473037685
0.316934043822
printing diff
0.020221333291
0.317843403153
printing diff
0.00227680195878
0.317198607875
printing diff
0.0103635914386
0.317579985411
printing diff
-0.00217255651112
0.316046479756
printing diff
0.0126918386691
0.316605982759
printing diff
-0.00315382263655
0.314492183587
printing diff
0.013385539407
0.315030056948
printing diff
-0.00528857618505
0.311911064795
printing diff
0.00574348423192
0.311780910263
printing diff
-0.0144645113099
0.311030026884
printing diff
0.0159466109671
0.31184806678
printing diff
-0.0292557508012
0.307783707789
printing diff
0.00653851315617
0.309284286068
printing diff
-0.016426633942
0.306290382868
printing diff
0.018521577093
0.307661744915
printing diff
0.0208194540424
0.306447339734
printing diff
-0.0346125361704
0.303260731697
printing diff
0.0264392208287
0.305132312028
printing diff
-0.00302349628463
0.303845367216
printing diff
0.0188653205728
0.304601263668
printing diff
-0.0161128898369
0.302115332618
printing diff
0.0156387277262
0.303557901347
printing diff
-0.0124877854874
0.300549144463
printing diff
-0.000256599089101
0.299738899812
printing diff
-0.00834047195918
0.297320970737
printing diff
-0.0329664387811
0.298840259451
printing diff
0.0393027560203
0.298395296559
printing diff
-0.00519962007884
0.297700616211
printing diff
-0.00907130858153
0.296933140078
printing diff
-0.00599812933807
0.296370995697
printing diff
-0.00315533247421
0.296716649105
printing diff
0.00309077635331
0.295067128383
printing diff
0.00583470862438
0.300223110148
printing diff
0.0209525145505
0.296082892198
printing diff
-0.0237060700921
0.294636043326
printing diff
-0.00483366188294
0.296591780305
printing diff
-0.00746197078449
0.295096098335
printing diff
0.0145418933658
0.299588331254
printing diff
0.00336292881264
0.295463470915
printing diff
0.0177379678941
0.29858566615
printing diff
-0.0163009377536
0.292787483748
printing diff
0.0143767809396
0.298150648058
printing diff
-0.00439128719412
0.294073401687
printing diff
-0.0095741735685
0.295004748893
printing diff
-0.00125392606466
0.289827825985
printing diff
0.0150352544437
0.294153887845
printing diff
-0.00540492019776
0.291966390358
printing diff
0.00531300763834
0.290850906238
printing diff
-0.00233152688356
0.290185408428
printing diff
0.000829713909219
0.289460333542
printing diff
-0.0108150632496
0.287930689374
printing diff
0.00889443549664
0.289182795401
printing diff
-0.0221153664751
0.285138372528
printing diff
0.0240067510209
0.287124301235
printing diff
-0.0170359252626
0.286397236034
printing diff
0.00993035466367
0.285561950145
printing diff
0.00928669966272
0.286571555729
printing diff
-0.0154508321886
0.285528651831
printing diff
0.0166010536564
0.285316375279
printing diff
-0.00631798446488
0.285579698526
printing diff
-0.0106562303964
0.284503390402
printing diff
0.0147575350398
0.283262174645
printing diff
-0.0215444911116
0.284053453896
printing diff
0.00606988305669
0.284143800538
printing diff
0.0142166945035
0.283445104446
printing diff
-0.00179696405302
0.280022947093
printing diff
0.0111401666344
0.281705583582
printing diff
0.00994987992421
0.282467793778
printing diff
-0.00596243464557
0.281865148488
printing diff
0.00411169022993
0.281431952454
printing diff
0.011008323816
0.282324319015
printing diff
0.000808775104997
0.282179952215
printing diff
-0.00205145190931
0.282089397281
printing diff
-0.0011164763102
0.281670306216
printing diff
0.0149634951931
0.281666543092
printing diff
-0.00608116416092
0.281929609078
printing diff
0.00173172711608
0.281774354694
printing diff
0.00144000427135
0.281903365719
printing diff
0.0161412033781
0.281828048031
printing diff
-0.00129564183482
0.281637571525
printing diff
-3.25414825357e-05
0.281524706907
printing diff
-0.00786283373243
0.28197019225
printing diff
0.0195218897395
0.28303253387
printing diff
0.00795813509291
0.281880068259
printing diff
-0.00489788178707
0.282297828406
printing diff
0.00250717433541
0.282445230192
printing diff
0.00643346832193
0.285522696972
printing diff
0.00310581309595
0.286890167593
printing diff
-0.00305356949688
0.28167529556
printing diff
-0.000594747558444
0.287577014665
printing diff
0.0310711605921
0.281356023492
printing diff
-0.00742970365222
0.282679108284
printing diff
-0.000534931492662
0.284988971298
printing diff
-0.0012307043822
0.286377509896
printing diff
-0.00548052671016
0.293894545275
printing diff
-0.00299893229534
0.285963196348
printing diff
0.00543684016905
0.279057042097
printing diff
0.00244769587494
0.276814281484
printing diff
-0.0260503433472
0.273607041018
printing diff
0.0616506274821
0.274258568744
printing diff
-0.0408815498232
0.271438363508
printing diff
0.00251566679322
0.275788497943
printing diff
0.00685401757782
0.270994773268
printing diff
0.0159533182249
0.271224623875
printing diff
-0.0305800544312
0.272001140081
printing diff
-0.014051690128
0.272910726868
printing diff
0.0146601419865
0.272602985635
printing diff
0.0419187316265
0.273705149155
printing diff
-0.0772819464532
0.270769943923
printing diff
0.0427795581829
0.272345130089
printing diff
-0.00722206370379
0.272448304187
printing diff
0.0385442964898
0.274001923234
printing diff
-0.0476271727397
0.272472208452
printing diff
0.00338848888713
0.269266788645
printing diff
-0.0049362189927
0.271548214458
printing diff
0.01135138362
0.27336982563
printing diff
0.000280727691936
0.26905846515
printing diff
-0.0362869143432
0.273175944037
printing diff
0.050415197442
0.275392681498
printing diff
-0.0365342900866
0.269058466721
printing diff
0.0266988995342
0.271322436553
printing diff
-0.0057028007304
0.271793512206
printing diff
0.00434347863693
0.272062594217
printing diff
-0.00950370305183
0.271399334256
printing diff
0.0104497890947
0.272027328226
printing diff
0.016989443492
0.271115561777
printing diff
-0.0162127972894
0.272167176304
printing diff
-0.00238463679417
0.27278347962
printing diff
0.0101841669667
0.271922778093
printing diff
0.00668009249502
0.268295859314
printing diff
-0.0044552817112
0.27663427363
printing diff
-0.0174450592692
0.268524256787
printing diff
0.00811941036503
0.271430370356
printing diff
-0.00162783699726
0.274091957302
printing diff
-0.000474251708388
0.268870028476
printing diff
-0.0214464028323
0.272098027355
printing diff
0.0451725935039
0.270159333531
printing diff
-0.00293705836728
0.268472191938
printing diff
-0.00713155461208
0.273132862489
printing diff
0.0359936293824
0.270419736432
printing diff
-0.0403870614356
0.273085376229
printing diff
0.0336121763234
0.271819604378
printing diff
0.00983366211168
0.268880450515
printing diff
-0.0192018653094
0.271004858111
printing diff
-0.0109590525893
0.270912585886
printing diff
0.0222812149498
0.271246783075
printing diff
-0.0351090295226
0.270159637735
printing diff
0.0131982475199
0.270168767755
printing diff
-0.0300977454802
0.271274190696
printing diff
0.0569256384771
0.269817292083
printing diff
-0.0288333582305
0.273672528555
printing diff
0.0253708559863
0.268226005036
printing diff
-0.0279702664629
0.272704323164
printing diff
0.0253755657523
0.267437866613
printing diff
-0.089137594731
0.272259314982
printing diff
0.0863612148357
0.269252298959
printing diff
0.0975103753982
0.271776083706
printing diff
-0.109032861581
0.26986693699
printing diff
0.0239158561453
0.26833149793
printing diff
-0.0377850458811
0.272917711348
printing diff
0.0386917782116
0.273370001811
printing diff
-0.0726412150553
0.272236660506
printing diff
0.0652165236913
0.269457207768
printing diff
-0.013629242552
0.270282114486
printing diff
0.0600506283607
0.269128102186
printing diff
-0.0261378766155
0.271849206549
printing diff
-0.023082396897
0.269889025698
printing diff
0.0351666257839
0.268791489228
printing diff
-0.0313295049259
0.267539037545
printing diff
-0.000593802665325
0.270167828735
printing diff
-0.00754729653907
0.268094348733
printing diff
0.0289706944389
0.26715892487
printing diff
0.0837423169128
0.274264070683
printing diff
-0.0834852547389
0.268055442595
printing diff
-0.0133560515724
0.268767709857
printing diff
-0.0086342604824
0.267355867849
printing diff
0.00666149571611
0.270896895863
printing diff
0.0275460664639
0.272933418641
printing diff
-0.0608943138684
0.272251412816
printing diff
0.0433847167506
0.269228502297
printing diff
-0.00108778465496
0.272267759741
printing diff
0.0278085794432
0.273120709689
printing diff
-0.0662266447122
0.270020240887
printing diff
0.063113750685
0.268367184942
printing diff
0.00898338340279
0.270735974161
printing diff
0.115653188723
0.270812167878
printing diff
-0.13709675784
0.271636507077
printing diff
0.0267413871065
0.274178691747
printing diff
-0.0871980770716
0.275281907014
printing diff
0.171055764713
0.269011852315
printing diff
-0.113978579224
0.267914086383
printing diff
0.0482867280799
0.270291012513
printing diff
0.0590906088126
0.26901070506
printing diff
-0.100402366031
0.269042422647
printing diff
0.0799571476004
0.269189987177
printing diff
-0.114874701641
0.267668851362
printing diff
0.0583809364089
0.27326588275
printing diff
-0.0693741643121
0.271380356674
printing diff
0.0696366066276
0.267863613758
printing diff
-0.0216312371508
0.26911951608
printing diff
0.022411532275
0.267676587627
printing diff
-0.0350772269887
0.271756690062
printing diff
0.115441005802
0.269911011989
printing diff
-0.0808251091095
0.269431367809
printing diff
0.067127068747
0.267956446896
printing diff
-0.0969853411953
0.274504783785
printing diff
0.0333151708224
0.266643179562
printing diff
0.0124810003106
0.271437329796
printing diff
0.0252770370617
0.266975198046
printing diff
0.00489900233779
0.268586931358
printing diff
-0.0670067036038
0.271737362828
printing diff
0.0275705138773
0.271446609404
printing diff
-0.0448611376693
0.273186443555
printing diff
0.0944626085177
0.268662760454
printing diff
-0.043912018929
0.270098353262
printing diff
0.0347741778543
0.266609352779
printing diff
-0.0424186826649
0.272227895602
printing diff
0.0227332225465
0.266503056958
printing diff
0.0194961030222
0.271978396923
printing diff
-0.141452143704
0.275811550301
printing diff
0.0770946114689
0.267088975458
printing diff
0.0573569756537
0.266764279302
printing diff
-0.0449462047141
0.274125902389
printing diff
0.0477995018837
0.266483138744
printing diff
0.018946516659
0.268152352592
printing diff
-0.0114850514524
0.26887568703
printing diff
0.0212404537415
0.307954890166
printing diff
0.0173276447095
0.269081579057
printing diff
-0.0513900003191
0.260961099512
printing diff
0.0332492647944
0.259073887966
printing diff
-0.0365431717528
0.265233253132
printing diff
-0.0123782807872
0.259238500564
printing diff
0.0314629866692
0.258969078807
printing diff
-0.0168679348692
0.259911922112
printing diff
0.0171645369802
0.259445308014
printing diff
-0.0133139510403
0.260226420923
printing diff
-0.006656483354
0.257001886522
printing diff
0.0320810148775
0.255126061683
printing diff
0.0200063167909
0.257623780704
printing diff
0.0217404844094
0.25587476504
printing diff
-0.0257721245517
0.257444229037
printing diff
0.0271029557854
0.259167892113
printing diff
-0.0911818254535
0.257752566295
printing diff
0.0475889902832
0.257870594018
printing diff
0.0148942955447
0.257058768139
printing diff
-0.012901992808
0.255435730897
printing diff
0.00728446902368
0.257017185332
printing diff
-0.00451552855366
0.256883048378
printing diff
-0.0189773041841
0.256065970661
printing diff
0.0223284585475
0.255384727284
printing diff
-0.0382378411875
0.258626305216
printing diff
0.0213739585097
0.257520193485
printing diff
0.0036062269106
0.260907544613
printing diff
0.0055147156462
0.255052501925
printing diff
0.0461564111974
0.256967787694
printing diff
-0.0487398615232
0.258332640818
printing diff
-0.00474490603002
0.257049359176
printing diff
0.000980919177684
0.25740561171
printing diff
0.0336505762188
0.256511448514
printing diff
-0.0374827068493
0.256060496145
printing diff
0.0093980123491
0.257214681739
printing diff
0.0277009631235
0.257714821927
printing diff
-0.0114948213902
0.255122655702
printing diff
-0.0768430493493
0.256361448378
printing diff
0.0367232210307
0.255756514078
printing diff
-0.00662175003449
0.261862084896
printing diff
-0.0480571585295
0.256018917655
printing diff
0.0838551989002
0.258503431782
printing diff
0.0381139038349
0.258520851461
printing diff
-0.0288127194338
0.257002903897
printing diff
-0.0185911095847
0.257176710397
printing diff
0.0324220884727
0.266309499189
printing diff
0.00317239848409
0.255823090306
printing diff
-0.0174066662505
0.274768659745
printing diff
0.00129284696404
0.262146091857
printing diff
0.0257818220418
0.258335443041
printing diff
0.000633970292998
0.255564040654
printing diff
-0.029938314081
0.254059731505
printing diff
0.0260060016011
0.259224797164
printing diff
-0.00884432106504
0.255931661207
printing diff
0.0074182853647
0.256690500259
printing diff
-0.0113830550451
0.255435010339
printing diff
-0.0516571208085
0.258286475786
printing diff
-0.0950524781916
0.270555003875
printing diff
0.0507509756517
0.25602478174
printing diff
0.135453231128
0.260071155654
printing diff
-0.0622046102078
0.258418695267
printing diff
0.0237068869822
0.254060167306
printing diff
-0.131002327789
0.260760338818
printing diff
0.110192061967
0.257142771276
printing diff
0.0407349963913
0.25977340317
printing diff
-0.0393786029746
0.263372820517
printing diff
-0.033152187742
0.262805886913
printing diff
0.0245129452728
0.265026687807
printing diff
-0.0123509985919
0.258275254012
printing diff
-0.0555540662046
0.258549708701
printing diff
-0.0851453814723
0.265023436803
printing diff
0.128994343312
0.255629037021
printing diff
-0.00076968719554
0.258927543658
printing diff
0.0484197307229
0.254666448153
printing diff
-0.0661880110394
0.256647841361
printing diff
0.0307349383551
0.259387395092
printing diff
0.0152632328405
0.255312174773
printing diff
0.0248987389326
0.255019985823
printing diff
-0.0385527347449
0.256520548922
printing diff
0.0309789719961
0.257630381687
printing diff
-0.0390832488236
0.256529772905
printing diff
0.0410913953294
0.255565128981
printing diff
-0.00324068427227
0.253592274874
printing diff
-0.0509957254811
0.259995050537
printing diff
-0.16666705806
0.255684045297
printing diff
0.148291260185
0.255284321584
printing diff
0.027882501624
0.25450337948
printing diff
0.0907702512129
0.257392656284
printing diff
-0.00150432856723
0.260738462364
printing diff
-0.0571697394231
0.257058247721
printing diff
0.0452004129557
0.254999665581
printing diff
-0.0525787771661
0.254981185947
printing diff
0.0381699442649
0.258545719504
printing diff
-0.0195360124595
0.258103821953
printing diff
0.0137690210491
0.255235614283
printing diff
-0.00498398387544
0.255071396847
printing diff
-0.101895265717
0.264127846969
printing diff
0.089236456672
0.255846007089
printing diff
-0.0206917941801
0.254686010338
printing diff
0.0557452803332
0.254168871437
printing diff
0.0613500425772
0.25563617549
printing diff
-0.0497940282264
0.254994109953
printing diff
-0.0601674610605
0.257686379966
printing diff
0.108936362192
0.255677054998
printing diff
-0.00168566144449
0.263354180193
printing diff
-0.0769240725635
0.255955451399
printing diff
0.0102097698312
0.258719502553
printing diff
0.0221525871517
0.255198604319
printing diff
-0.0784115611507
0.2561858447
printing diff
0.0521178775714
0.255195712026
printing diff
0.0128603223311
0.254831090117
printing diff
-0.0623906033261
0.263422945831
printing diff
0.0446333260877
0.261657003109
printing diff
-0.017876768928
0.253992422341
printing diff
0.0556464494756
0.255116181984
printing diff
0.00824205970477
0.260204859933
printing diff
-0.00718725971781
0.25633355605
printing diff
0.0108348558702
0.25761478852
printing diff
0.000630538447661
0.258279476691
printing diff
0.0031186740479
0.253952461925
printing diff
-0.0327647180113
0.257098926782
printing diff
-0.00378571124797
0.256120164611
printing diff
0.0204459263127
0.259513079174
printing diff
-0.0706433099085
0.254965804925
printing diff
0.0817693218359
0.25779028475
printing diff
-0.0490932452826
0.255300897361
printing diff
0.00583222873753
0.257204753753
printing diff
0.0316692229542
0.253399610277
printing diff
-0.0377609926633
0.26625033046
printing diff
0.0058375255802
0.25516062397
printing diff
0.0503554581938
0.255585848039
printing diff
-0.0303376742593
0.258280978039
printing diff
0.0380489613548
0.256452515738
printing diff
-0.0685367483103
0.255247750591
printing diff
-0.161838042158
0.25741699664
printing diff
0.119652421282
0.261896114293
printing diff
0.00854842693578
0.257708617355
printing diff
0.0139541499494
0.256113368832
printing diff
0.0774432523555
0.254902413213
printing diff
-0.0365123157494
0.256945038255
printing diff
-0.0594153242559
0.256720656275
printing diff
0.108223190352
0.253644334648
printing diff
-0.0685051594942
0.263121947095
printing diff
0.0734436094718
0.253710617989
printing diff
-0.0538686159904
0.254740852579
printing diff
-0.040088794153
0.25980218319
printing diff
-0.0322763685248
0.262098422653
printing diff
-0.100263117291
0.255291439444
printing diff
0.174231055917
0.256517004478
printing diff
-0.0438605561078
0.253287992047
printing diff
-0.00719093625211
0.267799489101
printing diff
0.0722211509841
0.25996384394
printing diff
-0.0852049823454
0.254939319422
printing diff
0.0800186416516
0.254306554499
printing diff
0.0205087888742
0.255576954873
printing diff
-0.0487320322799
0.253304021903
printing diff
0.123464279378
0.257216490195
printing diff
-0.0393556626272
0.260140016388
printing diff
-0.0272782225489
0.254450401366
printing diff
-0.0429198660064
0.254006203321
printing diff
0.0294509359763
0.254014876073
printing diff
-0.0293974228231
0.256547598434
printing diff
0.0761310478538
0.253249107246
printing diff
-0.0983295724441
0.261109239903
printing diff
0.0581884340989
0.255948231643
printing diff
-0.00368562111463
0.258015182904
printing diff
0.00436708281289
0.253284086263
printing diff
-0.0359173767906
0.260126399264
printing diff
-0.0897630548499
0.252941639014
printing diff
0.127730720835
0.255627840874
printing diff
-0.0508668002601
0.256463697474
printing diff
0.062511397943
0.259402645112
printing diff
-0.162036596179
0.259324689468
printing diff
0.0390460456335
0.253878435687
printing diff
0.0289407962023
0.25964886232
printing diff
-0.0152620982676
0.256906334532
printing diff
0.104893530109
0.25574563788
printing diff
-0.0308359897686
0.255839810396
printing diff
0.0868643398429
0.254693687062
printing diff
-0.074157338986
0.254192010574
printing diff
-0.00459863929806
0.265924088798
printing diff
0.0515511896192
0.253477008922
printing diff
-0.0829400124473
0.253185306133
printing diff
-0.00184890547898
0.259926942537
printing diff
0.0763647555919
0.254690918746
printing diff
-0.0579206238451
0.258014290529
printing diff
-0.130539366322
0.256117957082
printing diff
0.164047201242
0.257273285837
printing diff
-0.0204656251588
0.264141799622
printing diff
0.0380047993689
0.258771810638
printing diff
0.00190922435061
0.258177722604
printing diff
-0.0506425342747
0.255723766294
printing diff
0.00326951483346
0.257590005379
printing diff
-0.0310164477203
0.253191681562
printing diff
0.00484082737044
0.25316152959
printing diff
-0.0131081864115
0.265673848602
printing diff
0.0880376153648
0.262348911489
printing diff
0.0257612179632
0.253205163748
printing diff
-0.112111765402
0.261392204872
printing diff
0.064349537822
0.253235239484
printing diff
-0.0303622275499
0.253171363239
printing diff
-0.00650300468453
0.253103829435
printing diff
0.121475007506
0.264629728359
printing diff
-0.241593456055
0.261377072876
printing diff
0.138766480395
0.273759406796
printing diff
-0.0677322330607
0.258998802283
printing diff
0.0642857543146
0.262902759085
printing diff
-0.10768789815
0.255661362711
printing diff
0.125198313537
0.254207376711
printing diff
0.0656093511137
0.255517974579
printing diff
-0.00711637244264
0.254017964626
printing diff
-0.11601553366
0.253140789725
printing diff
-0.0102069937373
0.270611881354
printing diff
-0.0197971660511
0.258637860666
printing diff
-0.01013549966
0.254560948145
printing diff
0.0921924810984
0.253377995502
printing diff
0.0159582493795
0.256138391582
printing diff
0.0858349571874
0.255280040452
printing diff
-0.122359332259
max epoch reached. break the loop:
I tensorflow/stream_executor/dso_loader.cc:108] successfully opened CUDA library libcublas.so locally
I tensorflow/stream_executor/dso_loader.cc:108] successfully opened CUDA library libcudnn.so locally
I tensorflow/stream_executor/dso_loader.cc:108] successfully opened CUDA library libcufft.so locally
I tensorflow/stream_executor/dso_loader.cc:108] successfully opened CUDA library libcuda.so locally
I tensorflow/stream_executor/dso_loader.cc:108] successfully opened CUDA library libcurand.so locally
