I tensorflow/stream_executor/dso_loader.cc:108] successfully opened CUDA library libcublas.so locally
I tensorflow/stream_executor/dso_loader.cc:108] successfully opened CUDA library libcudnn.so locally
I tensorflow/stream_executor/dso_loader.cc:108] successfully opened CUDA library libcufft.so locally
I tensorflow/stream_executor/dso_loader.cc:108] successfully opened CUDA library libcuda.so locally
I tensorflow/stream_executor/dso_loader.cc:108] successfully opened CUDA library libcurand.so locally
I tensorflow/stream_executor/cuda/cuda_gpu_executor.cc:924] successful NUMA node read from SysFS had negative value (-1), but there must be at least one NUMA node, so returning NUMA node zero
I tensorflow/core/common_runtime/gpu/gpu_init.cc:102] Found device 0 with properties: 
name: GeForce GTX 660
major: 3 minor: 0 memoryClockRate (GHz) 1.0975
pciBusID 0000:01:00.0
Total memory: 2.00GiB
Free memory: 1.63GiB
I tensorflow/core/common_runtime/gpu/gpu_init.cc:126] DMA: 0 
I tensorflow/core/common_runtime/gpu/gpu_init.cc:136] 0:   Y 
I tensorflow/core/common_runtime/gpu/gpu_device.cc:806] Creating TensorFlow device (/gpu:0) -> (device: 0, name: GeForce GTX 660, pci bus id: 0000:01:00.0)
800
Tensor("BasicRNNCell_4/Tanh:0", shape=(1, 1), dtype=float32)
0.732367655251
printing diff
-1.44972311033
0.696052846943
printing diff
0.100770906304
0.692649969843
printing diff
0.0274190974325
0.692441285403
printing diff
0.00666885501303
0.692409687406
printing diff
0.00165616824421
0.692390798403
printing diff
0.0004520950389
0.692376819436
printing diff
0.000155170211505
0.692366450167
printing diff
7.70830541141e-05
0.69235868351
printing diff
5.35743555825e-05
0.692352792199
printing diff
4.28412673769e-05
0.692348254712
printing diff
3.5126606126e-05
0.692344725654
printing diff
3.18337292486e-05
0.692341935202
printing diff
2.65012396142e-05
0.69233970387
printing diff
2.37214550358e-05
0.692337915283
printing diff
2.10399920113e-05
0.692336442324
printing diff
1.83445789638e-05
0.692335225465
printing diff
1.60438695151e-05
0.692334196296
printing diff
1.46514035584e-05
0.692333317818
printing diff
1.20950431489e-05
0.692332565188
printing diff
1.13454718464e-05
0.692331909537
printing diff
1.04192499822e-05
0.692331320204
printing diff
8.46475474681e-06
0.692330775556
printing diff
7.29981590719e-06
0.69233027537
printing diff
7.19865958887e-06
0.692329809872
printing diff
6.24729784315e-06
0.692329367574
printing diff
5.22185923613e-06
0.692328959592
printing diff
4.84886396213e-06
0.692328548775
printing diff
4.05662200031e-06
0.69232815795
printing diff
3.90981106047e-06
0.692327787193
printing diff
3.79313813881e-06
0.692327426805
printing diff
3.424395011e-06
0.69232706485
printing diff
2.26266393077e-06
0.692326705581
printing diff
2.30078404773e-06
0.69232635601
printing diff
1.92831096724e-06
0.692326007856
printing diff
1.81633778595e-06
0.692325676338
printing diff
1.53345817022e-06
0.69232533266
printing diff
1.48131343092e-06
0.692324998382
printing diff
1.28683369505e-06
0.692324665148
printing diff
3.77471217283e-07
0.692324341761
printing diff
6.19470550967e-07
0.692324006289
printing diff
3.82618551953e-07
0.692323690362
printing diff
3.00335794567e-07
0.692323370407
printing diff
8.02462032379e-07
0.692323057911
printing diff
4.36553668659e-07
0.692322745789
printing diff
-2.33942635819e-07
0.692322444707
printing diff
3.38082916329e-07
0.692322129153
printing diff
-8.98172619612e-08
I tensorflow/stream_executor/dso_loader.cc:108] successfully opened CUDA library libcublas.so locally
I tensorflow/stream_executor/dso_loader.cc:108] successfully opened CUDA library libcudnn.so locally
I tensorflow/stream_executor/dso_loader.cc:108] successfully opened CUDA library libcufft.so locally
I tensorflow/stream_executor/dso_loader.cc:108] successfully opened CUDA library libcuda.so locally
I tensorflow/stream_executor/dso_loader.cc:108] successfully opened CUDA library libcurand.so locally
I tensorflow/stream_executor/dso_loader.cc:108] successfully opened CUDA library libcublas.so locally
I tensorflow/stream_executor/dso_loader.cc:108] successfully opened CUDA library libcudnn.so locally
I tensorflow/stream_executor/dso_loader.cc:108] successfully opened CUDA library libcufft.so locally
I tensorflow/stream_executor/dso_loader.cc:108] successfully opened CUDA library libcuda.so locally
I tensorflow/stream_executor/dso_loader.cc:108] successfully opened CUDA library libcurand.so locally
I tensorflow/stream_executor/cuda/cuda_gpu_executor.cc:924] successful NUMA node read from SysFS had negative value (-1), but there must be at least one NUMA node, so returning NUMA node zero
I tensorflow/core/common_runtime/gpu/gpu_init.cc:102] Found device 0 with properties: 
name: GeForce GTX 660
major: 3 minor: 0 memoryClockRate (GHz) 1.0975
pciBusID 0000:01:00.0
Total memory: 2.00GiB
Free memory: 1.63GiB
I tensorflow/core/common_runtime/gpu/gpu_init.cc:126] DMA: 0 
I tensorflow/core/common_runtime/gpu/gpu_init.cc:136] 0:   Y 
I tensorflow/core/common_runtime/gpu/gpu_device.cc:806] Creating TensorFlow device (/gpu:0) -> (device: 0, name: GeForce GTX 660, pci bus id: 0000:01:00.0)
800
Tensor("BasicRNNCell_4/Tanh:0", shape=(1, 1), dtype=float32)
0.708256824369
printing diff
-1.39965736389
0.694793766856
printing diff
0.0597099985587
0.693379916074
printing diff
0.017458553905
0.693109299573
printing diff
0.00521534845438
0.692988641271
printing diff
0.00185753496478
0.692917968812
printing diff
0.000864681448596
0.692872866149
printing diff
0.000512585995045
0.692841944393
printing diff
0.000351005934356
0.692819059492
printing diff
0.000257874236387
0.692800830168
printing diff
0.000195966942588
0.692785362129
printing diff
0.000151531120415
0.692771578238
printing diff
0.000119320218345
0.692758872676
printing diff
9.40929067896e-05
0.692746893784
printing diff
7.58006217632e-05
0.692735459837
printing diff
6.04984906498e-05
0.692724434097
printing diff
4.94168010612e-05
0.692713758226
printing diff
4.05548063477e-05
0.69270340537
printing diff
3.34787876047e-05
0.692693336586
printing diff
2.75633063573e-05
0.692683557843
printing diff
2.26111973033e-05
0.692674037437
printing diff
1.90954930493e-05
0.692664787751
printing diff
1.59169019238e-05
0.692655792597
printing diff
1.35997060839e-05
0.692647058316
printing diff
1.15159306867e-05
0.69263857148
printing diff
9.77919009204e-06
0.692630324256
printing diff
8.17948796128e-06
0.692622305977
printing diff
7.34748470321e-06
0.692614526191
printing diff
6.68027075723e-06
0.692606972141
printing diff
5.28952057877e-06
0.692599640994
printing diff
4.80485051979e-06
0.692592512681
printing diff
4.31189996586e-06
0.692585587725
printing diff
4.0047010581e-06
0.692578868663
printing diff
4.06893084437e-06
0.692572344901
printing diff
3.05326471339e-06
0.692565996522
printing diff
3.33256357454e-06
0.692559825539
printing diff
3.08273134009e-06
0.692553838442
printing diff
2.99828521e-06
0.692548005841
printing diff
3.12264183433e-06
0.692542347204
printing diff
2.90309681616e-06
0.692536832692
printing diff
2.74487222085e-06
0.692531468722
printing diff
3.18828900259e-06
0.692526252607
printing diff
2.90115724066e-06
0.692521174724
printing diff
3.16135874379e-06
0.692516225226
printing diff
2.95598754596e-06
0.692511405828
printing diff
2.85065368066e-06
0.69250670855
printing diff
3.24170192578e-06
0.692502132793
printing diff
3.01708417183e-06
0.692497665727
printing diff
3.3424852488e-06
0.69249331414
printing diff
3.21663664338e-06
0.692489064232
printing diff
3.39142222883e-06
0.692484925551
printing diff
3.39030324292e-06
0.692480867736
printing diff
3.35725586165e-06
0.692476912643
printing diff
3.58590196459e-06
0.692473052888
printing diff
3.821933374e-06
0.692469272804
printing diff
3.67706200954e-06
0.692465581942
printing diff
3.57359312053e-06
0.692461965976
printing diff
3.95807664888e-06
0.692458433786
printing diff
3.81417507223e-06
0.692454971494
printing diff
3.77978490806e-06
0.692451582608
printing diff
4.23909128822e-06
0.692448266084
printing diff
3.81439886943e-06
0.692445008418
printing diff
4.0059692421e-06
0.69244181983
printing diff
4.14927402637e-06
0.692438695547
printing diff
4.56590974729e-06
0.692435632734
printing diff
3.96583495066e-06
0.692432624825
printing diff
4.15531654985e-06
0.692429671076
printing diff
4.45147479722e-06
0.692426773872
printing diff
4.14576787078e-06
0.692423923368
printing diff
4.37239979922e-06
0.69242112471
printing diff
4.45953149519e-06
0.692418377525
printing diff
4.2477447787e-06
0.692415673309
printing diff
4.70839394195e-06
0.692413016687
printing diff
4.46706599977e-06
0.692410401618
printing diff
4.00417886481e-06
0.692407827652
printing diff
4.59992691626e-06
0.692405294865
printing diff
4.41753222735e-06
0.692402797587
printing diff
4.58948304871e-06
0.692400339623
printing diff
4.46781199026e-06
0.692397915452
printing diff
4.67780832958e-06
0.69239553425
printing diff
4.52816262553e-06
0.692393185722
printing diff
4.02126204835e-06
0.69239086502
printing diff
4.71048271555e-06
0.692388571174
printing diff
4.71764422483e-06
0.692386317313
printing diff
4.47094515055e-06
0.692384090904
printing diff
4.49586123485e-06
0.692381891798
printing diff
4.35002008281e-06
0.692379722533
printing diff
4.40828194459e-06
0.692377574453
printing diff
4.43797236838e-06
0.692375451811
printing diff
4.60872960473e-06
0.692373356697
printing diff
4.40485038811e-06
0.69237128717
printing diff
4.70279901288e-06
0.692369240694
printing diff
4.56135920501e-06
0.692367219209
printing diff
3.96083681387e-06
0.692365217865
printing diff
4.41051991629e-06
0.692363227786
printing diff
4.47400371184e-06
0.692361270904
printing diff
4.23267576954e-06
0.69235932924
printing diff
4.68996797542e-06
0.692357408836
printing diff
4.18097862465e-06
0.692355502905
printing diff
4.3812770868e-06
0.69235362286
printing diff
4.46960236755e-06
0.692351749081
printing diff
4.37239979922e-06
0.692349900516
printing diff
4.19701742149e-06
0.692348063365
printing diff
4.26438036782e-06
0.692346244864
printing diff
3.9301766025e-06
0.692344436284
printing diff
4.36225432776e-06
0.692342645982
printing diff
4.2436418306e-06
0.692340868808
printing diff
4.29735315011e-06
0.692339106555
printing diff
4.17456310597e-06
0.692337358625
printing diff
4.21410060492e-06
0.692335622406
printing diff
4.22782683107e-06
0.692333898347
printing diff
4.16367164391e-06
0.692332189059
printing diff
3.77307099297e-06
0.692330486037
printing diff
4.38448484619e-06
0.692328797115
printing diff
4.19492864789e-06
0.692327117069
printing diff
3.71063158411e-06
0.692325449184
printing diff
4.17031095978e-06
0.692323790548
printing diff
4.0354358688e-06
0.692322147355
printing diff
3.96173200257e-06
0.692320508265
printing diff
3.97620421932e-06
0.692318874396
printing diff
3.85766632116e-06
0.692317257909
printing diff
4.09138515978e-06
0.692315639483
printing diff
3.94860256903e-06
0.692314028815
printing diff
3.93040039959e-06
0.6923124315
printing diff
3.61969533635e-06
0.692310843211
printing diff
4.07116881607e-06
0.692309257683
printing diff
4.08743140989e-06
0.692307683717
printing diff
3.55307838051e-06
0.692306115123
printing diff
3.74173939e-06
0.692304541605
printing diff
3.76329851692e-06
0.692302988751
printing diff
3.98112775679e-06
0.692301437986
printing diff
3.83275023697e-06
0.69229989289
printing diff
3.7674760639e-06
0.692298347944
printing diff
3.29563704238e-06
0.692296808667
printing diff
3.6624405948e-06
0.692295270658
printing diff
3.85744252407e-06
0.692293740557
printing diff
3.87504790089e-06
0.692292216424
printing diff
3.62670764764e-06
0.692290703406
printing diff
3.57687547892e-06
0.692289183972
printing diff
3.51286948996e-06
0.692287664986
printing diff
3.68034436793e-06
0.692286154057
printing diff
3.75904637073e-06
0.692284641561
printing diff
3.28713275022e-06
0.692283132795
printing diff
3.61238462898e-06
0.692281627163
printing diff
3.73196691394e-06
0.692280117352
printing diff
3.21238449719e-06
0.692278625819
printing diff
4.10466379164e-06
0.692277125035
printing diff
3.28511857572e-06
0.692275629473
printing diff
3.24878883595e-06
0.69227412675
printing diff
3.56904257826e-06
0.692272636634
printing diff
3.53241444229e-06
0.69227112742
printing diff
3.71085538131e-06
0.692269638199
printing diff
3.3445740224e-06
0.692268146964
printing diff
3.29213088679e-06
0.692266655207
printing diff
3.72264203208e-06
0.692265156587
printing diff
3.67489863695e-06
0.692263663188
printing diff
3.1309223294e-06
0.692262163225
printing diff
3.57083295555e-06
0.692260665276
printing diff
3.39373479941e-06
0.692259168446
printing diff
3.15263065442e-06
0.692257666767
printing diff
3.64177665668e-06
0.692256164342
printing diff
3.49668149502e-06
0.692254665796
printing diff
3.25378697263e-06
0.692253159865
printing diff
3.20522298802e-06
0.692251651397
printing diff
3.58478297879e-06
0.692250142855
printing diff
3.6094752659e-06
0.69224863021
printing diff
3.22902008654e-06
0.692247107047
printing diff
3.77210120528e-06
0.692245593432
printing diff
3.07915058539e-06
0.69224407646
printing diff
3.24132893059e-06
0.692242551954
printing diff
3.48392505667e-06
0.692241021405
printing diff
3.28041883524e-06
0.692239485784
printing diff
3.53278743759e-06
0.692237944045
printing diff
3.34151546111e-06
0.692236408349
printing diff
3.47728574079e-06
0.692234859598
printing diff
3.93360815898e-06
0.692233310101
printing diff
2.90749816034e-06
0.69223175568
printing diff
3.4785539248e-06
0.692230193054
printing diff
3.39186982301e-06
0.692228624758
printing diff
3.59172069087e-06
0.691565970978
printing diff
-0.000291823967825
0.692226685779
printing diff
0.000243261027545
0.692225374253
printing diff
4.61050506229e-05
0.692223765749
printing diff
1.10569973016e-05
0.692222129941
printing diff
5.26937883394e-06
0.692220514796
printing diff
4.33420508317e-06
0.692218897787
printing diff
3.688550264e-06
0.692217292639
printing diff
3.84558127431e-06
0.692215669364
printing diff
3.72443240937e-06
0.692214041016
printing diff
3.6332723643e-06
0.692212400956
printing diff
3.54934842783e-06
0.692210759553
printing diff
4.01320535037e-06
0.69220911248
printing diff
3.54233611655e-06
0.692207454143
printing diff
4.0054470487e-06
0.692205787003
printing diff
3.79127316252e-06
0.692204104123
printing diff
3.7920191529e-06
0.692202419826
printing diff
3.83834516604e-06
0.69220072322
printing diff
4.03737544419e-06
0.692199019526
printing diff
4.02193343974e-06
0.692197295841
printing diff
3.90555891439e-06
0.692195566262
printing diff
4.47094515055e-06
0.69219383713
printing diff
4.01037058639e-06
0.692192076592
printing diff
3.82573792568e-06
0.692190321053
printing diff
4.3541976299e-06
0.692188552608
printing diff
4.29265340962e-06
0.692186764767
printing diff
4.11786782428e-06
0.69218497521
printing diff
4.45274298122e-06
0.692183167302
printing diff
4.7242089416e-06
0.692181347383
printing diff
3.9024257541e-06
0.692179509636
printing diff
5.12980400247e-06
0.692177670769
printing diff
4.03759924128e-06
0.692175809373
printing diff
5.16083720936e-06
0.692173946336
printing diff
4.6414039907e-06
0.69217206092
printing diff
4.65542861317e-06
0.69217015663
printing diff
5.31219869138e-06
0.692168242791
printing diff
4.36061314857e-06
0.692166315301
printing diff
5.57986009997e-06
0.692164375129
printing diff
4.56277658711e-06
0.692162414964
printing diff
5.88146407854e-06
0.692160446071
printing diff
4.89004264037e-06
0.692158455022
printing diff
6.20693975451e-06
0.692156451142
printing diff
5.30153102662e-06
0.692154442488
printing diff
5.63953934385e-06
0.692152400041
printing diff
5.66065087637e-06
0.692150354833
printing diff
6.06572374384e-06
0.692148285455
printing diff
6.15539180771e-06
0.692146204365
printing diff
6.20127022632e-06
0.6921441094
printing diff
6.11025937958e-06
0.692141996158
printing diff
6.33763729851e-06
0.692139855837
printing diff
7.10638055812e-06
0.692137710368
printing diff
6.78180007085e-06
0.692135543489
printing diff
6.56255344866e-06
0.692133350351
printing diff
7.01619030097e-06
0.692131146397
printing diff
7.20895425843e-06
0.692128930954
printing diff
6.90369492629e-06
0.692126693505
printing diff
7.95293063183e-06
0.692124441285
printing diff
7.46012927599e-06
0.692122161388
printing diff
8.20835779536e-06
0.69211986508
printing diff
8.26609746396e-06
0.692117554375
printing diff
8.09668301038e-06
0.692115221811
printing diff
8.61648922423e-06
0.692112877312
printing diff
8.79895851214e-06
0.692110512075
printing diff
8.71190141538e-06
0.692108113118
printing diff
8.92264374497e-06
0.692105718414
printing diff
9.51115568826e-06
0.692103299913
printing diff
9.77463954988e-06
0.692100859405
printing diff
1.00085821856e-05
0.692098398158
printing diff
9.98545647857e-06
0.69209592781
printing diff
1.01957512141e-05
0.692093420312
printing diff
1.08474485566e-05
0.69209091356
printing diff
1.06417789627e-05
0.692088379281
printing diff
1.10197723732e-05
0.692085834409
printing diff
1.1614476038e-05
0.692083269992
printing diff
1.18789296872e-05
0.692080694385
printing diff
1.19486052044e-05
0.692078087148
printing diff
1.30279789282e-05
0.692075464618
printing diff
1.29795641416e-05
0.692072831868
printing diff
1.30530442105e-05
0.692070196731
printing diff
1.31664347738e-05
0.692067521236
printing diff
1.41782217539e-05
0.69206484507
printing diff
1.45383113914e-05
0.692062154729
printing diff
1.42339472478e-05
0.692059443725
printing diff
1.51425637351e-05
0.692056723098
printing diff
1.5435141228e-05
0.692053981955
printing diff
1.61196621548e-05
0.692051230145
printing diff
1.62396920339e-05
0.69204848408
printing diff
1.70767680276e-05
0.692045703847
printing diff
1.66527470004e-05
0.692042933611
printing diff
1.70969097725e-05
0.692040136744
printing diff
1.85307036055e-05
0.69203734465
printing diff
1.80056754578e-05
0.692034536816
printing diff
1.89829230757e-05
0.692031733757
printing diff
1.97559184812e-05
0.692028904364
printing diff
1.93139190817e-05
0.692026079149
printing diff
2.11741211119e-05
0.692023250576
printing diff
2.11486828342e-05
0.692020426107
printing diff
2.08852735718e-05
0.692017590597
printing diff
2.19796417055e-05
0.692014753893
printing diff
2.33295116019e-05
0.692011920919
printing diff
2.21433866308e-05
0.692009085932
printing diff
2.36068708875e-05
0.692006258031
printing diff
2.44487212209e-05
0.692003429757
printing diff
2.36749798246e-05
0.692000614761
printing diff
2.56164948245e-05
0.691997798199
printing diff
2.50644618192e-05
0.691994987158
printing diff
2.58769201247e-05
0.691992182979
printing diff
2.71323476179e-05
0.691989394317
printing diff
2.72423812235e-05
0.691986615428
printing diff
2.7007319602e-05
0.691983852727
printing diff
2.86408897037e-05
0.691981098604
printing diff
2.8420673294e-05
0.691978357835
printing diff
2.89035529756e-05
0.69197563758
printing diff
2.99713638459e-05
0.691972943435
printing diff
3.0137794337e-05
0.69197026048
printing diff
3.04499167824e-05
0.691967597891
printing diff
3.06138855047e-05
0.691964943806
printing diff
3.14592419935e-05
0.691962341642
printing diff
3.23637555328e-05
0.69195973157
printing diff
3.20178397158e-05
0.691957165885
printing diff
3.21409281563e-05
0.691954622877
printing diff
3.34651359778e-05
0.691952098371
printing diff
3.28142592247e-05
0.691949618474
printing diff
3.32334313136e-05
0.691947146933
printing diff
3.4694901396e-05
0.691944723956
printing diff
3.39536105886e-05
0.691942318435
printing diff
3.49545807057e-05
0.691939966625
printing diff
3.41404812207e-05
0.691937612055
printing diff
3.46614810194e-05
0.69193530769
printing diff
3.50841592638e-05
0.691933031449
printing diff
3.53113879847e-05
0.691930802802
printing diff
3.51601757007e-05
0.691928600713
printing diff
3.54740885231e-05
0.691926430104
printing diff
3.54893067305e-05
0.691924302539
printing diff
3.46422344633e-05
0.691922203322
printing diff
3.53827792802e-05
0.691920123799
printing diff
3.55002727914e-05
0.691918099106
printing diff
3.54973634282e-05
0.691916104998
printing diff
3.45742001253e-05
0.691914149608
printing diff
3.48320890577e-05
0.691912219581
printing diff
3.51563711488e-05
0.691910323795
printing diff
3.46107536622e-05
0.691908462698
printing diff
3.37153412076e-05
0.691906629501
printing diff
3.4089157071e-05
0.691904846136
printing diff
3.37041513493e-05
0.691903080973
printing diff
3.41370496643e-05
0.691901352961
printing diff
3.27070603831e-05
0.691899654265
printing diff
3.24857249875e-05
0.691897983172
printing diff
3.27386157831e-05
0.691896343485
printing diff
3.1748313331e-05
0.69189473677
printing diff
3.10663287719e-05
0.691893156539
printing diff
3.11122817899e-05
0.691891606146
printing diff
3.00608081125e-05
0.691890077239
printing diff
3.05338407189e-05
0.691888572278
printing diff
3.00956458711e-05
0.691887108047
printing diff
2.91688272145e-05
0.69188565441
printing diff
2.897897262e-05
0.691884230986
printing diff
2.77128028631e-05
0.6918828189
printing diff
2.72969131326e-05
0.691881443741
printing diff
2.66195537152e-05
0.691880075669
printing diff
2.72578232279e-05
0.691878740495
printing diff
2.54271624235e-05
0.691877406291
printing diff
2.54895272332e-05
0.691876104388
printing diff
2.53127274734e-05
0.69187482576
printing diff
2.44904966915e-05
0.691873559069
printing diff
2.35030290033e-05
0.691872304835
printing diff
2.32617756601e-05
0.691871077307
printing diff
2.27911302234e-05
0.691869858284
printing diff
2.24313389823e-05
0.69186864314
printing diff
2.19512940647e-05
0.691867443214
printing diff
2.1326825377e-05
0.691866268279
printing diff
2.11954564415e-05
0.691865106996
printing diff
2.02542401674e-05
0.691863957872
printing diff
2.03492793631e-05
0.691862808972
printing diff
1.98200736684e-05
0.691861672008
printing diff
1.90029156223e-05
0.691860550262
printing diff
1.92593125736e-05
0.691859428292
printing diff
1.87687491893e-05
0.691858322734
printing diff
1.8139133167e-05
0.69185722941
printing diff
1.78127623022e-05
0.691856135937
printing diff
1.81631540626e-05
0.691855057459
printing diff
1.69601697051e-05
0.691853981143
printing diff
1.72198490147e-05
0.691852919002
printing diff
1.6799483341e-05
0.69185186723
printing diff
1.67351043568e-05
0.691850806208
printing diff
1.68505836935e-05
0.691849749736
printing diff
1.61415196778e-05
0.691848710496
printing diff
1.7137044064e-05
0.691847669094
printing diff
1.60810198443e-05
0.691846642238
printing diff
1.5347860334e-05
0.691845615307
printing diff
1.6317498848e-05
0.69184459509
printing diff
1.61151116125e-05
0.691843561893
printing diff
1.61919486388e-05
0.69184254384
printing diff
1.59334629141e-05
0.691841533471
printing diff
1.54655030433e-05
0.691840513105
printing diff
1.65733736059e-05
0.691839511239
printing diff
1.60099269452e-05
0.69183850833
printing diff
1.60769168963e-05
0.691837486919
printing diff
1.62786327406e-05
0.691836484905
printing diff
1.64585656606e-05
0.691835485949
printing diff
1.70754998438e-05
0.691834481995
printing diff
1.67677787427e-05
0.691833477146
printing diff
1.71239146304e-05
0.69183247998
printing diff
1.67768798274e-05
0.691831473639
printing diff
1.80190286887e-05
0.691830469685
printing diff
1.75340602335e-05
0.691829470729
printing diff
1.74998938665e-05
0.691828461553
printing diff
1.84665484184e-05
0.691827449915
printing diff
1.8813359424e-05
0.691826440739
printing diff
1.91856087075e-05
0.691825440142
printing diff
1.85333891715e-05
0.691824417538
printing diff
2.01682274572e-05
0.691823392696
printing diff
1.98796783132e-05
0.691822376209
printing diff
2.1035516068e-05
0.691821347488
printing diff
2.09806111638e-05
0.691820316604
printing diff
2.13612155413e-05
0.691819286466
printing diff
2.21051919147e-05
0.691818230815
printing diff
2.22901975705e-05
0.691817193589
printing diff
2.28889295844e-05
0.691816143757
printing diff
2.3253420566e-05
0.691815072141
printing diff
2.42766212015e-05
0.691814004704
printing diff
2.45480871618e-05
0.691812924808
printing diff
2.50141820561e-05
0.691811825218
printing diff
2.5939956326e-05
0.691810727642
printing diff
2.702089663e-05
0.691809620442
printing diff
2.60816199311e-05
0.691808490714
printing diff
2.79238435891e-05
0.691807336965
printing diff
2.88317886848e-05
0.691806205223
printing diff
2.92020237939e-05
0.691805031332
printing diff
2.99257838233e-05
0.691803853264
printing diff
3.01927738404e-05
0.69180265774
printing diff
3.2111909124e-05
0.69180143618
printing diff
3.28661801668e-05
0.691800201939
printing diff
3.26032930978e-05
0.691798935993
printing diff
3.37784520078e-05
0.691797664079
printing diff
3.53434655783e-05
0.691796352105
printing diff
3.60215709863e-05
0.691795042295
printing diff
3.59621155397e-05
0.691793682877
printing diff
3.78433545033e-05
0.691792302272
printing diff
3.9037237776e-05
0.691790893245
printing diff
4.01941945168e-05
0.691789448112
printing diff
4.08796852313e-05
0.691787976347
printing diff
4.2522729413e-05
0.691786463777
printing diff
4.35244455206e-05
0.691784919203
printing diff
4.46214246212e-05
0.691783333974
printing diff
4.56758822607e-05
0.691781702567
printing diff
4.69268338105e-05
0.691780030877
printing diff
4.8609191694e-05
0.691778309354
printing diff
5.02687968659e-05
0.691776545683
printing diff
5.14905801852e-05
0.691774720021
printing diff
5.30675296043e-05
0.691772833709
printing diff
5.52281420282e-05
0.691770901295
printing diff
5.67053525111e-05
0.691768900474
printing diff
5.7505949567e-05
0.691766821398
printing diff
6.0741012177e-05
0.691764671901
printing diff
6.17903224815e-05
0.69176244594
printing diff
6.39862948575e-05
0.69176014538
printing diff
6.58453033027e-05
0.691757739858
printing diff
6.84669378851e-05
0.691755251309
printing diff
7.05809258997e-05
0.69175266384
printing diff
7.26036046712e-05
0.691749970964
printing diff
7.49199053224e-05
0.691747152388
printing diff
7.80877541838e-05
0.691744220197
printing diff
8.05235625209e-05
0.691741145299
printing diff
8.2909165694e-05
0.691737936495
printing diff
8.73774252785e-05
0.691734584237
printing diff
8.95236400847e-05
0.691731052196
printing diff
9.22147263872e-05
0.691727352605
printing diff
9.62508336474e-05
0.69172348069
printing diff
9.96885818892e-05
0.69171938468
printing diff
0.000103685002452
0.69171508203
printing diff
0.000106784369381
0.691710545662
printing diff
0.000111418537264
0.691705768413
printing diff
0.000115322156603
0.691700712089
printing diff
0.000119303582756
0.691695372438
printing diff
0.000123298958932
0.691689711265
printing diff
0.000128784451228
0.691683724541
printing diff
0.000133231077087
0.691677384218
printing diff
0.000137552078137
0.691670660233
printing diff
0.000142288894319
0.69166350208
printing diff
0.000147435632307
0.691655911999
printing diff
0.000152609897346
0.69164784911
printing diff
0.000157392591947
0.691639260968
printing diff
0.000161489572036
0.691630129298
printing diff
0.000166730603229
0.691620410533
printing diff
0.000171315013542
0.691610055065
printing diff
0.000176565668013
0.691599050064
printing diff
0.0001801497796
0.6915873216
printing diff
0.000184183425092
0.691574831704
printing diff
0.00018882975262
0.691561549193
printing diff
0.000191395064916
0.691547402676
printing diff
0.000195038408153
0.691532359329
printing diff
0.000198360005666
0.691516395728
printing diff
0.000199845944239
0.691499414969
printing diff
0.000201153068877
0.691481382289
printing diff
0.00020261446436
0.691462265162
printing diff
0.0002029112194
0.691441986826
printing diff
0.000203427594057
0.691420544895
printing diff
0.000202821178341
0.691397838211
printing diff
0.000203203349298
0.691373847677
printing diff
0.000201009316498
0.691348552107
printing diff
0.000200565899717
0.691321899357
printing diff
0.000197417595807
0.691293831164
printing diff
0.000196113305933
0.691264349394
printing diff
0.000193643331229
0.691233418313
printing diff
0.000190426097794
0.691201045009
printing diff
0.00018918566471
0.691167188601
printing diff
0.000185605208477
0.691131869007
printing diff
0.000183192973441
0.691095072128
printing diff
0.000180213636391
0.691056844663
printing diff
0.000175919640199
0.69101717945
printing diff
0.000173204533
0.690976126994
printing diff
0.000171009605011
0.69093373817
printing diff
0.000166631610283
0.690890032523
printing diff
0.000163196174612
0.690845094575
printing diff
0.000159572003332
0.690798981467
printing diff
0.000156717395902
0.690751785778
printing diff
0.000151951784485
0.690703552641
printing diff
0.000148099414697
0.690654400293
printing diff
0.000144782666122
0.690604418255
printing diff
0.000140781620417
0.690553691122
printing diff
0.000135573935001
0.690502333477
printing diff
0.000132097693647
0.690450435959
printing diff
0.000127997058205
0.690398083909
printing diff
0.000123164233039
0.690345403996
printing diff
0.000119150281699
0.690292477384
printing diff
0.00011560332044
0.6902394247
printing diff
0.000111067697909
0.69018631808
printing diff
0.000106527375638
0.690133264724
printing diff
0.000101506187859
0.690080352361
printing diff
9.81884694965e-05
0.690027647159
printing diff
9.38254691781e-05
0.689975257212
printing diff
9.02557552085e-05
0.689923220865
printing diff
8.55008114563e-05
0.689871639349
printing diff
8.13164758742e-05
0.689820540638
printing diff
7.85196081121e-05
0.689770002613
printing diff
7.51815242075e-05
0.689720083089
printing diff
7.02112129842e-05
0.689670796314
printing diff
6.77633941993e-05
0.689622209054
printing diff
6.39931579705e-05
0.689574332052
printing diff
6.14061373495e-05
0.68952722439
printing diff
5.73063224965e-05
0.689480891887
printing diff
5.41289249558e-05
0.689435358638
printing diff
5.09238511659e-05
0.689390614573
printing diff
4.88833432204e-05
0.689346713775
printing diff
4.540128314e-05
0.68930365438
printing diff
4.27700998786e-05
0.689261427511
printing diff
4.1106690155e-05
0.689220041074
printing diff
3.84681961861e-05
0.689179509617
printing diff
3.53150433384e-05
0.689139806434
printing diff
3.2614557555e-05
0.689100943683
printing diff
3.15296635014e-05
0.689062910623
printing diff
2.85434633381e-05
0.689025697854
printing diff
2.69051188969e-05
0.688989297395
printing diff
2.56092587162e-05
0.688953706633
printing diff
2.22011262991e-05
0.688918913112
printing diff
2.14467060581e-05
0.688884898629
printing diff
1.92003047212e-05
0.688851654157
printing diff
1.77378648512e-05
0.688819156123
printing diff
1.55090688914e-05
0.688787405795
printing diff
1.40525223465e-05
0.688756376691
printing diff
1.28170128012e-05
0.688726065603
printing diff
1.13301044412e-05
0.688696460148
printing diff
1.00836288347e-05
0.688667546673
printing diff
8.39149847498e-06
0.688639299816
printing diff
7.36643286314e-06
0.688611708982
printing diff
5.72510445962e-06
0.688584762461
printing diff
4.39522711004e-06
0.68855845212
printing diff
3.96098601207e-06
0.68853276789
printing diff
2.47176508128e-06
0.688507681272
printing diff
1.9637455182e-06
0.688483174811
printing diff
1.86796033197e-07
0.688459262681
printing diff
-3.70533505101e-07
0.688435894079
printing diff
-1.73211545307e-06
0.688413114139
printing diff
-2.72256710354e-06
0.688390848857
printing diff
-3.20380560603e-06
0.688369118227
printing diff
-4.46438043378e-06
0.688347907404
printing diff
-4.36680487004e-06
0.688327209747
printing diff
-5.80373186343e-06
0.688307015633
printing diff
-6.79746587229e-06
0.688287297536
printing diff
-7.87221445464e-06
0.688268047996
printing diff
-7.51831653867e-06
0.688249274622
printing diff
-8.61022290355e-06
0.688230953616
printing diff
-8.99470643201e-06
0.688213075729
printing diff
-9.41462451132e-06
0.688195627756
printing diff
-1.06996678292e-05
0.688178617754
printing diff
-1.04990709708e-05
0.68816202036
printing diff
-1.14405856413e-05
0.688145831917
printing diff
-1.16942224275e-05
0.688130028108
printing diff
-1.25053379503e-05
0.688114621911
printing diff
-1.21265985492e-05
0.688099587814
printing diff
-1.19478592139e-05
0.688084922833
printing diff
-1.28581168803e-05
0.688070609214
printing diff
-1.28367069516e-05
0.688056646211
printing diff
-1.35064572655e-05
0.688043022409
printing diff
-1.33879193676e-05
0.688029728186
printing diff
-1.36082849753e-05
0.688016741535
printing diff
-1.32730368231e-05
0.688004082598
printing diff
-1.36195494326e-05
0.687991706391
printing diff
-1.39374160051e-05
0.687979607245
printing diff
-1.26502839137e-05
0.687967811419
printing diff
-1.37694935327e-05
0.687956250132
printing diff
-1.27412201615e-05
0.687944965234
printing diff
-1.35660619104e-05
0.687933914056
printing diff
-1.33249577652e-05
0.687923093537
printing diff
-1.28432716685e-05
0.687912515839
printing diff
-1.27509926376e-05
0.687902138141
printing diff
-1.13411451013e-05
0.687891968648
printing diff
-1.234830694e-05
0.687881981625
printing diff
-1.13920962557e-05
0.687872193409
printing diff
-1.16873593146e-05
0.687862584454
printing diff
-1.11811301288e-05
0.687853140661
printing diff
-1.07230173333e-05
0.687843846365
printing diff
-1.09620327049e-05
0.687834701416
printing diff
-1.02970567304e-05
0.687825693953
printing diff
-1.01351767816e-05
0.687816841581
printing diff
-1.00155944968e-05
0.687808093052
printing diff
-9.37918996036e-06
0.687799471863
printing diff
-9.31869012688e-06
0.687790978835
printing diff
-8.92048037249e-06
0.687782583458
printing diff
-8.58135306936e-06
0.687774297964
printing diff
-8.89377391089e-06
0.687766114373
printing diff
-9.17165538994e-06
0.687758008813
printing diff
-7.8014945506e-06
0.687750010452
printing diff
-7.88422490239e-06
0.68774208102
printing diff
-8.26535147336e-06
0.687734249313
printing diff
-8.757779834e-06
0.687726479075
printing diff
-6.82439613098e-06
0.687718802459
printing diff
-7.95860016001e-06
0.687711188358
printing diff
-7.55487007553e-06
0.687703659224
printing diff
-7.21305720652e-06
0.687696172612
printing diff
-7.34174057593e-06
0.687688775221
printing diff
-8.39888378146e-06
0.687681421544
printing diff
-6.79381051849e-06
0.687674142616
printing diff
-7.36546307545e-06
0.687666925978
printing diff
-7.44043512546e-06
0.687659756561
printing diff
-7.02939433361e-06
0.687652642572
printing diff
-7.12085277477e-06
0.687645593782
printing diff
-6.61529498047e-06
0.687638591691
printing diff
-6.63827148928e-06
0.68763164719
printing diff
-6.8491630173e-06
0.687624748866
printing diff
-6.29750300707e-06
0.687617914847
printing diff
-6.94405301493e-06
0.687611120216
printing diff
-6.56814837774e-06
0.68760438698
printing diff
-6.91108023276e-06
0.687597683359
printing diff
-6.35710765184e-06
0.687591050086
printing diff
-7.08034548802e-06
0.687584450681
printing diff
-7.13935334029e-06
0.687577909164
printing diff
-6.90168075179e-06
0.687571402858
printing diff
-6.18135227881e-06
0.687564942431
printing diff
-5.8914603519e-06
0.687558534969
printing diff
-6.96068860406e-06
0.68755217816
printing diff
-6.86691759233e-06
0.687545857904
printing diff
-6.69705554446e-06
0.687539570173
printing diff
-6.13435487429e-06
0.687533334961
printing diff
-5.62827488659e-06
0.687527147417
printing diff
-6.30003937485e-06
0.687520978522
printing diff
-6.19343732566e-06
0.687514873783
printing diff
-6.16770065176e-06
0.687508804404
printing diff
-6.55971868468e-06
0.68750278814
printing diff
-6.35613786404e-06
0.687496790226
printing diff
-5.88780499822e-06
0.687490842593
printing diff
-5.29347432865e-06
0.687484936884
printing diff
-5.30555937561e-06
0.687479074368
printing diff
-5.8117139623e-06
0.687473254299
printing diff
-6.12197143113e-06
0.687467444898
printing diff
-6.33532472782e-06
0.687461699577
printing diff
-5.58142668017e-06
0.687455988497
printing diff
-5.51428753093e-06
0.687450300767
printing diff
-5.63991233904e-06
0.687444659736
printing diff
-4.777771063e-06
0.687439064135
printing diff
-5.14763317649e-06
0.687433497181
printing diff
-4.78202320908e-06
0.687427962826
printing diff
-5.71637637026e-06
0.687422458162
printing diff
-5.35397416213e-06
0.687416997809
printing diff
-5.50436585656e-06
0.687411566625
printing diff
-4.58664828462e-06
0.687406172591
printing diff
-4.25035574558e-06
0.687400817349
printing diff
-5.23528706597e-06
0.687395488962
printing diff
-5.14867756329e-06
0.687390192056
printing diff
-4.55248191744e-06
0.687384917232
printing diff
-4.16061308273e-06
0.68737969858
printing diff
-4.78940851545e-06
0.687374511186
printing diff
-4.17008716269e-06
0.687369336473
printing diff
-4.0602027549e-06
0.687364200328
printing diff
-4.29653256051e-06
0.687359100737
printing diff
-3.95815124798e-06
0.687354025838
printing diff
-4.24252284481e-06
0.687348976377
printing diff
-3.70757302293e-06
0.687343961157
printing diff
-3.95069134251e-06
0.687338988235
printing diff
-4.16009088933e-06
0.68733402598
printing diff
-3.59918059634e-06
0.687329116169
printing diff
-3.73159391853e-06
0.687324201882
printing diff
-3.59015411078e-06
0.687319334293
printing diff
-3.52092618783e-06
0.687314498037
printing diff
-2.88205988264e-06
0.687309679833
printing diff
-3.03028820459e-06
0.687304899152
printing diff
-3.3162263815e-06
0.68730014033
printing diff
-3.86326125035e-06
0.687295401574
printing diff
-2.88265667514e-06
0.687290701386
printing diff
-2.63327203487e-06
0.687286028352
printing diff
-3.4255885959e-06
0.687281377697
printing diff
-3.12226883903e-06
0.687276742784
printing diff
-1.60477486666e-06
0.687272152182
printing diff
-2.81424934179e-06
0.687267566428
printing diff
-2.4158157903e-06
0.687263013275
printing diff
-2.2556516196e-06
0.687258482054
printing diff
-2.77016130046e-06
0.687253980523
printing diff
-2.43625593133e-06
0.687249500925
printing diff
-1.85296592181e-06
0.687245055641
printing diff
-2.26997463815e-06
0.687240623264
printing diff
-2.20940020568e-06
0.687236233706
printing diff
-2.2563230111e-06
0.687231840941
printing diff
-1.9635217211e-06
0.687227468541
printing diff
-1.67900092607e-06
0.687223138961
printing diff
-1.84752019083e-06
0.687218813111
printing diff
-1.93039974083e-06
0.687214512103
printing diff
-1.75926950907e-06
0.687210245037
printing diff
-1.62200724818e-06
0.687205994681
printing diff
-1.55561408954e-06
0.687201765586
printing diff
-1.34725892942e-06
0.687197548129
printing diff
-7.1853809569e-07
0.687193375132
printing diff
-8.77061087201e-07
0.687189203702
printing diff
-1.0336445031e-06
0.68718507263
printing diff
-1.60455106946e-06
0.687180943647
printing diff
-1.22536407388e-06
0.687176831449
printing diff
-1.8317051913e-06
0.687172752671
printing diff
-9.29355024604e-07
0.687168672028
printing diff
-1.96568509359e-07
0.687164636294
printing diff
-4.25811404692e-07
0.687160618314
printing diff
-8.3312224386e-07
0.687156606153
printing diff
-1.02752738063e-06
0.687152624503
printing diff
-6.910856436e-07
0.687148656729
printing diff
-6.36628333495e-07
0.687144714019
printing diff
-6.08206093711e-07
0.687140775562
printing diff
2.83924002531e-07
0.687136865229
printing diff
-1.78813934326e-07
0.687132969368
printing diff
-7.32040524642e-07
0.687129086338
printing diff
-9.3398016654e-08
0.68712524195
printing diff
2.21260796573e-07
0.687121399651
printing diff
-1.20850468521e-08
0.687117575331
printing diff
-1.09265235548e-06
0.687113771749
printing diff
2.06713980822e-07
0.68710998801
printing diff
1.68295467562e-07
0.687106229635
printing diff
-9.02648567003e-09
I tensorflow/stream_executor/dso_loader.cc:108] successfully opened CUDA library libcublas.so locally
I tensorflow/stream_executor/dso_loader.cc:108] successfully opened CUDA library libcudnn.so locally
I tensorflow/stream_executor/dso_loader.cc:108] successfully opened CUDA library libcufft.so locally
I tensorflow/stream_executor/dso_loader.cc:108] successfully opened CUDA library libcuda.so locally
I tensorflow/stream_executor/dso_loader.cc:108] successfully opened CUDA library libcurand.so locally
