I tensorflow/stream_executor/dso_loader.cc:108] successfully opened CUDA library libcublas.so locally
I tensorflow/stream_executor/dso_loader.cc:108] successfully opened CUDA library libcudnn.so locally
I tensorflow/stream_executor/dso_loader.cc:108] successfully opened CUDA library libcufft.so locally
I tensorflow/stream_executor/dso_loader.cc:108] successfully opened CUDA library libcuda.so locally
I tensorflow/stream_executor/dso_loader.cc:108] successfully opened CUDA library libcurand.so locally
I tensorflow/stream_executor/cuda/cuda_gpu_executor.cc:924] successful NUMA node read from SysFS had negative value (-1), but there must be at least one NUMA node, so returning NUMA node zero
I tensorflow/core/common_runtime/gpu/gpu_init.cc:102] Found device 0 with properties: 
name: GeForce GTX 660
major: 3 minor: 0 memoryClockRate (GHz) 1.0975
pciBusID 0000:01:00.0
Total memory: 2.00GiB
Free memory: 1.63GiB
I tensorflow/core/common_runtime/gpu/gpu_init.cc:126] DMA: 0 
I tensorflow/core/common_runtime/gpu/gpu_init.cc:136] 0:   Y 
I tensorflow/core/common_runtime/gpu/gpu_device.cc:806] Creating TensorFlow device (/gpu:0) -> (device: 0, name: GeForce GTX 660, pci bus id: 0000:01:00.0)
800
0.690862809216
printing diff
-1.39658986931
0.690682474736
printing diff
-0.00177809443918
0.690578442436
printing diff
-0.000784652727144
0.690464179079
printing diff
-0.000344371115481
0.690346746294
printing diff
-0.000149671379868
0.69022963695
printing diff
-6.36638463796e-05
0.690114388774
printing diff
-2.72935575194e-05
0.690001788619
printing diff
-1.27408955548e-05
0.689892203779
printing diff
-6.69630440142e-06
0.689785831862
printing diff
-4.89993138364e-06
0.689682824476
printing diff
-6.01702624248e-06
0.689583315148
printing diff
-5.77735471297e-06
0.689487369748
printing diff
-6.38342476467e-06
0.689395190717
printing diff
-5.63362339234e-06
0.689306735634
printing diff
-6.21517141308e-06
0.689222143756
printing diff
-5.18112927228e-06
0.689141429401
printing diff
-5.52067885529e-06
0.689064625326
printing diff
-6.01577329207e-06
0.688991804381
printing diff
-5.55343456088e-06
0.688922932019
printing diff
-3.5048605086e-06
0.68885788939
printing diff
-3.52401275172e-06
0.688796697078
printing diff
-2.99974246787e-06
0.688739229609
printing diff
-2.99007684978e-06
0.68868548394
printing diff
-2.06110355727e-06
0.688635185137
printing diff
-2.51789350769e-06
0.688588341435
printing diff
-4.01660128824e-07
0.688544677721
printing diff
-8.35717977266e-07
0.688504037198
printing diff
-1.89123926941e-06
0.688466281325
printing diff
-2.18997846491e-06
0.688431271204
printing diff
-2.02297806384e-06
0.688398684288
printing diff
-2.99884750321e-06
0.688368376848
printing diff
-4.72183342093e-06
0.68834019817
printing diff
-4.63197897149e-06
0.688313819267
printing diff
-7.22308058632e-06
0.688289159948
printing diff
-9.65559446786e-06
0.688265987524
printing diff
-1.00898313092e-05
0.688244025092
printing diff
-1.318086017e-05
0.688223100639
printing diff
-1.61598394584e-05
0.688203033563
printing diff
-1.89159725521e-05
0.688183513848
printing diff
-2.38798044108e-05
0.688164443046
printing diff
-2.71584178592e-05
0.688145547658
printing diff
-3.0776043912e-05
0.688126497262
printing diff
-3.78491284253e-05
0.688107115728
printing diff
-4.39753403535e-05
0.688087119712
printing diff
-5.02853780179e-05
0.688066099141
printing diff
-5.83493673766e-05
0.688043705694
printing diff
-6.82242281802e-05
0.688019541112
printing diff
-7.88209674595e-05
0.687992979635
printing diff
-9.24817076674e-05
0.687963447234
printing diff
-0.000107272072239
0.687930114634
printing diff
-0.000126002608119
0.687892025655
printing diff
-0.000146657675952
0.687847825142
printing diff
-0.000171700576404
0.687795861705
printing diff
-0.000203659942558
0.687733952885
printing diff
-0.00024205857927
0.687659275066
printing diff
-0.000288892794658
0.687567907948
printing diff
-0.000346244992437
0.687454588957
printing diff
-0.000418915046944
0.687312140121
printing diff
-0.000508349937004
0.687130615876
printing diff
-0.000620469137713
0.686896219805
printing diff
-0.000758429726323
0.686589687615
printing diff
-0.000930291038376
0.686184744219
printing diff
-0.00113371292034
0.685645475402
printing diff
-0.00137136236683
0.684924965864
printing diff
-0.00163074728247
0.683965017219
printing diff
-0.00188782623222
0.682699735816
printing diff
-0.00209999030775
0.68106491913
printing diff
-0.00221136811975
0.679011873118
printing diff
-0.00216679422705
0.676520367284
printing diff
-0.00192744184185
0.673598951585
printing diff
-0.00148311176816
0.670270421394
printing diff
-0.000859759501867
0.666555281874
printing diff
-0.000117561122677
0.662468814009
printing diff
0.000661414485794
0.658031901529
printing diff
0.00139888091846
0.653283114816
printing diff
0.00204234644099
0.648279827189
printing diff
0.00257977172061
0.643085334305
printing diff
0.0030214243286
0.63774526513
printing diff
0.00337138593018
0.632262176132
printing diff
0.00359512037701
0.626591985469
printing diff
0.00361146126781
0.620716187376
printing diff
0.0033692949348
0.614791605745
printing diff
0.00311230968785
0.609138905241
printing diff
0.00327592640668
0.603996743848
printing diff
0.00387984523186
0.599425670487
printing diff
0.00459758700193
0.595393510194
printing diff
0.00519884429178
0.59184366836
printing diff
0.00562376660986
0.588717967719
printing diff
0.00588800858807
0.585962565677
printing diff
0.00602946302912
0.583529124523
printing diff
0.00607849241377
0.581375227497
printing diff
0.0060621936758
0.579463941109
printing diff
0.00599785842695
0.577763602003
printing diff
0.00590054176233
0.576246771234
printing diff
0.00578108268815
0.574889944883
printing diff
0.00564688327792
0.573672893191
printing diff
0.00550211549879
0.572578267404
printing diff
0.00535249915925
0.57159111132
printing diff
0.00520058553498
0.570698480393
printing diff
0.00504749064689
0.569889192444
printing diff
0.00489595523468
0.569153613313
printing diff
0.00474819317236
0.56848324974
printing diff
0.00460252640126
0.567870865019
printing diff
0.00446046060986
0.567310095012
printing diff
0.00432390350479
0.566795303903
printing diff
0.00419067924803
0.566321676535
printing diff
0.00406325829996
0.565884867655
printing diff
0.00393980884695
0.565481161648
printing diff
0.0038223584314
0.565107161979
printing diff
0.00370861406441
0.564760015802
printing diff
0.0036001290466
0.564437127037
printing diff
0.00349664867103
0.564136138706
printing diff
0.00339755398017
0.563855040494
printing diff
0.00330222834338
0.563592035637
printing diff
0.00321198789565
0.56334547562
printing diff
0.00312517382003
0.563113922594
printing diff
0.00304282096413
0.562896021281
printing diff
0.00296317081194
0.562690716472
printing diff
0.00288846122252
0.562496876473
printing diff
0.00281668067336
0.562313611723
printing diff
0.00274716357927
0.562140109157
printing diff
0.00268237001903
0.561975529043
printing diff
0.00261903999446
0.561819255341
printing diff
0.00255925295589
0.561670611224
printing diff
0.00250158080826
0.561529067488
printing diff
0.00244701660431
0.561394088205
printing diff
0.00239442597638
0.561265239218
printing diff
0.00234459738832
0.561142077395
printing diff
0.0022964428316
0.561024212007
printing diff
0.00225080939027
0.560911259337
printing diff
0.00220588207603
0.560802978919
printing diff
0.002163847198
0.560698985494
printing diff
0.00212288842545
0.56059907153
printing diff
0.00208380209791
0.560502980117
printing diff
0.00204636554818
0.56041045742
printing diff
0.00201057179554
0.560321261631
printing diff
0.00197515374905
0.560235307012
printing diff
0.00194186840329
0.560152344719
printing diff
0.00191021797893
0.560072164938
printing diff
0.00187844512341
0.559994642217
printing diff
0.00184820829569
0.559919729706
printing diff
0.00181922370249
0.559847180729
printing diff
0.00179185425197
0.559776883595
printing diff
0.00176462799579
0.559708757259
printing diff
0.00173873371548
0.559642658163
printing diff
0.00171250436041
0.559578581078
printing diff
0.00168871790081
0.55951633405
printing diff
0.00166492293905
0.559455867236
printing diff
0.00164245028754
0.559397060989
printing diff
0.00161960264584
0.559339898462
printing diff
0.00159810013599
0.559284291988
printing diff
0.00157694406696
0.559230160623
printing diff
0.00155697149915
0.559177416463
printing diff
0.00153646356351
0.559126088726
printing diff
0.00151808698614
0.559076021865
printing diff
0.00149932208362
0.55902715161
printing diff
0.00147970472728
0.558979597619
printing diff
0.00146319334571
0.558933131341
printing diff
0.00144658969329
0.558887740771
printing diff
0.00142788323196
0.558843492013
printing diff
0.00141259866792
0.558800207837
printing diff
0.00139609167168
0.558757992249
printing diff
0.00138258611834
0.558716616557
printing diff
0.00136579183845
0.558676193303
printing diff
0.00134986800116
0.558636737445
printing diff
0.00133683364671
0.558598069564
printing diff
0.0013223148144
0.558560287088
printing diff
0.00130855473312
0.558523232816
printing diff
0.00129450146142
0.558487016422
printing diff
0.00128264121107
0.558451478076
printing diff
0.00126771078453
0.558416744045
printing diff
0.00125613217955
0.558382647073
printing diff
0.00124341464257
0.558349279245
printing diff
0.0012312386487
0.558316538832
printing diff
0.00121983241391
0.558284448421
printing diff
0.0012073484627
0.558252990061
printing diff
0.00119650471318
0.558222119274
printing diff
0.00118519567155
0.558191852057
printing diff
0.00117408235868
0.557526101361
printing diff
0.000646378005947
0.558150699245
printing diff
0.000936190287272
0.558125261497
printing diff
0.00101551950515
0.55809884543
printing diff
0.00106680151579
0.558071950747
printing diff
0.00109001886737
0.558045058525
printing diff
0.00109866664216
0.558018357345
printing diff
0.00109900923463
0.557991960642
printing diff
0.00109493329718
0.557965935876
printing diff
0.00108817729864
0.557940324836
printing diff
0.00108073316179
0.557915157876
printing diff
0.0010727104303
0.557890380741
printing diff
0.00106449438645
0.55786601727
printing diff
0.00105672698837
0.557842081172
printing diff
0.00104853081274
0.557818420942
printing diff
0.00103769726581
0.557795257685
printing diff
0.00103038334632
0.557772476646
printing diff
0.00102281060305
0.557750029053
printing diff
0.00101323117007
0.557727940258
printing diff
0.00100625420476
0.557706233438
printing diff
0.000998357126305
0.557684840506
printing diff
0.000991019848231
0.557663789304
printing diff
0.00098271573986
0.557643080371
printing diff
0.000975665208456
0.557622677319
printing diff
0.000968033934499
0.557602583691
printing diff
0.000960948499473
0.557582806852
printing diff
0.000954125647072
0.557563256002
printing diff
0.000945545800097
0.557544083667
printing diff
0.000938657704774
0.5575251783
printing diff
0.000932864777677
0.557506559819
printing diff
0.000926752079714
0.557488194423
printing diff
0.000919847606539
0.55747009071
printing diff
0.000912547916979
0.557452255994
printing diff
0.000906484889555
0.557434664558
printing diff
0.000900175120379
0.557417323007
printing diff
0.000892887244353
0.55740027265
printing diff
0.000887450334188
0.557383402265
printing diff
0.000881117474925
0.557366790381
printing diff
0.000875312465805
0.557350400846
printing diff
0.000869113314259
0.557334252281
printing diff
0.000863873206817
0.557318290293
printing diff
0.000857494167379
0.557302568231
printing diff
0.000851335020753
0.557287085469
printing diff
0.000846131964847
0.557271788157
printing diff
0.000840492613681
0.557256711362
printing diff
0.000835402591808
0.557241773594
printing diff
0.000829441053373
0.557227061524
printing diff
0.000824180809227
0.557212518383
printing diff
0.000819105822761
0.557198242276
printing diff
0.000814745018074
0.557184091649
printing diff
0.000809344353977
0.557170094181
printing diff
0.000804015376546
0.55715632913
printing diff
0.00079935466921
0.557142724529
printing diff
0.000794585760649
0.557129253672
printing diff
0.000789612531662
0.557115958377
printing diff
0.000783785237922
0.557102849643
printing diff
0.000778501635199
0.557089896215
printing diff
0.000773732458149
0.557077127033
printing diff
0.000768921128264
0.557064494605
printing diff
0.000764905332445
0.557051999975
printing diff
0.000759997883359
0.557039674623
printing diff
0.000756196610562
0.557027467801
printing diff
0.000751650011217
0.557015428795
printing diff
0.000747716641641
0.557003497345
printing diff
0.000743176217552
0.55699179201
printing diff
0.000739965889905
0.556980159369
printing diff
0.000735341160147
0.556968664759
printing diff
0.000730630245295
0.55695730365
printing diff
0.000725969537958
0.556946027163
printing diff
0.000720820179931
0.556934912398
printing diff
0.000717061059969
0.556923934818
printing diff
0.00071362681217
0.556913110464
printing diff
0.000710586975287
0.556902384489
printing diff
0.000706629441665
0.556891759329
printing diff
0.000702646401551
0.556881286475
printing diff
0.000698306270548
0.556870921747
printing diff
0.00069500841536
0.556860666697
printing diff
0.000690846829801
0.556850472681
printing diff
0.000686504819372
0.556840419383
printing diff
0.000682906256066
0.556830495375
printing diff
0.000679221507665
0.556820670171
printing diff
0.000675462924682
0.556810931277
printing diff
0.000671574124345
0.556801352158
printing diff
0.000669275855159
0.556791862772
printing diff
0.000665979879396
0.55678241368
printing diff
0.000662556102684
0.556773105043
printing diff
0.000659266302177
0.556763855478
printing diff
0.000655934348837
0.556754707191
printing diff
0.000652596757219
0.556745672811
printing diff
0.000648934293438
0.556736708417
printing diff
0.000644712566255
0.55672788139
printing diff
0.000641336580655
0.556719157341
printing diff
0.000639058716662
0.556710487799
printing diff
0.000636167622901
0.556701887919
printing diff
0.000632719682144
0.556693389959
printing diff
0.000630075330133
0.556684940337
printing diff
0.000626459315016
0.556676591705
printing diff
0.000622830949388
0.556668324606
printing diff
0.000619711639645
0.556660180612
printing diff
0.000616660526207
0.556652115775
printing diff
0.000614190423811
0.556644126166
printing diff
0.000611399745082
0.556636179895
printing diff
0.000608332522281
0.556628329235
printing diff
0.000605982703132
0.556620537144
printing diff
0.000602498784796
0.556612824976
printing diff
0.000599814696355
0.556605185094
printing diff
0.00059730861638
0.556597636596
printing diff
0.000594932753761
0.556590119875
printing diff
0.0005916974566
0.55658269576
printing diff
0.000589363746815
0.556575316751
printing diff
0.0005866815378
0.55656800849
printing diff
0.000583614314999
0.556560790275
printing diff
0.000580276723381
0.556553676171
printing diff
0.000577744599935
0.556546600986
printing diff
0.000575945989506
0.556539582986
printing diff
0.000573005225207
0.556532607803
printing diff
0.000569950352918
0.556525729306
printing diff
0.000568093480291
0.556518870473
printing diff
0.000565186814145
0.556512083223
printing diff
0.000562624888377
0.556505389498
printing diff
0.000559702112868
0.556498701827
printing diff
0.000557510970949
0.55649210683
printing diff
0.000554758686203
0.556485572505
printing diff
0.000552801935522
0.556479110324
printing diff
0.000551157706493
0.556472682142
printing diff
0.000548647867667
0.556466329323
printing diff
0.000546043789065
0.556460017103
printing diff
0.000544052940231
0.55645375067
printing diff
0.000541438927522
0.55644755174
printing diff
0.000539319740759
0.556441384558
printing diff
0.000536685859835
0.556435279129
printing diff
0.000534670846956
0.556429210483
printing diff
0.000532108921188
0.556423207451
printing diff
0.000529607137044
0.556417258806
printing diff
0.000527724757925
0.556411363976
printing diff
0.000525661953935
0.556405486452
printing diff
0.000523521019532
0.55639970587
printing diff
0.000521566148277
0.556393953516
printing diff
0.000519010397765
0.556388281551
printing diff
0.000517530484242
0.556382613684
printing diff
0.000515233289014
0.556376985906
printing diff
0.000513272779482
0.556371403562
printing diff
0.00051082308228
0.556365880268
printing diff
0.000508191080781
0.556360427637
printing diff
0.000507143972156
0.556354981089
printing diff
0.000505125200426
0.556349571134
printing diff
0.000503276919459
0.556344230483
printing diff
0.000501414408555
0.556338904084
printing diff
0.000499289583516
0.556333629233
printing diff
0.000496865929784
0.556328405419
printing diff
0.000495110009168
0.556323197122
printing diff
0.000492925042505
0.556318062103
printing diff
0.000491002389977
0.556312978019
printing diff
0.000489155988435
0.556307895819
printing diff
0.000487193599478
0.556302880357
printing diff
0.000485331088573
0.556297895289
printing diff
0.000483779219894
0.55629296233
printing diff
0.000482331525098
0.556288029333
printing diff
0.00048012239439
0.556283178448
printing diff
0.000479113679748
0.556278322608
printing diff
0.000476616191434
0.556273498024
printing diff
0.000473926464717
0.556268734648
printing diff
0.000472124095436
0.556264018878
printing diff
0.00047025782568
0.556259336451
printing diff
0.000469032708589
0.556254694868
printing diff
0.00046741881886
0.556250086493
printing diff
0.000466358017277
0.556245443173
printing diff
0.000464117204821
0.556240889311
printing diff
0.000462675685281
0.556236370111
printing diff
0.000461286252683
0.556231882734
printing diff
0.000459812514417
0.556227409177
printing diff
0.000458377170133
0.556222974904
printing diff
0.000456450758754
0.556218602879
printing diff
0.000455063205582
0.556214228616
printing diff
0.00045271016456
0.556209903431
printing diff
0.000451242601549
0.556205601059
printing diff
0.000449177918133
0.556201331828
printing diff
0.000447898834675
0.556197095128
printing diff
0.000446803934939
0.556192866322
printing diff
0.000444711328627
0.556188683048
printing diff
0.000443045351956
0.556184528319
printing diff
0.000441102831213
0.556180418786
printing diff
0.00043995396511
0.55617635573
printing diff
0.000438728848019
0.556172279149
printing diff
0.000437355524785
0.556168239824
printing diff
0.000435485496177
0.556164215418
printing diff
0.000433314759452
0.556160240883
printing diff
0.000432338263538
0.556156280077
printing diff
0.000430702626168
0.556152367724
printing diff
0.000429615781114
0.556148495942
printing diff
0.000429082024205
0.556144612588
printing diff
0.000427739040272
0.556140756762
printing diff
0.000426063129494
0.556136937194
printing diff
0.000424707795049
0.556133127764
printing diff
0.000422693319149
0.556129369372
printing diff
0.00042118977856
0.556125600436
printing diff
0.000419217455494
0.556121875785
printing diff
0.000418074764647
0.556118214609
printing diff
0.000416244472469
0.556114547704
printing diff
0.000415344227542
0.556110883621
printing diff
0.000413796654693
0.556107296884
printing diff
0.000413661604529
0.556103679784
printing diff
0.000412146250407
0.556100077947
printing diff
0.000410226014283
0.556096560684
printing diff
0.000409413833876
0.556093013959
printing diff
0.000407513465967
0.556089505255
printing diff
0.000406198404931
0.556086018244
printing diff
0.000404873409787
0.556082561002
printing diff
0.000403488273019
0.556079104435
printing diff
0.000402155223194
0.556075674331
printing diff
0.000400988368301
0.556072285077
printing diff
0.0003999659607
0.556068932723
printing diff
0.000399189757871
0.556065555105
printing diff
0.000397493978878
0.556062205174
printing diff
0.000395485678234
0.556058898863
printing diff
0.000394491193531
0.556055613168
printing diff
0.000393651090227
0.556052349863
printing diff
0.000392706813039
0.556049079711
printing diff
0.000390534196888
0.556045858075
printing diff
0.000389746180526
0.556042657494
printing diff
0.000388683499517
0.556039460435
printing diff
0.000388015766401
0.556036268484
printing diff
0.000386716814728
0.556033114838
printing diff
0.000385427797163
0.556030001767
printing diff
0.000384521376979
0.556026886294
printing diff
0.000383476684759
0.556023798051
printing diff
0.000382073559203
0.556020719381
printing diff
0.000380798771575
0.556017676421
printing diff
0.000380012634638
0.556014620582
printing diff
0.000378904041943
0.556011620585
printing diff
0.00037773718705
0.556008597318
printing diff
0.000376290029234
0.556005619949
printing diff
0.000375397838988
0.556002651643
printing diff
0.000374050559224
0.555999694521
printing diff
0.000373138500763
0.555996770652
printing diff
0.000371711211162
0.555993859666
printing diff
0.000370863053176
0.555990940525
printing diff
0.000369648407171
0.555988048473
printing diff
0.000368668152405
0.555985199376
printing diff
0.000367882015469
0.555982345951
printing diff
0.00036618435705
0.555979508963
printing diff
0.000365142081235
0.555976716711
printing diff
0.00036469450942
0.555973904922
printing diff
0.000363351525487
0.555971124973
printing diff
0.000362311129098
0.555968351879
printing diff
0.000360717644563
0.555965602023
printing diff
0.000359713225751
0.555962872822
printing diff
0.000358646785891
0.555960166932
printing diff
0.000357842660165
0.555957459691
printing diff
0.000357036655014
0.555954777633
printing diff
0.000355857986588
0.555952111027
printing diff
0.000355094134271
0.555949428875
printing diff
0.000353975607468
0.555946778277
printing diff
0.000353175777573
0.555944153583
printing diff
0.000352213511596
0.555941534036
printing diff
0.000351209092785
0.555938929398
printing diff
0.000349928129901
0.555936347527
printing diff
0.000348981973287
0.555933774378
printing diff
0.000348166034028
0.555931213797
printing diff
0.000347221756841
0.55592866112
printing diff
0.000346415751689
0.555926139553
printing diff
0.0003453753553
0.555923629819
printing diff
0.000344515383781
0.555921148405
printing diff
0.000343667225795
0.555918658696
printing diff
0.000342686971029
0.555916165979
printing diff
0.000341488434388
0.555913714457
printing diff
0.000340996830313
0.555911265017
printing diff
0.000340343327136
0.555908812912
printing diff
0.000339078473615
0.555906411876
printing diff
0.000338392751711
0.555904000262
printing diff
0.000337358530577
0.555901609347
printing diff
0.000336907199911
0.555899229482
printing diff
0.000335662214606
0.555896849363
printing diff
0.000334808418343
0.555894478297
printing diff
0.000333593772338
0.555892115315
printing diff
0.000332986180847
0.555889794147
printing diff
0.000332300458943
0.5558874609
printing diff
0.000330783225394
0.555885162302
printing diff
0.000330400091034
0.55588286246
printing diff
0.000329461989102
0.555880600223
printing diff
0.000328776267198
0.555878340247
printing diff
0.000327843803543
0.555876078139
printing diff
0.000326689299162
0.555873831531
printing diff
0.000325745021975
0.555871585997
printing diff
0.000324945192079
0.555869352204
printing diff
0.000324267524857
0.555867129681
printing diff
0.00032321719436
0.555864932776
printing diff
0.000322601548186
0.555862761465
printing diff
0.000321787488353
0.555860579422
printing diff
0.000320935571516
0.555858408302
printing diff
0.00032010969815
0.555856270562
printing diff
0.000319658367484
0.555854116348
printing diff
0.000318884581059
0.555851971984
printing diff
0.000317842305243
0.555849828419
printing diff
0.000316669812074
0.555847699539
printing diff
0.00031603241826
0.55584559462
printing diff
0.00031514640327
0.555843501248
printing diff
0.000314703127285
0.555841420667
printing diff
0.00031423380783
0.555839328713
printing diff
0.000313301881154
0.555837289731
printing diff
0.000312538028837
0.555835241088
printing diff
0.000311635904484
0.555833201276
printing diff
0.000311088454616
0.555831162992
printing diff
0.000310625310417
0.555829133381
printing diff
0.000310025773607
0.555827122819
printing diff
0.000308959333746
0.55582511788
printing diff
0.0003078469822
0.555823121631
printing diff
0.000306650324985
0.555821137535
printing diff
0.000306283299987
0.55581916783
printing diff
0.000305735850119
0.555817188274
printing diff
0.000304503215326
0.555815228939
printing diff
0.000303755472372
0.555813281293
printing diff
0.000303041827571
0.555811354853
printing diff
0.00030261466095
0.555809410755
printing diff
0.000301373971475
0.55580748893
printing diff
0.000300852565078
0.555805599949
printing diff
0.000300262962376
0.555803705576
printing diff
0.000300042264096
0.555801805883
printing diff
0.000298843727456
0.555799943238
printing diff
0.000298536844082
0.555798044221
printing diff
0.000297737014186
0.555796178497
printing diff
0.000296979337125
0.555794316313
printing diff
0.000296095201561
0.555792479089
printing diff
0.000295475796536
0.555790639227
printing diff
0.000295098837432
0.555788807582
printing diff
0.000294272964065
0.555786980924
printing diff
0.000293567373946
0.555785167302
printing diff
0.000292871717934
0.555783356529
printing diff
0.000292210160075
0.555781568546
printing diff
0.000291843135078
0.555779796649
printing diff
0.000291045184608
0.555778004312
printing diff
0.000290183333663
0.555776223669
printing diff
0.000289624070262
0.555774454988
printing diff
0.000288962512403
0.55577270945
printing diff
0.00028843922658
0.555770969723
printing diff
0.000287951918336
0.555769206318
printing diff
0.000286995827615
0.555767467608
printing diff
0.000286037857468
0.55576573438
printing diff
0.000285300048622
0.555764022819
printing diff
0.000284680643597
0.555762302251
printing diff
0.000284011031056
0.555760604391
printing diff
0.000283645885485
0.555758914277
printing diff
0.000283050644505
0.555757222971
printing diff
0.000282407075435
0.555755537542
printing diff
0.000281605366114
0.555753869796
printing diff
0.000281264384588
0.555752218648
printing diff
0.000280680957141
0.555750554128
printing diff
0.000279941268869
0.55574890114
printing diff
0.000279219569387
0.555747256074
printing diff
0.000278540022739
0.555745626801
printing diff
0.000278197161786
0.555743987815
printing diff
0.000277595745551
0.555742372982
printing diff
0.00027697016527
0.555740775016
printing diff
0.000276404726613
0.555739175481
printing diff
0.000275725179964
0.555737573862
printing diff
0.000275408362483
0.555735984379
printing diff
0.000274522347493
0.555734397343
printing diff
0.00027399906167
0.555732804654
printing diff
0.000273042970949
0.555731249576
printing diff
0.000272501696337
0.555729692417
printing diff
0.000271900280102
0.555728135203
printing diff
0.00027135900549
0.555726585738
printing diff
0.000271078165587
0.555725044747
printing diff
0.000270372575468
0.555723486691
printing diff
0.000269354463698
0.555721958487
printing diff
0.000269073623795
0.555720438553
printing diff
0.00026865263243
0.555718916078
printing diff
0.000267462150471
0.55571742077
printing diff
0.00026679253793
0.555715918068
printing diff
0.000266475720448
0.555714429377
printing diff
0.000266349261945
0.555712938126
printing diff
0.000265687704086
0.555711453093
printing diff
0.000265024266801
0.555709977685
printing diff
0.000264883578361
0.555708515746
printing diff
0.000264376401901
0.555707030849
printing diff
0.00026361872484
0.555705578574
printing diff
0.000263293852677
0.555704125521
printing diff
0.000262415892369
0.555702666072
printing diff
0.000261958923426
0.555701225016
printing diff
0.000261435637603
0.555699802955
printing diff
0.000261014646238
0.555698368149
printing diff
0.000260491360415
0.555696962289
printing diff
0.000260270662136
0.555695529531
printing diff
0.00025962521364
0.555694122406
printing diff
0.000259482645774
0.555692702154
printing diff
0.000258386403591
0.555691285084
printing diff
0.000257316204879
0.555689892136
printing diff
0.000256965289245
0.555688510573
printing diff
0.000256570341351
0.555687124504
printing diff
0.000256047055528
0.55568575698
printing diff
0.00025569801932
0.555684374195
printing diff
0.000255241050377
0.555683010782
printing diff
0.000254994308626
0.555681650523
printing diff
0.000254539219109
0.555680285472
printing diff
0.000253869606568
0.555678938367
printing diff
0.000253136093552
0.555677578766
printing diff
0.000252672949353
0.555676237095
printing diff
0.000252269946777
0.555674894037
printing diff
0.00025155442255
0.555673575257
printing diff
0.000251385811213
0.555672230116
printing diff
0.000250057057217
0.555670923945
printing diff
0.000249413488147
0.555669621114
printing diff
0.000249251052066
0.55566830006
printing diff
0.00024887033411
0.555667004621
printing diff
0.000248685613409
0.555665713794
printing diff
0.000248360741246
0.555664424425
printing diff
0.000247939749881
0.555663137599
printing diff
0.000247422639314
0.555661843274
printing diff
0.000246689126298
0.555660559004
printing diff
0.000246448559804
0.555659291501
printing diff
0.000246177654009
0.555658009633
printing diff
0.000245377824113
0.555656752948
printing diff
0.00024525136561
0.55565548537
printing diff
0.000244295274889
0.555654229195
printing diff
0.000243639892286
0.555652977342
printing diff
0.000243393150536
0.555651738489
printing diff
0.000243068278373
0.555650488845
printing diff
0.000242785559044
0.555649250772
printing diff
0.000242070034818
0.555648019628
printing diff
0.000241969619785
0.555646794761
printing diff
0.000241167910464
0.555645574501
printing diff
0.000240746919099
0.555644363038
printing diff
0.000240145502864
0.555643149817
printing diff
0.000239307815964
0.555641957301
printing diff
0.000239279356089
0.555640741643
printing diff
0.000238545843073
0.555639568961
printing diff
0.000238232784443
0.555638369633
printing diff
0.000237723728558
0.555637167568
printing diff
0.000237138421686
0.555635980563
printing diff
0.000236853822932
0.555634795547
printing diff
0.000236104200552
0.555633640101
printing diff
0.000236098025296
0.555632468649
printing diff
0.000235538761895
0.555631299198
printing diff
0.000235091727059
0.555630146875
printing diff
0.000234612473496
0.555628987231
printing diff
0.000234113351719
0.555627826544
printing diff
0.000233770490767
0.555626681279
printing diff
0.000233289357778
0.555625542935
printing diff
0.000232946496826
0.55562441104
printing diff
0.00023278594017
0.555623271414
printing diff
0.000232242786132
0.55562212597
printing diff
0.000231112445797
0.555621001149
printing diff
0.000230985987294
0.555619895949
printing diff
0.000230817375956
0.555618764017
printing diff
0.000229885449281
0.555617656634
printing diff
0.000229801143612
0.55561653468
printing diff
0.000229197847951
0.555615425099
printing diff
0.000229019302506
0.555614317348
printing diff
0.000228838877635
0.555613233673
printing diff
0.000228696309768
0.555612117446
printing diff
0.000228014883694
0.555611033379
printing diff
0.000227768141944
0.555609944414
printing diff
0.000227259086059
0.555608856811
printing diff
0.00022673392081
0.555607765454
printing diff
0.000226148613938
0.555606683745
printing diff
0.000225681710888
0.555605607111
printing diff
0.000225192523218
0.555604538842
printing diff
0.000225031966562
0.555603483118
printing diff
0.00022468910561
0.555602405424
printing diff
0.000224189983832
0.555601351441
printing diff
0.000223768992467
0.555600299101
printing diff
0.000223528425973
0.555599251167
printing diff
0.000222987151361
0.555598212208
printing diff
0.000222998964894
0.555597172724
printing diff
0.000222379559869
0.555596127269
printing diff
0.000222225178469
0.555595084519
printing diff
0.000221603894019
0.555594061213
printing diff
0.000221399305103
0.555593040604
printing diff
0.000221056444151
0.555592017607
printing diff
0.000220653441575
0.555590993739
printing diff
0.000220378776928
0.555589991183
printing diff
0.000219913753303
0.555588971199
printing diff
0.000219432620315
0.555587948813
printing diff
0.000218819390546
0.555586933434
printing diff
0.000218534791792
0.555585937848
printing diff
0.000218253951889
0.555584940407
printing diff
0.000217953243771
0.555583958467
printing diff
0.000217732545492
0.555582952831
printing diff
0.000217087096996
0.555581952851
printing diff
0.000216473867227
0.555580961751
printing diff
0.000215948701979
0.555579986424
printing diff
0.000215968570194
0.555579019622
printing diff
0.000215729883125
0.555578031265
printing diff
0.000215144576253
0.555577056619
printing diff
0.000214585312852
0.555576089506
printing diff
0.000214543160018
0.555575122953
printing diff
0.000214086191074
0.555574154365
printing diff
0.000213466786049
0.555573186676
printing diff
0.000213398589744
0.555572232699
printing diff
0.000212985653061
0.555571292438
printing diff
0.000212781064145
0.555570348975
printing diff
0.000212516333606
0.555569398275
printing diff
0.000212259657748
0.555568450455
printing diff
0.00021191491737
0.555567493261
printing diff
0.000211181404354
0.555566552909
printing diff
0.00021076041299
0.555565619286
printing diff
0.000210615965697
0.555564687375
printing diff
0.000210531660028
0.555563756732
printing diff
0.000209754114752
0.555562839009
printing diff
0.000209281036446
0.555561928624
printing diff
0.000209094436319
0.555561003855
printing diff
0.000208775739412
0.55556010022
printing diff
0.000208727411322
0.55555918569
printing diff
0.000208108006297
0.555558269559
printing diff
0.00020778930939
0.555557357824
printing diff
0.000207548742896
0.555556463037
printing diff
0.000207067609907
0.555555551602
printing diff
0.000206688771377
0.555554649052
printing diff
0.000206067486926
0.555553758247
printing diff
0.000205888941481
0.555552854119
printing diff
0.000205630386198
0.555551969955
printing diff
0.000205185230788
0.555551088855
printing diff
0.000204926675504
0.555550193906
printing diff
0.000204461651879
0.555549332792
printing diff
0.00020468181318
0.555548447349
printing diff
0.000204216789555
0.555547565422
printing diff
0.000203603559786
0.555546700414
printing diff
0.000203459112494
0.555545839538
printing diff
0.000203176393165
0.555544965982
printing diff
0.000202659282598
0.555544096902
printing diff
0.000202436704893
0.555543226223
printing diff
0.000202015713529
0.555542381709
printing diff
0.000201715005411
0.555541517686
printing diff
0.000201354155669
0.555540656988
printing diff
0.000201233872422
0.555539813765
printing diff
0.000200926989048
0.555538975378
printing diff
0.000200470020105
0.55553812636
printing diff
0.000199952909538
0.555537300457
printing diff
0.000199904581448
0.555536458441
printing diff
0.000199387470881
0.555535628356
printing diff
0.000199389350307
0.555534795943
printing diff
0.000199218859544
0.555533956574
printing diff
0.000198683760188
0.555533128316
printing diff
0.000198270823504
0.555532305435
printing diff
0.000197962060705
0.55553148114
printing diff
0.000197444950138
0.555530667512
printing diff
0.000197438774882
0.555529836697
printing diff
0.000196945828361
0.555529024799
printing diff
0.000196627131454
0.555528212984
printing diff
0.000196638944987
0.555527398238
printing diff
0.000196242117667
0.555526601404
printing diff
0.000196001551173
0.555525794282
printing diff
0.000195544582229
0.555524991392
printing diff
0.000195183732488
0.555524176601
printing diff
0.000194676556029
0.555523380983
printing diff
0.000194347925014
0.555522586359
printing diff
0.000193822759766
0.55552179433
printing diff
0.000193806650402
0.555521025975
printing diff
0.000193698180688
0.555520250699
printing diff
0.000193649852598
0.555519463648
printing diff
0.000193235036489
0.555518683671
printing diff
0.000192988294739
0.555517905675
printing diff
0.000192609456208
0.555517128057
printing diff
0.000192350900925
0.555516343372
printing diff
0.000191851779147
0.555515577413
printing diff
0.000191412798993
0.555514803933
printing diff
0.000191250362912
0.555514040323
printing diff
0.000190931666005
0.555513261145
printing diff
0.000190715263556
0.555512515987
printing diff
0.000190588805052
0.555511754461
printing diff
0.000190245944101
0.555510995011
printing diff
0.000189891269615
0.55551024121
printing diff
0.000189885094359
0.555509490801
printing diff
0.00018980078869
0.555508736403
printing diff
0.000189283678124
0.555507986115
printing diff
0.00018902512284
0.555507244715
printing diff
0.000188724414722
0.555506497656
printing diff
0.000188666152525
0.555505747782
printing diff
0.000188399542559
0.555504994486
printing diff
0.000187742280531
0.55550425867
printing diff
0.000187702007122
0.555503505222
printing diff
0.000187401299004
0.555502781872
printing diff
0.000187282895183
0.555502044282
printing diff
0.000186860024392
0.555501303675
printing diff
0.000186377011978
0.555500576319
printing diff
0.000186240619367
0.55549984835
printing diff
0.00018574149759
0.555499118333
printing diff
0.000185422800683
0.555498386621
printing diff
0.000185060071516
0.555497676674
printing diff
0.000184923678905
0.55549696592
printing diff
0.000184917503649
0.555496262081
printing diff
0.000184913207819
0.555495553853
printing diff
0.000184568467441
0.555494827567
printing diff
0.000184111498498
0.555494120706
printing diff
0.000183967051205
0.555493408936
printing diff
0.000183786626335
0.555492701204
printing diff
0.000183287504557
0.55549200038
printing diff
0.000182830535614
0.555491296507
printing diff
0.000182772273416
0.555490603219
printing diff
0.000182505663451
0.555489906801
printing diff
0.000182186966544
0.555489204304
printing diff
0.000181904247215
0.555488513998
printing diff
0.000181767854605
0.555487815994
printing diff
0.000181146570154
0.555487118726
printing diff
0.000180966145284
0.555486431838
printing diff
0.000180683425955
0.555485745688
printing diff
0.000180467023506
0.555485060153
printing diff
0.000180244445801
0.555484382538
printing diff
0.000179659138928
0.555483701224
printing diff
0.000179426627116
0.555483031939
printing diff
0.000179402463071
0.555482355123
printing diff
0.000178963482917
0.555481683522
printing diff
0.000178999460495
0.555481010675
printing diff
0.000178740905212
0.555480338907
printing diff
0.00017859645792
0.555479672976
printing diff
0.0001781996306
0.555479006584
printing diff
0.000178123379613
0.555478350333
printing diff
0.000178151302509
0.555477679664
printing diff
0.000177988866428
0.555477020481
printing diff
0.000177419668919
0.555476354931
printing diff
0.000177231189367
0.555475685378
printing diff
0.000176617959598
0.555475030594
printing diff
0.000176593795553
0.55547438557
printing diff
0.000176154815399
0.555473743156
printing diff
0.000175932237694
0.555473080338
printing diff
0.000175613540787
0.555472436339
printing diff
0.000175553399163
0.555471783195
printing diff
0.000175252691045
0.555471144939
printing diff
0.000175090254964
0.555470495762
printing diff
0.000174573144397
0.555469854196
printing diff
0.000174236458701
max epoch reached. break the loop:
I tensorflow/stream_executor/dso_loader.cc:108] successfully opened CUDA library libcublas.so locally
I tensorflow/stream_executor/dso_loader.cc:108] successfully opened CUDA library libcudnn.so locally
I tensorflow/stream_executor/dso_loader.cc:108] successfully opened CUDA library libcufft.so locally
I tensorflow/stream_executor/dso_loader.cc:108] successfully opened CUDA library libcuda.so locally
I tensorflow/stream_executor/dso_loader.cc:108] successfully opened CUDA library libcurand.so locally
