I tensorflow/stream_executor/dso_loader.cc:108] successfully opened CUDA library libcublas.so locally
I tensorflow/stream_executor/dso_loader.cc:108] successfully opened CUDA library libcudnn.so locally
I tensorflow/stream_executor/dso_loader.cc:108] successfully opened CUDA library libcufft.so locally
I tensorflow/stream_executor/dso_loader.cc:108] successfully opened CUDA library libcuda.so locally
I tensorflow/stream_executor/dso_loader.cc:108] successfully opened CUDA library libcurand.so locally
I tensorflow/stream_executor/cuda/cuda_gpu_executor.cc:924] successful NUMA node read from SysFS had negative value (-1), but there must be at least one NUMA node, so returning NUMA node zero
I tensorflow/core/common_runtime/gpu/gpu_init.cc:102] Found device 0 with properties: 
name: GeForce GTX 660
major: 3 minor: 0 memoryClockRate (GHz) 1.0975
pciBusID 0000:01:00.0
Total memory: 2.00GiB
Free memory: 1.63GiB
I tensorflow/core/common_runtime/gpu/gpu_init.cc:126] DMA: 0 
I tensorflow/core/common_runtime/gpu/gpu_init.cc:136] 0:   Y 
I tensorflow/core/common_runtime/gpu/gpu_device.cc:806] Creating TensorFlow device (/gpu:0) -> (device: 0, name: GeForce GTX 660, pci bus id: 0000:01:00.0)
500
Tensor("BasicRNNCell_4/Tanh:0", shape=(1, 3), dtype=float32)
0.705005746349
printing diff
-1.33248249491
0.696789176876
printing diff
0.022658184264
0.695214469308
printing diff
0.00280111192613
0.694377348554
printing diff
-0.000261098332936
0.693843896085
printing diff
-0.000520719082394
0.693481150646
printing diff
-0.00035081145462
0.693224455523
printing diff
-0.000167902628979
0.693037591679
printing diff
-3.65847938499e-05
0.692898507187
printing diff
4.43360832367e-05
0.692793243519
printing diff
8.19892101502e-05
0.692712499815
printing diff
9.23089449935e-05
0.692649719488
printing diff
8.84811182941e-05
0.692600136108
printing diff
8.19117763314e-05
0.692560121324
printing diff
7.91924915863e-05
0.692526934964
printing diff
7.79538488805e-05
0.692498509964
printing diff
7.90351621798e-05
0.692473352851
printing diff
7.75203537732e-05
0.692450426025
printing diff
7.38159885096e-05
0.692429030344
printing diff
6.4884467477e-05
0.692408618103
printing diff
5.55037109365e-05
0.692388825258
printing diff
4.26188129955e-05
0.692369334316
printing diff
2.94186594489e-05
0.692349908051
printing diff
1.44147753567e-05
0.692330308119
printing diff
-3.22193317626e-06
0.69231037734
printing diff
-2.1472368133e-05
0.692289990761
printing diff
-4.22372388302e-05
0.692269028725
printing diff
-6.42447059832e-05
0.692247464973
printing diff
-8.86216629133e-05
0.692225351426
printing diff
-0.000113468370092
0.692202762459
printing diff
-0.000137686132639
0.692179909114
printing diff
-0.000159458687368
0.692157031523
printing diff
-0.000176039744677
0.692134387875
printing diff
-0.000187934489364
0.692112227032
printing diff
-0.000190603718143
0.692090732657
printing diff
-0.000185727177931
0.692070001804
printing diff
-0.000171638997237
0.692049990533
printing diff
-0.000149808031447
0.692030520329
printing diff
-0.000119346178816
0.692011311445
printing diff
-8.13016306622e-05
0.691991943293
printing diff
-3.48831894103e-05
0.691971904271
printing diff
2.16265643792e-05
0.691950572522
printing diff
8.97489292302e-05
0.691927247188
printing diff
0.000174741422727
0.691901142666
printing diff
0.000279959361156
0.691871406737
printing diff
0.000413402747153
0.691837091619
printing diff
0.000583593329142
0.691797134053
printing diff
0.000805137602051
0.6917503503
printing diff
0.00109623989862
0.691695376914
printing diff
0.00148004353121
0.691630602405
printing diff
0.00198800766722
0.691554079292
printing diff
0.00265485466049
0.691463613838
printing diff
0.0035100168221
0.691357083553
printing diff
0.00455948975268
0.691233864714
printing diff
0.00574194750887
0.691097790145
printing diff
0.00689106627609
0.690961656567
printing diff
0.00772169467355
0.690847973874
printing diff
0.00789916105056
0.690777920214
printing diff
0.00723056523164
0.690752055603
printing diff
0.00589500783531
0.69074864859
printing diff
0.00436136391345
0.690746585105
printing diff
0.00299511303442
0.690738726468
printing diff
0.00190323949308
0.690725663577
printing diff
0.00106693679311
0.690707709151
printing diff
0.000461518615298
0.69068328639
printing diff
6.85617532837e-05
0.690650816032
printing diff
-0.000150410120418
0.690609743583
printing diff
-0.000249846259106
0.690559885678
printing diff
-0.000280394199047
0.690500902219
printing diff
-0.000273249250777
0.690432282428
printing diff
-0.00024925013806
0.690353533503
printing diff
-0.000225470495761
0.69026461225
printing diff
-0.000217927636133
0.690166333739
printing diff
-0.000245042154577
0.690060892824
printing diff
-0.000336408092919
0.689951666753
printing diff
-0.000512132208995
0.689843139079
printing diff
-0.000793457255047
0.689740335464
printing diff
-0.00119149140333
0.689648090898
printing diff
-0.00171684390762
0.689568014631
printing diff
-0.00238348336632
0.689493044968
printing diff
-0.00314239066593
0.689407931848
printing diff
-0.00389344813081
0.689298375229
printing diff
-0.004577096174
0.68916052371
printing diff
-0.00528823396888
0.688995496054
printing diff
-0.00618064590032
0.688781235707
printing diff
-0.00715591873186
0.688456108409
printing diff
-0.00797015771699
0.687936769111
printing diff
-0.00848067992918
0.687081413961
printing diff
-0.00854301251219
0.685686946661
printing diff
-0.00756697906869
0.683872551584
printing diff
-0.00428504527585
0.681987803481
printing diff
-0.000762600848015
0.680104304389
printing diff
0.00105390336845
0.678186672575
printing diff
0.00167165150183
0.67622285063
printing diff
0.00179716836526
0.67420552863
printing diff
0.0017916487066
0.67211568557
printing diff
0.00179316467129
0.669921499356
printing diff
0.0018374634177
0.667584940772
printing diff
0.00191102192757
0.665071445763
printing diff
0.00199738633498
0.662358132001
printing diff
0.00207289490145
0.659432081615
printing diff
0.00259961760387
0.656281805904
printing diff
0.00247328082223
0.652943977053
printing diff
0.00237704945894
0.649459025402
printing diff
0.00219415197235
0.645883851621
printing diff
0.0018917307239
0.642291091839
printing diff
0.00147567668904
0.638760796924
printing diff
0.000857476168341
0.635367492188
printing diff
0.000391087913245
0.632165428004
printing diff
0.000232240210785
0.629152132177
printing diff
-0.00012627214156
0.626294818815
printing diff
-0.000247005620349
0.623568705552
printing diff
-0.00131173607181
0.620931800525
printing diff
-0.0014319289126
0.61835605156
printing diff
-0.00178203986345
0.615817333463
printing diff
-0.00192759887261
0.613258576382
printing diff
-0.00139905994429
0.610705420645
printing diff
-0.000815189386414
0.608164357266
printing diff
-0.000177729329344
0.605670758692
printing diff
0.000575541815859
0.603303864561
printing diff
0.00133324000467
0.60111787587
printing diff
0.00230240566337
0.599055692246
printing diff
0.00241548989495
0.597033881378
printing diff
0.00611239417138
0.59501693802
printing diff
0.00490489299963
0.592924691187
printing diff
0.00353790541763
0.5907848175
printing diff
0.00273171804836
0.58886348057
printing diff
0.0017061697853
0.58712023733
printing diff
0.00145420518812
0.585576403075
printing diff
0.000733867208374
0.584351342619
printing diff
0.000548754777941
0.583460263281
printing diff
0.000976944249007
0.582791046161
printing diff
0.00171427818036
0.582477581679
printing diff
0.00190268787503
0.582372221818
printing diff
0.00175141777904
0.582217948201
printing diff
0.00157312156681
0.581999115676
printing diff
0.00215909937082
0.581679235631
printing diff
0.00152816373542
0.581345741298
printing diff
0.00164656217055
0.580900976411
printing diff
0.00181576471137
0.580445690102
printing diff
0.00174416082495
0.579969776864
printing diff
0.00159029273995
0.579563221742
printing diff
0.00137460341348
0.579263849733
printing diff
0.00136379843976
0.578963800968
printing diff
0.00119786703719
0.578660482051
printing diff
0.000299480340405
0.578205129738
printing diff
-6.76450835954e-05
0.577816910093
printing diff
-0.000211600713124
0.577554712768
printing diff
-0.000376110954749
0.577427526017
printing diff
-0.000505682080984
0.577348530573
printing diff
-0.000470102839265
0.57726049336
printing diff
-0.000382879893476
0.57717895875
printing diff
-0.000474849338171
0.577048005594
printing diff
-0.000420885862263
0.576831092023
printing diff
0.000206283792546
0.576620502358
printing diff
0.000424891027234
0.576437444329
printing diff
-0.000846653262874
0.576695001943
printing diff
-0.000623657974241
0.576737001072
printing diff
9.75906454931e-05
0.576395573753
printing diff
0.000902554322179
0.576007617183
printing diff
1.06495349331e-05
0.575997250236
printing diff
-0.000360296477327
0.575987087858
printing diff
-0.000171548948018
0.575931434338
printing diff
-2.75469306992e-05
0.575833553687
printing diff
0.000106823859091
0.575674523394
printing diff
0.000177815547201
0.575573282677
printing diff
0.00016513873633
0.575529937759
printing diff
9.78815981253e-05
0.575441085018
printing diff
8.17747996451e-05
0.575342125711
printing diff
0.000112220394345
0.575248395163
printing diff
0.000163426323187
0.575159800112
printing diff
0.000209339837239
0.575079095136
printing diff
0.00022312846543
0.575007384395
printing diff
0.000215507146829
0.574927745113
printing diff
0.000261975585183
0.574850200815
printing diff
0.000280529424404
0.57476739765
printing diff
0.000293284580018
0.574674621973
printing diff
0.000290067648476
0.574582278725
printing diff
0.000282540735561
0.574493024962
printing diff
0.000292445772511
0.564192148096
printing diff
-0.00252512152958
0.574399724449
printing diff
0.00293301700035
0.574318205079
printing diff
0.000139356014413
0.574230683773
printing diff
0.000339796419287
0.5741495697
printing diff
0.00050843064003
0.574063406174
printing diff
0.000724321179959
0.573979416166
printing diff
0.00100775169749
0.573837118617
printing diff
0.000696366687232
0.573760585808
printing diff
-2.8731549119e-05
0.57366573476
printing diff
-0.000296469716045
0.573561578869
printing diff
-0.000197488462578
0.573469291608
printing diff
-2.13908068882e-05
0.57334051934
printing diff
0.000584031636471
0.57310700433
printing diff
0.00171130622104
0.572734342707
printing diff
0.00283431520602
0.571931570756
printing diff
0.0035107977116
0.571123518112
printing diff
0.00320224664483
0.570915807043
printing diff
0.00260144533841
0.570853674522
printing diff
0.00243547655122
0.570812574506
printing diff
0.00272150155045
0.570682017931
printing diff
0.00370849114091
0.570426848405
printing diff
0.00551316248852
0.570015726451
printing diff
0.00496932008748
0.569652201216
printing diff
0.00332671608857
0.569346776013
printing diff
0.00369694792445
0.569090938949
printing diff
0.0035896063485
0.568867715858
printing diff
0.00334317865111
0.56855305786
printing diff
0.0037322660689
0.568103772716
printing diff
-0.000896207812255
0.5675055128
printing diff
-0.0111107556557
0.569384347907
printing diff
0.0150353763246
0.568997269406
printing diff
-0.00123661843936
0.568517996342
printing diff
-0.000709562199318
0.568078556673
printing diff
-0.00229655535022
0.567614578301
printing diff
-0.00202951267961
0.567163344437
printing diff
-0.00181007390266
0.566623015839
printing diff
-0.00172082876707
0.565805529294
printing diff
-0.00186786081325
0.564674675811
printing diff
-0.00154259878016
0.563566066547
printing diff
-0.00030085055428
0.562846885071
printing diff
0.00104969724236
0.562435708774
printing diff
0.00222286776359
0.562273747537
printing diff
0.00466329184243
0.562027360516
printing diff
0.00313436680034
0.56181106224
printing diff
0.00105205921396
0.561549786288
printing diff
0.000210997009783
0.561298778497
printing diff
-0.000538639981854
0.564990020485
printing diff
0.00557338321425
0.562592799738
printing diff
-0.0101225146049
0.563258637963
printing diff
0.00390736514747
0.563307546012
printing diff
0.00828772405272
0.561408052638
printing diff
0.00343352528662
0.559027305971
printing diff
0.00396296806582
0.560331905739
printing diff
-0.00445588506077
0.557981944528
printing diff
0.00784788517577
0.560144302171
printing diff
-0.0135209838812
0.561776653455
printing diff
0.00187933377605
0.561539119222
printing diff
0.00812343473561
0.562523252227
printing diff
-0.00384589648562
0.564392990038
printing diff
-0.004958063392
0.570223676449
printing diff
0.0159821224373
0.568419391668
printing diff
-0.0130582063882
0.572316553109
printing diff
0.0148897989629
0.57031594731
printing diff
0.00928915527769
0.566966495843
printing diff
-0.00233371221683
0.563308808902
printing diff
-0.00441192158583
0.565869736638
printing diff
0.00122749308667
0.562823374186
printing diff
-0.0127314289604
0.564665674124
printing diff
0.000349446655005
0.558544415791
printing diff
-0.0250386917172
0.559274734427
printing diff
0.00210516526071
0.559464835696
printing diff
0.00239784146912
0.559801457723
printing diff
0.00476161778691
0.559938831782
printing diff
0.00436000892652
0.560074209538
printing diff
0.00370912268543
0.560201482888
printing diff
0.0028292347015
0.56029273106
printing diff
0.00107952641692
0.560399021477
printing diff
-0.000785094506349
0.56046814186
printing diff
-0.000866506279018
0.56035181788
printing diff
-0.000111142451407
0.560135787799
printing diff
0.00065594942464
0.560018782852
printing diff
-0.000450072008697
0.559896255243
printing diff
-0.000482895263519
0.562851907379
printing diff
0.00601606973586
0.559545978927
printing diff
-0.00749988509435
0.563768230631
printing diff
0.0138854251141
0.56029944311
printing diff
-0.0164156422154
0.560164411424
printing diff
-0.00126050837054
0.559257188461
printing diff
0.00241590832513
0.563552337036
printing diff
0.0155001950575
0.560416102355
printing diff
-0.0123383751523
0.56028712271
printing diff
-0.00455730788069
0.558963975867
printing diff
0.00620097442074
0.56357241242
printing diff
0.0163527629222
0.560665227331
printing diff
-0.0125247183634
0.559995305794
printing diff
-0.000881255710397
0.559108674788
printing diff
0.00408814505246
0.563565096741
printing diff
0.0184796748768
0.560299388039
printing diff
-0.0142567467868
0.560332846401
printing diff
-0.000175223816349
0.558991685316
printing diff
0.00881628132541
0.559808834603
printing diff
0.00294387816115
0.561568463557
printing diff
0.00117709268309
0.55963679698
printing diff
0.00977754670642
0.560866353085
printing diff
0.00301009713403
0.561385742083
printing diff
0.00406842135553
0.561538427407
printing diff
0.00440683999963
0.561933266503
printing diff
0.00509211351251
0.562209758232
printing diff
0.0044109199723
0.562972372298
printing diff
0.00478762587024
0.562758485253
printing diff
0.00101631690045
0.566778101429
printing diff
0.0149015944558
0.56310425508
printing diff
-0.0118336361385
0.562934512834
printing diff
-0.00041067202952
0.567419864291
printing diff
0.00454173022671
0.56239426264
printing diff
-0.00389770329703
0.567935714966
printing diff
0.0145681966772
0.562387703025
printing diff
-0.0159705259228
0.563395288669
printing diff
0.00555314450176
0.563159458756
printing diff
0.000231380826177
0.570093562883
printing diff
-0.0250807320705
0.560270223714
printing diff
0.0180761000615
0.561166194465
printing diff
0.00747975543636
0.564704749226
printing diff
0.0121625267874
0.562669720085
printing diff
-0.0125554132034
0.5657007066
printing diff
0.00867433962441
0.560072327611
printing diff
-0.0110157626024
0.564031916511
printing diff
0.00592921048086
0.564043955434
printing diff
0.00950996053448
0.564583905464
printing diff
-0.00102524024356
0.564868942035
printing diff
0.00140005362935
0.562956722302
printing diff
-0.0146007207508
0.562725056026
printing diff
0.00251037641038
0.563892442411
printing diff
0.00579922624837
0.562326032196
printing diff
0.00548557557797
0.563309968369
printing diff
-0.000695821745799
0.563415075015
printing diff
0.000298182997568
0.561425666198
printing diff
0.00111619772644
0.563199130545
printing diff
-0.0012221978581
0.560993332446
printing diff
0.0037380812284
0.561010542017
printing diff
-0.000653324220959
0.559224248601
printing diff
0.00121536567453
0.558983469063
printing diff
-0.00791854055328
0.559884512792
printing diff
0.00916112818055
0.558836262282
printing diff
-0.011538478399
0.559244767454
printing diff
0.010888944327
0.56274681711
printing diff
-0.00917042137761
0.557486148468
printing diff
0.0076107701595
0.563502212716
printing diff
-0.00587207467636
0.558268386779
printing diff
0.00489884571292
0.55937867565
printing diff
-0.000157212890692
0.557396988905
printing diff
-0.000518721999549
0.561901122913
printing diff
-0.0018678342793
0.559995426863
printing diff
-0.00264047768937
0.557521602572
printing diff
0.00291529322656
0.560992832533
printing diff
-0.000521198142954
0.5586726245
printing diff
0.00118648997031
0.560366561863
printing diff
-0.00295469096165
0.559514819963
printing diff
-0.00494038716171
0.55836536488
printing diff
0.00792754010661
0.56071837308
printing diff
-0.00274343976695
0.559287027851
printing diff
-0.00410958875154
0.560842231707
printing diff
0.0052066487129
0.558909408859
printing diff
-0.00507908281975
0.559642346798
printing diff
0.004849819069
0.558871684288
printing diff
-0.00455279650606
0.558347889444
printing diff
0.00610376735135
0.558748389231
printing diff
-0.0064694821489
0.558566868516
printing diff
0.00663773549542
0.558713106121
printing diff
-0.00517269377381
0.560619824278
printing diff
0.00535010102436
0.560172629253
printing diff
-0.000459445327187
0.559961413648
printing diff
0.00024766810454
0.559834361956
printing diff
0.000337514290248
0.559702001111
printing diff
0.00295371291267
0.557108735216
printing diff
0.00435841284041
0.557171774184
printing diff
0.00107608365713
0.560740096746
printing diff
-0.00537034047643
0.559466586971
printing diff
0.00558436866232
0.559566964822
printing diff
0.000925008523148
0.557749773986
printing diff
-0.0103268834966
0.556726231897
printing diff
0.00846417260546
0.557469765113
printing diff
-0.00899946991236
0.557844269319
printing diff
0.0081854153597
0.5577340397
printing diff
-0.0082369037873
0.556541399498
printing diff
0.00927288683763
0.557140955955
printing diff
-0.00922425715072
0.557832663807
printing diff
0.0087089098874
0.55747662986
printing diff
-0.0101745831836
0.556295333151
printing diff
0.0101518116088
0.556964772363
printing diff
-0.0139450785999
0.557895365833
printing diff
0.0133558318164
0.557174913428
printing diff
-0.0130102224861
0.557078411761
printing diff
0.0123859910223
0.559284416321
printing diff
-0.0052482142904
0.556899169553
printing diff
0.00595502587133
0.556094921509
printing diff
0.00019096791947
0.559652709288
printing diff
-0.00762269840237
0.556628088876
printing diff
0.00748964821167
0.556239239678
printing diff
0.000391466100729
0.559606020812
printing diff
-0.00533985160029
0.556434249995
printing diff
0.00552295048567
0.557100681313
printing diff
-0.00100239025527
0.557912014199
printing diff
-0.00677040479209
0.556992319369
printing diff
0.00723852489659
0.557936433998
printing diff
-0.00833259551676
0.557316814753
printing diff
0.00797168855487
0.558281393877
printing diff
-0.00872971488161
0.55757783359
printing diff
0.00960066125032
0.560782323276
printing diff
-0.00513302259647
0.560136497052
printing diff
-0.00123021192149
0.559775779668
printing diff
0.00126082888829
0.557000152783
printing diff
0.00575611616097
0.557957106272
printing diff
-0.00338745433942
0.559161292884
printing diff
-0.0191521255809
0.559294528923
printing diff
0.022031959106
0.556998305678
printing diff
-0.0313883870179
0.556396269386
printing diff
0.0277993830159
0.556868199895
printing diff
-0.00958180718925
0.558940787627
printing diff
0.00988807566598
0.556908572445
printing diff
-0.0278016873711
0.5579488338
printing diff
0.0293296108769
0.55802794999
printing diff
-0.00279134568538
0.556323327728
printing diff
-0.023185228111
0.557396324649
printing diff
0.0245983602423
0.557169907746
printing diff
-0.0225645440682
0.560203828041
printing diff
0.0167183971947
0.55875386573
printing diff
0.00195114466406
0.553194569682
printing diff
-0.0374813104481
0.556046798835
printing diff
0.0150543649719
0.560093522127
printing diff
0.00615783815082
0.559082547934
printing diff
0.0167816215922
0.553173397588
printing diff
-0.0397237866347
0.555329424788
printing diff
0.0166635783692
0.555524308123
printing diff
0.00163521157614
0.555502482167
printing diff
0.000660128008518
0.555442269694
printing diff
0.000305357751365
0.555365898865
printing diff
-0.000855928742955
0.555228082265
printing diff
-0.00113634687664
0.555041544086
printing diff
-0.00176963010641
0.554789917266
printing diff
-0.00285303541774
0.554419932513
printing diff
-0.00478712536566
0.55408390736
printing diff
-0.00468913721648
0.554003516034
printing diff
-0.000743656019996
0.553980717823
printing diff
0.000285240473314
0.553980737592
printing diff
0.000344261359505
0.553988083104
printing diff
0.00029787257808
0.553987935136
printing diff
0.000156647298434
0.553975716946
printing diff
8.18961658964e-05
0.553943984629
printing diff
0.000267477521034
0.553891516967
printing diff
0.00037283533036
0.553832320786
printing diff
0.000318561098101
0.553776933136
printing diff
0.00024775738533
0.553735934439
printing diff
0.000263719486122
0.553091386165
printing diff
-0.00729959348866
0.552860628636
printing diff
0.00128031695274
0.553064245186
printing diff
0.00734999792555
0.551841936021
printing diff
-0.00540322603457
0.552033208194
printing diff
0.0011361075215
0.556333825445
printing diff
0.0174286639063
0.555585218972
printing diff
0.0128682377953
0.556599986472
printing diff
0.00579573429809
0.557458945649
printing diff
0.0125555916927
0.549498044395
printing diff
-0.00776581663798
0.55531587141
printing diff
0.00441168821493
0.553484841597
printing diff
-0.00653235878748
0.556110065589
printing diff
-0.00385535728432
0.555983962558
printing diff
0.00641504263515
0.55872830659
printing diff
-0.0280929327111
0.553091904513
printing diff
0.0304982198273
0.55010823859
printing diff
-0.0107576153987
0.556030931977
printing diff
-0.00224092698018
0.553709524468
printing diff
0.0121776814155
0.549373936985
printing diff
-0.022435466883
0.553477577737
printing diff
0.0247532298616
0.548354133184
printing diff
-0.0444978247796
0.548370618184
printing diff
0.0384322617746
0.543221729726
printing diff
-0.0255945117477
0.554977922407
printing diff
0.0320047404418
0.552317980434
printing diff
-0.00236860054308
0.54778371799
printing diff
-0.00116087110784
0.550807553095
printing diff
-0.0953861713309
0.546591852824
printing diff
0.0603615270493
0.546883508383
printing diff
0.0209784052109
0.551343232476
printing diff
0.0182385912275
0.550999129039
printing diff
-0.0339686812058
0.547243413495
printing diff
-0.0473561049987
0.547177600186
printing diff
0.00313753832758
0.547219661641
printing diff
0.00893501532544
0.556236048211
printing diff
0.0643699889853
0.542334804978
printing diff
4.60835761485e-05
0.558250283447
printing diff
-0.015459045191
0.547379356483
printing diff
-0.0246625264421
0.549751325485
printing diff
-0.0800399358663
0.548653229318
printing diff
0.102351106019
0.547430420561
printing diff
-0.0735878171389
0.54825123379
printing diff
-0.0164252151811
0.548238705712
printing diff
-0.0124846785178
0.548272069291
printing diff
-0.0127646678698
0.548360439466
printing diff
-0.0195779188738
0.548326712893
printing diff
-0.0266552387958
0.547745000238
printing diff
0.145281290658
0.54941810507
printing diff
-0.135511801867
0.54837720739
printing diff
0.157185693477
0.542432737761
printing diff
7.40185996881e-05
0.553472911736
printing diff
0.0210026874121
0.549909860287
printing diff
0.00142290133188
0.549473569116
printing diff
-0.00685121841045
0.547929776018
printing diff
0.00345322662089
0.547589445769
printing diff
-0.0887282500217
0.548026222618
printing diff
0.0468017537201
0.545687481424
printing diff
-0.0882295553533
0.547852466653
printing diff
0.121662246074
0.546113028181
printing diff
-0.0765531371449
0.548598571272
printing diff
0.0681213902791
0.546986945626
printing diff
-0.0471152074032
0.548839487934
printing diff
-0.0276151465833
0.54868785698
printing diff
0.0904374744461
0.546769464794
printing diff
0.00364607981524
0.547273918767
printing diff
-0.060745788681
max epoch reached. break the loop:
I tensorflow/stream_executor/dso_loader.cc:108] successfully opened CUDA library libcublas.so locally
I tensorflow/stream_executor/dso_loader.cc:108] successfully opened CUDA library libcudnn.so locally
I tensorflow/stream_executor/dso_loader.cc:108] successfully opened CUDA library libcufft.so locally
I tensorflow/stream_executor/dso_loader.cc:108] successfully opened CUDA library libcuda.so locally
I tensorflow/stream_executor/dso_loader.cc:108] successfully opened CUDA library libcurand.so locally
