I tensorflow/stream_executor/dso_loader.cc:108] successfully opened CUDA library libcublas.so locally
I tensorflow/stream_executor/dso_loader.cc:108] successfully opened CUDA library libcudnn.so locally
I tensorflow/stream_executor/dso_loader.cc:108] successfully opened CUDA library libcufft.so locally
I tensorflow/stream_executor/dso_loader.cc:108] successfully opened CUDA library libcuda.so locally
I tensorflow/stream_executor/dso_loader.cc:108] successfully opened CUDA library libcurand.so locally
WARNING:tensorflow:<tensorflow.python.ops.rnn_cell.BasicLSTMCell object at 0x7fe35fd54860>: Using a concatenated state is slower and will soon be deprecated.  Use state_is_tuple=True.
I tensorflow/stream_executor/cuda/cuda_gpu_executor.cc:924] successful NUMA node read from SysFS had negative value (-1), but there must be at least one NUMA node, so returning NUMA node zero
I tensorflow/core/common_runtime/gpu/gpu_init.cc:102] Found device 0 with properties: 
name: GeForce GTX 660
major: 3 minor: 0 memoryClockRate (GHz) 1.0975
pciBusID 0000:01:00.0
Total memory: 2.00GiB
Free memory: 1.63GiB
I tensorflow/core/common_runtime/gpu/gpu_init.cc:126] DMA: 0 
I tensorflow/core/common_runtime/gpu/gpu_init.cc:136] 0:   Y 
I tensorflow/core/common_runtime/gpu/gpu_device.cc:806] Creating TensorFlow device (/gpu:0) -> (device: 0, name: GeForce GTX 660, pci bus id: 0000:01:00.0)
I tensorflow/core/common_runtime/gpu/pool_allocator.cc:244] PoolAllocator: After 2063 get requests, put_count=1999 evicted_count=1000 eviction_rate=0.50025 and unsatisfied allocation rate=0.564227
I tensorflow/core/common_runtime/gpu/pool_allocator.cc:256] Raising pool_size_limit_ from 100 to 110
500
[[ 0.6986683]]
printing diff
[[-1.35999036]]
[[ 0.69577777]]
printing diff
[[ 0.01716179]]
[[ 0.69464916]]
printing diff
[[-0.00747967]]
[[ 0.69445276]]
printing diff
[[-0.09596014]]
[[ 0.69822919]]
printing diff
[[ 0.0532425]]
[[ 0.69668186]]
printing diff
[[ 0.02167594]]
[[ 0.69583178]]
printing diff
[[ 0.01253152]]
[[ 0.69521838]]
printing diff
[[ 0.00672126]]
[[ 0.69488835]]
printing diff
[[ 0.00587529]]
[[ 0.6946032]]
printing diff
[[ 0.00640768]]
[[ 0.69474959]]
printing diff
[[-0.00070834]]
[[ 0.69384027]]
printing diff
[[ 0.00122726]]
[[ 0.6942274]]
printing diff
[[-0.00819832]]
[[ 0.69435644]]
printing diff
[[-0.06153297]]
[[ 0.69677269]]
printing diff
[[ 0.05192459]]
[[ 0.69531238]]
printing diff
[[ 0.00947058]]
[[ 0.6947915]]
printing diff
[[ 0.00556624]]
[[ 0.69442052]]
printing diff
[[ 0.00384361]]
[[ 0.6941269]]
printing diff
[[ 0.0028066]]
[[ 0.69389975]]
printing diff
[[ 0.00190705]]
[[ 0.69372314]]
printing diff
[[ 0.0004909]]
[[ 0.69356328]]
printing diff
[[-0.00841624]]
[[ 0.69489819]]
printing diff
[[-0.02991337]]
[[ 0.69497561]]
printing diff
[[ 0.03100467]]
[[ 0.69363809]]
printing diff
[[ 0.00648046]]
[[ 0.6957016]]
printing diff
[[-0.02942181]]
[[ 0.69437647]]
printing diff
[[ 0.02284497]]
[[ 0.69354182]]
printing diff
[[-0.04422826]]
[[ 0.6960187]]
printing diff
[[ 0.04739982]]
[[ 0.6939218]]
printing diff
[[ 0.00045073]]
[[ 0.69377303]]
printing diff
[[ 0.00020635]]
[[ 0.69370115]]
printing diff
[[-0.00025386]]
[[ 0.69364518]]
printing diff
[[-0.00047356]]
[[ 0.69358778]]
printing diff
[[-0.00044423]]
[[ 0.69352204]]
printing diff
[[-0.00023848]]
[[ 0.69344079]]
printing diff
[[ -6.31809235e-06]]
[[ 0.6933341]]
printing diff
[[  9.57250595e-05]]
[[ 0.69316745]]
printing diff
[[ 0.00050986]]
[[ 0.69274956]]
printing diff
[[ 0.0075199]]
[[ 0.69315857]]
printing diff
[[-0.01130551]]
[[ 0.69277292]]
printing diff
[[ 0.00652057]]
[[ 0.69216633]]
printing diff
[[ 0.00199503]]
[[ 0.69226462]]
printing diff
[[-0.04613167]]
[[ 0.69659489]]
printing diff
[[ 0.03028685]]
[[ 0.69477731]]
printing diff
[[ 0.00499856]]
[[ 0.69377828]]
printing diff
[[ 0.00602895]]
[[ 0.69271237]]
printing diff
[[-0.00054944]]
[[ 0.69106984]]
printing diff
[[-0.00606799]]
[[ 0.68983364]]
printing diff
[[-0.01109564]]
[[ 0.68986702]]
printing diff
[[-0.00808686]]
[[ 0.69138598]]
printing diff
[[-0.04316026]]
[[ 0.68439561]]
printing diff
[[ 0.09766829]]
[[ 0.6897406]]
printing diff
[[-0.04975444]]
[[ 0.68850422]]
printing diff
[[ 0.01062423]]
[[ 0.68607563]]
printing diff
[[ 0.02616775]]
[[ 0.68585646]]
printing diff
[[-0.06847209]]
[[ 0.68362027]]
printing diff
[[ 0.06805402]]
[[ 0.67826277]]
printing diff
[[-0.00047028]]
[[ 0.68215168]]
printing diff
[[ 0.13417304]]
[[ 0.6774922]]
printing diff
[[-0.27663541]]
[[ 0.68242913]]
printing diff
[[ 0.07398957]]
[[ 0.68071365]]
printing diff
[[-0.02551734]]
[[ 0.69013]]
printing diff
[[ 0.0608291]]
[[ 0.6805889]]
printing diff
[[-0.03154254]]
[[ 0.68050432]]
printing diff
[[-0.03390604]]
[[ 0.67987901]]
printing diff
[[ 0.14052641]]
[[ 0.67305815]]
printing diff
[[-0.05509233]]
[[ 0.68081146]]
printing diff
[[ 0.00210279]]
[[ 0.67528987]]
printing diff
[[-0.06114244]]
[[ 0.67673475]]
printing diff
[[ 0.04308039]]
[[ 0.67001551]]
printing diff
[[ 0.01864344]]
[[ 0.68512869]]
printing diff
[[-0.02468944]]
[[ 0.66558862]]
printing diff
[[-0.09342462]]
[[ 0.67248732]]
printing diff
[[ 0.16127402]]
[[ 0.67984891]]
printing diff
[[-0.04915708]]
[[ 0.69603461]]
printing diff
[[-0.04992694]]
[[ 0.69630891]]
printing diff
[[ 0.0276199]]
[[ 0.69432378]]
printing diff
[[ 0.01082581]]
[[ 0.69183177]]
printing diff
[[ 0.01413584]]
[[ 0.67873055]]
printing diff
[[-0.05827481]]
[[ 0.6759786]]
printing diff
[[ 0.05978012]]
[[ 0.67774284]]
printing diff
[[-0.01934117]]
[[ 0.66590416]]
printing diff
[[-0.0602926]]
[[ 0.66703099]]
printing diff
[[-0.01094157]]
[[ 0.66325301]]
printing diff
[[ 0.04569274]]
[[ 0.65375018]]
printing diff
[[ 0.00892866]]
[[ 0.64430881]]
printing diff
[[-0.14211291]]
[[ 0.65532881]]
printing diff
[[ 0.22306591]]
[[ 0.64799535]]
printing diff
[[-0.06453925]]
[[ 0.67381907]]
printing diff
[[-0.02668887]]
[[ 0.65304917]]
printing diff
[[ 0.01822835]]
[[ 0.65046763]]
printing diff
[[-0.00122285]]
[[ 0.63655704]]
printing diff
[[-0.02230841]]
[[ 0.65409172]]
printing diff
[[-0.02347267]]
[[ 0.66639841]]
printing diff
[[-0.05659032]]
[[ 0.65867627]]
printing diff
[[ 0.09910721]]
[[ 0.63112849]]
printing diff
[[ 0.09380847]]
[[ 0.63780302]]
printing diff
[[-0.14751542]]
[[ 0.63154328]]
printing diff
[[ 0.0542407]]
[[ 0.61824924]]
printing diff
[[ 0.00641859]]
[[ 0.6026929]]
printing diff
[[ 0.15199727]]
[[ 0.60294765]]
printing diff
[[-0.15412462]]
[[ 0.60827744]]
printing diff
[[ 0.10549027]]
[[ 0.62173748]]
printing diff
[[-0.07777244]]
[[ 0.60184979]]
printing diff
[[-0.04540491]]
[[ 0.612638]]
printing diff
[[ 0.10755241]]
[[ 0.61400348]]
printing diff
[[-0.14060789]]
[[ 0.57752073]]
printing diff
[[ 0.05536014]]
[[ 0.56649524]]
printing diff
[[ 0.05236608]]
[[ 0.56418359]]
printing diff
[[ 0.06859988]]
[[ 0.5935145]]
printing diff
[[-0.15219396]]
[[ 0.56058013]]
printing diff
[[ 0.16503286]]
[[ 0.57327032]]
printing diff
[[-0.21547592]]
[[ 0.58182716]]
printing diff
[[ 0.2705152]]
[[ 0.55990052]]
printing diff
[[-0.25210816]]
[[ 0.57376122]]
printing diff
[[ 0.00045538]]
[[ 0.54454064]]
printing diff
[[ 0.05948424]]
[[ 0.54224569]]
printing diff
[[-0.01510274]]
[[ 0.55237585]]
printing diff
[[ 0.06042647]]
[[ 0.53519398]]
printing diff
[[ 0.02394831]]
[[ 0.54641396]]
printing diff
[[ 0.02242994]]
[[ 0.54755545]]
printing diff
[[ 0.05308372]]
[[ 0.57546443]]
printing diff
[[-0.01664954]]
[[ 0.58971614]]
printing diff
[[ 0.22139841]]
[[ 0.58804041]]
printing diff
[[-0.18475419]]
[[ 0.50139707]]
printing diff
[[ 0.04615021]]
[[ 0.53149778]]
printing diff
[[ 0.03929412]]
[[ 0.51829243]]
printing diff
[[ 0.12903476]]
[[ 0.49342802]]
printing diff
[[-0.10052371]]
[[ 0.53140867]]
printing diff
[[-0.10643482]]
[[ 0.54236221]]
printing diff
[[ 0.57422411]]
[[ 0.52059442]]
printing diff
[[-0.40789115]]
[[ 0.54202276]]
printing diff
[[-0.03858954]]
[[ 0.46501115]]
printing diff
[[-0.11592275]]
[[ 0.46307388]]
printing diff
[[ 0.04603505]]
[[ 0.42884216]]
printing diff
[[ 0.05559427]]
[[ 0.44349521]]
printing diff
[[ 0.04823077]]
[[ 0.50610793]]
printing diff
[[ 0.37073249]]
[[ 0.46787378]]
printing diff
[[-0.34713942]]
[[ 0.4620513]]
printing diff
[[ 0.44527739]]
[[ 0.50248486]]
printing diff
[[-0.46369964]]
[[ 0.39276549]]
printing diff
[[ 0.05003637]]
[[ 0.43033338]]
printing diff
[[ 0.02964842]]
[[ 0.42411032]]
printing diff
[[ 0.47576201]]
[[ 0.49606794]]
printing diff
[[-0.69681907]]
[[ 0.57207227]]
printing diff
[[ 0.98098934]]
[[ 0.40917793]]
printing diff
[[-0.05769253]]
[[ 0.36300245]]
printing diff
[[-0.38727117]]
[[ 0.34732693]]
printing diff
[[ 0.36018312]]
[[ 0.47935107]]
printing diff
[[ 0.4762131]]
[[ 0.41688612]]
printing diff
[[-0.89251745]]
[[ 0.45335209]]
printing diff
[[ 0.34815681]]
[[ 0.47780797]]
printing diff
[[-0.75344098]]
[[ 0.4782027]]
printing diff
[[ 1.03873622]]
[[ 0.43023956]]
printing diff
[[-0.32876551]]
[[ 0.369017]]
printing diff
[[ 0.00915444]]
[[ 0.31818148]]
printing diff
[[ 0.37511683]]
[[ 0.46116519]]
printing diff
[[-0.44689989]]
[[ 0.35749412]]
printing diff
[[-0.27250338]]
[[ 0.38053775]]
printing diff
[[ 0.16496086]]
[[ 0.30292544]]
printing diff
[[-0.40730584]]
[[ 0.42317611]]
printing diff
[[ 1.10047162]]
[[ 0.36660117]]
printing diff
[[-0.61076832]]
[[ 0.37521932]]
printing diff
[[ 0.11151326]]
[[ 0.35304067]]
printing diff
[[-0.32974005]]
[[ 0.32895264]]
printing diff
[[ 0.32560861]]
[[ 0.26114789]]
printing diff
[[ 0.16562259]]
[[ 0.43633094]]
printing diff
[[ 0.25832832]]
[[ 0.29586408]]
printing diff
[[-0.45459843]]
[[ 0.43386692]]
printing diff
[[-0.25904381]]
[[ 0.47501943]]
printing diff
[[-0.00841737]]
[[ 0.31387934]]
printing diff
[[ 0.11121559]]
[[ 0.30706781]]
printing diff
[[-0.1760124]]
[[ 0.41008955]]
printing diff
[[ 0.49615288]]
[[ 0.31215477]]
printing diff
[[-0.09495223]]
[[ 0.18635467]]
printing diff
[[ 0.07715344]]
[[ 0.20943615]]
printing diff
[[-0.50042534]]
[[ 0.34214199]]
printing diff
[[ 0.60043919]]
[[ 0.14997952]]
printing diff
[[ 0.05590606]]
[[ 0.28460965]]
printing diff
[[-0.17527449]]
[[ 0.24506487]]
printing diff
[[ 0.27493942]]
[[ 0.45653075]]
printing diff
[[-0.0525161]]
[[ 0.53564405]]
printing diff
[[-0.02672589]]
[[ 0.4393833]]
printing diff
[[-0.66253293]]
[[ 0.28551149]]
printing diff
[[ 0.67348027]]
[[ 0.31057328]]
printing diff
[[ 0.00293481]]
[[ 0.41425449]]
printing diff
[[ 0.02703321]]
[[ 0.3222228]]
printing diff
[[-0.89758253]]
[[ 0.17848873]]
printing diff
[[ 0.99997222]]
[[ 0.299757]]
printing diff
[[-0.24223053]]
[[ 0.26305187]]
printing diff
[[ 0.69266665]]
[[ 0.16579846]]
printing diff
[[-0.11828685]]
[[ 0.25406116]]
printing diff
[[-0.52839613]]
[[ 0.21711293]]
printing diff
[[ 0.05503106]]
[[ 0.25468528]]
printing diff
[[-0.47494996]]
[[ 0.31672603]]
printing diff
[[ 0.2091918]]
[[ 0.24398819]]
printing diff
[[ 0.23132885]]
[[ 0.36714867]]
printing diff
[[-0.65995574]]
[[ 0.28535461]]
printing diff
[[-0.00895905]]
[[ 0.19615074]]
printing diff
[[ 1.55556083]]
[[ 0.21899191]]
printing diff
[[-0.55960393]]
[[ 0.32076874]]
printing diff
[[-0.67573667]]
[[ 0.19652674]]
printing diff
[[ 0.62030745]]
[[ 0.14497973]]
printing diff
[[ 0.27636337]]
[[ 0.10202783]]
printing diff
[[-0.09578133]]
[[ 0.22500217]]
printing diff
[[-0.44591188]]
[[ 0.13456632]]
printing diff
[[ 0.1248734]]
[[ 0.14799638]]
printing diff
[[-0.6271174]]
[[ 0.20118929]]
printing diff
[[-0.18522489]]
[[ 0.20839494]]
printing diff
[[ 0.46705914]]
[[ 0.11172297]]
printing diff
[[-0.01421058]]
[[ 0.17209066]]
printing diff
[[ 0.25580144]]
[[ 0.14659087]]
printing diff
[[ 0.43774366]]
[[ 0.11123253]]
printing diff
[[-0.79233348]]
[[ 0.09402761]]
printing diff
[[ 0.4224968]]
[[ 0.21223027]]
printing diff
[[-0.25591731]]
[[ 0.14984527]]
printing diff
[[ 0.24433804]]
[[ 0.27851501]]
printing diff
[[ 0.39179003]]
[[ 0.2332533]]
printing diff
[[-0.26235843]]
[[ 0.18632153]]
printing diff
[[ 0.37168074]]
[[ 0.20462987]]
printing diff
[[-0.90340209]]
[[ 0.18696123]]
printing diff
[[ 0.32674253]]
[[ 0.14922741]]
printing diff
[[-0.03782868]]
[[ 0.11411421]]
printing diff
[[ 0.09423459]]
[[ 0.15517864]]
printing diff
[[ 0.31611824]]
[[ 0.16249761]]
printing diff
[[-0.05936646]]
[[ 0.08374316]]
printing diff
[[ 0.27829003]]
[[ 0.06170104]]
printing diff
[[-0.13836432]]
[[ 0.15967171]]
printing diff
[[-0.02128792]]
[[ 0.12071366]]
printing diff
[[-0.25904489]]
[[ 0.08718279]]
printing diff
[[ 0.08953428]]
[[ 0.16316317]]
printing diff
[[ 0.01967978]]
[[ 0.25037214]]
printing diff
[[ 0.78492355]]
[[ 0.06764874]]
printing diff
[[-0.48518014]]
[[ 0.11317515]]
printing diff
[[ 0.0782702]]
[[ 0.05873596]]
printing diff
[[-0.54895711]]
[[ 0.08966179]]
printing diff
[[ 0.17882562]]
[[ 0.14128597]]
printing diff
[[ 0.68395853]]
[[ 0.10654362]]
printing diff
[[ 0.15389633]]
[[ 0.09698553]]
printing diff
[[-1.00874329]]
[[ 0.15037897]]
printing diff
[[-0.59794533]]
[[ 0.13539092]]
printing diff
[[ 0.44533217]]
[[ 0.24690968]]
printing diff
[[-0.57230496]]
[[ 0.08451663]]
printing diff
[[ 0.31160045]]
[[ 0.14282548]]
printing diff
[[ 0.0584054]]
[[ 0.058722]]
printing diff
[[ 0.20586121]]
[[ 0.01765357]]
printing diff
[[-0.0272032]]
[[ 0.06302708]]
printing diff
[[ 1.68439651]]
[[ 0.1536449]]
printing diff
[[ 1.25131059]]
[[ 0.05326485]]
printing diff
[[-2.61213827]]
[[ 0.01494481]]
printing diff
[[ 1.3283174]]
[[ 0.12158387]]
printing diff
[[ 0.02515745]]
[[ 0.12054849]]
printing diff
[[-1.0078671]]
[[ 0.17209142]]
printing diff
[[-0.54446936]]
[[ 0.1299869]]
printing diff
[[ 0.50081849]]
[[ 0.0974434]]
printing diff
[[-0.05240822]]
[[ 0.04198246]]
printing diff
[[ 0.02318311]]
[[ 0.16290107]]
printing diff
[[ 0.60741401]]
[[ nan]]
printing diff
[[ nan]]
I tensorflow/stream_executor/dso_loader.cc:108] successfully opened CUDA library libcublas.so locally
I tensorflow/stream_executor/dso_loader.cc:108] successfully opened CUDA library libcudnn.so locally
I tensorflow/stream_executor/dso_loader.cc:108] successfully opened CUDA library libcufft.so locally
I tensorflow/stream_executor/dso_loader.cc:108] successfully opened CUDA library libcuda.so locally
I tensorflow/stream_executor/dso_loader.cc:108] successfully opened CUDA library libcurand.so locally
Traceback (most recent call last):
  File "/home/yutaro/parity_experiment/results/2016-07-15/../../src/plot_table.py", line 31, in <module>
    plot_out = plt.plot(range(len(plot_list[i])), plot_list[i] ,'ro',alpha=0.3)
  File "/usr/local/lib/python3.4/dist-packages/matplotlib/pyplot.py", line 3154, in plot
    ret = ax.plot(*args, **kwargs)
  File "/usr/local/lib/python3.4/dist-packages/matplotlib/__init__.py", line 1812, in inner
    return func(ax, *args, **kwargs)
  File "/usr/local/lib/python3.4/dist-packages/matplotlib/axes/_axes.py", line 1424, in plot
    for line in self._get_lines(*args, **kwargs):
  File "/usr/local/lib/python3.4/dist-packages/matplotlib/axes/_base.py", line 386, in _grab_next_args
    for seg in self._plot_args(remaining, kwargs):
  File "/usr/local/lib/python3.4/dist-packages/matplotlib/axes/_base.py", line 364, in _plot_args
    x, y = self._xy_from_xy(x, y)
  File "/usr/local/lib/python3.4/dist-packages/matplotlib/axes/_base.py", line 225, in _xy_from_xy
    raise ValueError("x and y can be no greater than 2-D")
ValueError: x and y can be no greater than 2-D
